"# This file contains the data of final feasible population (if found)"
"# of objectives = 2, # of constraints = 12, # of real_var = 5, # of bits of bin_var = 0, constr_violation, rank, crowding_distance"
1.322305e+02	5.757767e+04	1.000000e+30	1.521561e+02	1.000000e+30	1.414202e-02	1.343810e+03	6.561903e+02	5.281701e+01	4.718299e+01	3.992565e+01	7.434882e-02	1.000000e+30	1.096034e-02	3.990104e-01	3.415720e+00	2.698875e+01	3.503765e+00	3.026244e-01	0.000000e+00	1	1.000000e+14
2.231734e+02	1.736909e+01	1.000000e+30	2.431523e+02	1.000000e+30	9.372737e-02	1.445393e+03	5.546068e+02	2.351697e+01	7.648303e+01	3.997890e+01	2.110426e-02	1.000000e+30	1.410013e-02	3.978481e-01	3.124300e+00	5.000000e+01	3.499895e+00	1.000000e+03	0.000000e+00	1	1.000000e+14
1.322678e+02	6.244497e+03	1.000000e+30	1.522660e+02	1.000000e+30	1.401641e-02	1.343731e+03	6.562688e+02	5.271652e+01	4.728348e+01	3.999818e+01	1.819501e-03	1.000000e+30	1.095845e-02	3.990104e-01	3.416447e+00	2.698879e+01	3.504002e+00	2.790367e+00	0.000000e+00	1	4.459078e-01
1.323408e+02	4.392784e+03	1.000000e+30	1.523351e+02	1.000000e+30	1.343637e-02	1.343579e+03	6.564208e+02	5.265802e+01	4.734198e+01	3.999431e+01	5.692728e-03	1.000000e+30	1.095480e-02	3.989884e-01	3.418640e+00	2.699008e+01	3.503713e+00	3.966620e+00	0.000000e+00	1	2.019952e-02
1.923853e+02	1.740186e+01	1.000000e+30	2.123600e+02	1.000000e+30	2.002538e-02	1.271366e+03	7.286344e+02	1.717933e+01	8.282067e+01	3.997477e+01	2.523043e-02	1.000000e+30	1.224030e-02	3.966026e-01	3.609725e+00	3.541210e+01	3.698649e+00	1.000000e+03	0.000000e+00	1	2.012645e-02
2.011287e+02	1.738392e+01	1.000000e+30	2.211163e+02	1.000000e+30	2.186991e-02	1.399223e+03	6.007775e+02	2.114910e+01	7.885090e+01	3.998758e+01	1.241885e-02	1.000000e+30	1.325852e-02	3.964684e-01	3.405396e+00	4.148738e+01	3.499730e+00	1.000000e+03	0.000000e+00	1	1.890304e-02
2.091468e+02	1.737664e+01	1.000000e+30	2.290089e+02	1.000000e+30	3.145870e-02	1.434272e+03	5.657283e+02	2.258592e+01	7.741408e+01	3.986206e+01	1.379434e-01	1.000000e+30	1.367135e-02	3.956248e-01	3.317242e+00	4.513944e+01	3.441020e+00	1.000000e+03	0.000000e+00	1	1.845021e-02
2.206255e+02	1.737022e+01	1.000000e+30	2.405812e+02	1.000000e+30	9.185412e-02	1.440874e+03	5.591258e+02	2.328094e+01	7.671906e+01	3.995575e+01	4.425166e-02	1.000000e+30	1.403596e-02	3.990342e-01	3.129399e+00	4.908367e+01	3.508328e+00	1.000000e+03	0.000000e+00	1	1.838156e-02
1.891467e+02	1.740246e+01	1.000000e+30	2.090901e+02	1.000000e+30	1.727661e-02	1.383561e+03	6.164388e+02	1.840834e+01	8.159166e+01	3.994342e+01	5.658331e-02	1.000000e+30	1.220593e-02	3.974319e-01	3.602238e+00	3.491023e+01	3.688617e+00	1.000000e+03	0.000000e+00	1	1.780552e-02
2.058964e+02	1.738014e+01	1.000000e+30	2.250926e+02	1.000000e+30	1.994723e-03	1.423653e+03	5.763466e+02	2.190861e+01	7.809139e+01	3.919625e+01	8.037489e-01	1.000000e+30	1.347312e-02	3.954642e-01	3.411487e+00	4.352843e+01	3.417255e+00	1.000000e+03	0.000000e+00	1	1.698728e-02
1.322678e+02	6.244497e+03	1.000000e+30	1.522660e+02	1.000000e+30	1.401641e-02	1.343731e+03	6.562688e+02	5.271652e+01	4.728348e+01	3.999818e+01	1.819501e-03	1.000000e+30	1.095845e-02	3.990104e-01	3.416447e+00	2.698879e+01	3.504002e+00	2.790367e+00	0.000000e+00	1	1.629025e-02
1.788596e+02	2.091085e+01	1.000000e+30	1.987972e+02	1.000000e+30	1.286596e-01	1.327253e+03	6.727473e+02	2.295989e+01	7.704011e+01	3.993759e+01	6.240811e-02	1.000000e+30	1.182025e-02	5.861989e-01	2.282241e+00	3.493546e+01	3.729856e+00	8.325467e+02	0.000000e+00	1	1.624752e-02
2.115180e+02	1.737549e+01	1.000000e+30	2.314218e+02	1.000000e+30	1.050421e-01	1.436019e+03	5.639814e+02	2.280429e+01	7.719571e+01	3.990382e+01	9.617695e-02	1.000000e+30	1.373696e-02	3.956620e-01	3.188589e+00	4.555890e+01	3.586772e+00	1.000000e+03	0.000000e+00	1	1.607700e-02
1.943003e+02	1.739716e+01	1.000000e+30	2.139685e+02	1.000000e+30	1.243154e-02	1.307085e+03	6.929151e+02	1.828449e+01	8.171551e+01	3.966817e+01	3.318264e-01	1.000000e+30	1.250712e-02	3.955119e-01	3.581066e+00	3.684461e+01	3.628943e+00	1.000000e+03	0.000000e+00	1	1.599103e-02
1.983546e+02	1.738598e+01	1.000000e+30	2.178146e+02	1.000000e+30	1.065308e-01	1.414138e+03	5.858620e+02	2.106082e+01	7.893918e+01	3.945995e+01	5.400506e-01	1.000000e+30	1.314163e-02	5.881286e-01	2.184890e+00	4.268186e+01	3.524925e+00	1.000000e+03	0.000000e+00	1	1.525165e-02
2.017928e+02	1.738379e+01	1.000000e+30	2.214496e+02	1.000000e+30	2.150434e-02	1.400075e+03	5.999248e+02	2.117526e+01	7.882474e+01	3.965672e+01	3.432788e-01	1.000000e+30	1.326574e-02	3.964684e-01	3.406573e+00	4.161305e+01	3.499473e+00	1.000000e+03	0.000000e+00	1	1.519021e-02
1.810751e+02	1.959875e+01	1.000000e+30	2.010352e+02	1.000000e+30	1.858440e-02	1.302081e+03	6.979195e+02	1.993369e+01	8.006631e+01	3.996012e+01	3.987621e-02	1.000000e+30	1.159791e-02	5.849133e-01	2.432678e+00	3.475075e+01	3.569202e+00	8.884837e+02	0.000000e+00	1	1.511407e-02
1.599482e+02	3.657880e+01	1.000000e+30	1.795323e+02	1.000000e+30	2.480512e-02	1.289326e+03	7.106739e+02	3.386317e+01	6.613683e+01	3.958411e+01	4.158945e-01	1.000000e+30	1.115613e-02	5.855257e-01	2.367349e+00	3.213305e+01	3.500031e+00	4.762582e+02	0.000000e+00	1	1.508592e-02
1.584008e+02	3.929763e+01	1.000000e+30	1.780924e+02	1.000000e+30	1.379921e-01	1.332021e+03	6.679787e+02	3.685396e+01	6.314604e+01	3.969150e+01	3.084960e-01	1.000000e+30	1.156616e-02	5.841834e-01	2.209332e+00	3.281581e+01	3.645161e+00	4.431243e+02	0.000000e+00	1	1.500068e-02
1.327037e+02	2.504595e+03	1.000000e+30	1.526903e+02	1.000000e+30	2.950752e-02	1.343967e+03	6.560329e+02	5.258275e+01	4.741725e+01	3.998652e+01	1.347995e-02	1.000000e+30	1.096412e-02	3.977307e-01	3.401340e+00	2.702762e+01	3.537437e+00	6.956949e+00	0.000000e+00	1	1.492895e-02
1.329028e+02	1.581074e+03	1.000000e+30	1.528906e+02	1.000000e+30	4.878815e-02	1.346490e+03	6.535099e+02	5.266864e+01	4.733136e+01	3.998778e+01	1.221590e-02	1.000000e+30	1.102512e-02	3.995307e-01	3.345736e+00	2.712757e+01	3.572185e+00	1.101989e+01	0.000000e+00	1	1.488964e-02
1.326555e+02	3.143207e+03	1.000000e+30	1.526357e+02	1.000000e+30	5.070500e-02	1.346877e+03	6.531229e+02	5.290976e+01	4.709024e+01	3.998017e+01	1.983380e-02	1.000000e+30	1.103453e-02	3.987559e-01	3.345850e+00	2.712656e+01	3.572478e+00	5.543096e+00	0.000000e+00	1	1.468405e-02
2.163796e+02	1.737303e+01	1.000000e+30	2.363455e+02	1.000000e+30	1.453238e-01	1.416954e+03	5.830462e+02	2.267795e+01	7.732205e+01	3.996588e+01	3.411992e-02	1.000000e+30	1.387655e-02	3.991907e-01	3.082077e+00	4.696760e+01	3.649613e+00	1.000000e+03	0.000000e+00	1	1.448533e-02
2.231159e+02	1.737003e+01	1.000000e+30	2.419917e+02	1.000000e+30	8.971136e-02	1.442768e+03	5.572316e+02	2.332489e+01	7.667511e+01	3.887577e+01	1.124229e+00	1.000000e+30	1.404684e-02	3.990342e-01	3.137046e+00	4.951673e+01	3.508328e+00	1.000000e+03	0.000000e+00	1	1.400844e-02
1.417926e+02	1.126294e+02	1.000000e+30	1.617342e+02	1.000000e+30	5.726166e-02	1.329019e+03	6.709806e+02	4.564556e+01	5.435444e+01	3.994164e+01	5.836143e-02	1.000000e+30	1.061615e-02	3.966845e-01	3.467698e+00	2.714782e+01	3.700706e+00	1.547595e+02	0.000000e+00	1	1.378369e-02
1.835574e+02	1.860790e+01	1.000000e+30	2.035334e+02	1.000000e+30	1.833570e-02	1.291180e+03	7.088198e+02	1.776021e+01	8.223979e+01	3.997597e+01	2.402602e-02	1.000000e+30	1.150555e-02	5.865711e-01	2.445473e+00	3.469767e+01	3.594518e+00	9.358820e+02	0.000000e+00	1	1.365602e-02
1.724637e+02	2.424324e+01	1.000000e+30	1.924291e+02	1.000000e+30	1.035584e-01	1.347406e+03	6.525936e+02	2.798832e+01	7.201168e+01	3.996539e+01	3.461115e-02	1.000000e+30	1.200259e-02	5.845301e-01	2.270999e+00	3.493196e+01	3.624962e+00	7.179753e+02	0.000000e+00	1	1.325120e-02
1.883575e+02	1.741747e+01	1.000000e+30	2.083529e+02	1.000000e+30	1.040078e-02	1.273458e+03	7.265421e+02	1.469744e+01	8.530256e+01	3.999539e+01	4.613465e-03	1.000000e+30	1.135412e-02	5.636614e-01	2.568890e+00	3.493827e+01	3.628862e+00	1.000000e+03	0.000000e+00	1	1.315514e-02
1.629467e+02	3.309066e+01	1.000000e+30	1.815875e+02	1.000000e+30	6.782046e-02	1.354830e+03	6.451702e+02	3.545675e+01	6.454325e+01	3.864085e+01	1.359155e+00	1.000000e+30	1.207565e-02	5.887291e-01	2.255654e+00	3.415344e+01	3.501673e+00	5.259719e+02	0.000000e+00	1	1.294395e-02
1.324616e+02	4.041771e+03	1.000000e+30	1.523785e+02	1.000000e+30	1.143585e-02	1.343436e+03	6.565644e+02	5.263074e+01	4.736926e+01	3.991685e+01	8.315276e-02	1.000000e+30	1.095136e-02	3.989680e-01	3.423604e+00	2.700088e+01	3.500605e+00	4.311121e+00	0.000000e+00	1	1.258494e-02
1.778584e+02	2.192403e+01	1.000000e+30	1.971325e+02	1.000000e+30	4.144318e-02	1.316519e+03	6.834812e+02	2.399109e+01	7.600891e+01	3.927408e+01	7.259200e-01	1.000000e+30	1.172191e-02	5.701441e-01	2.433697e+00	3.488135e+01	3.581646e+00	7.941509e+02	0.000000e+00	1	1.240612e-02
1.965493e+02	1.738834e+01	1.000000e+30	2.159088e+02	1.000000e+30	4.130903e-02	1.399275e+03	6.007252e+02	2.057767e+01	7.942233e+01	3.935943e+01	6.405696e-01	1.000000e+30	1.300753e-02	5.898354e-01	2.259769e+00	4.200706e+01	3.421425e+00	1.000000e+03	0.000000e+00	1	1.236510e-02
1.532271e+02	5.408900e+01	1.000000e+30	1.725617e+02	1.000000e+30	1.803189e-02	1.378603e+03	6.213974e+02	4.318092e+01	5.681908e+01	3.933461e+01	6.653926e-01	1.000000e+30	1.186528e-02	3.988177e-01	3.379365e+00	3.183642e+01	3.480603e+00	3.218485e+02	0.000000e+00	1	1.231121e-02
1.554603e+02	4.272057e+01	1.000000e+30	1.753352e+02	1.000000e+30	5.568044e-02	1.323834e+03	6.761660e+02	3.784439e+01	6.215561e+01	3.987498e+01	1.250247e-01	1.000000e+30	1.148495e-02	5.879703e-01	2.277614e+00	3.243034e+01	3.488872e+00	4.076529e+02	0.000000e+00	1	1.229389e-02
1.808099e+02	1.959977e+01	1.000000e+30	2.007990e+02	1.000000e+30	1.507701e-02	1.295910e+03	7.040904e+02	1.971057e+01	8.028943e+01	3.998910e+01	1.089797e-02	1.000000e+30	1.154662e-02	5.875995e-01	2.432678e+00	3.454123e+01	3.569202e+00	8.884837e+02	0.000000e+00	1	1.219192e-02
1.396450e+02	1.382991e+02	1.000000e+30	1.595804e+02	1.000000e+30	7.861191e-03	1.332480e+03	6.675204e+02	4.703447e+01	5.296553e+01	3.993537e+01	6.462979e-02	1.000000e+30	1.069472e-02	3.975668e-01	3.522037e+00	2.721229e+01	3.571980e+00	1.260245e+02	0.000000e+00	1	1.203016e-02
1.532271e+02	5.408900e+01	1.000000e+30	1.725617e+02	1.000000e+30	1.803189e-02	1.378603e+03	6.213974e+02	4.318092e+01	5.681908e+01	3.933461e+01	6.653926e-01	1.000000e+30	1.186528e-02	3.988177e-01	3.379365e+00	3.183642e+01	3.480603e+00	3.218485e+02	0.000000e+00	1	1.200864e-02
1.510609e+02	5.792418e+01	1.000000e+30	1.710245e+02	1.000000e+30	1.643977e-02	1.379147e+03	6.208531e+02	4.403948e+01	5.596052e+01	3.996362e+01	3.637709e-02	1.000000e+30	1.188063e-02	3.983962e-01	3.372275e+00	3.164352e+01	3.463232e+00	3.005341e+02	0.000000e+00	1	1.196396e-02
1.641583e+02	3.009524e+01	1.000000e+30	1.838610e+02	1.000000e+30	1.968197e-02	1.358682e+03	6.413178e+02	3.363173e+01	6.636827e+01	3.970270e+01	2.973025e-01	1.000000e+30	1.210817e-02	5.893330e-01	2.305307e+00	3.454404e+01	3.409203e+00	5.783036e+02	0.000000e+00	1	1.192489e-02
1.663246e+02	2.839737e+01	1.000000e+30	1.863223e+02	1.000000e+30	1.006644e-01	1.360529e+03	6.394707e+02	3.241076e+01	6.758924e+01	3.999776e+01	2.243531e-03	1.000000e+30	1.212701e-02	5.881321e-01	2.229058e+00	3.463748e+01	3.569986e+00	6.128685e+02	0.000000e+00	1	1.191983e-02
1.681701e+02	2.728224e+01	1.000000e+30	1.878521e+02	1.000000e+30	1.180028e-01	1.350309e+03	6.496909e+02	3.109745e+01	6.890255e+01	3.968201e+01	3.179935e-01	1.000000e+30	1.203283e-02	5.881321e-01	2.229058e+00	3.447687e+01	3.626414e+00	6.379796e+02	0.000000e+00	1	1.184908e-02
2.081621e+02	1.737815e+01	1.000000e+30	2.274555e+02	1.000000e+30	2.257104e-02	1.431978e+03	5.680221e+02	2.229728e+01	7.770272e+01	3.929335e+01	7.066530e-01	1.000000e+30	1.358614e-02	3.956840e-01	3.351391e+00	4.446248e+01	3.441020e+00	1.000000e+03	0.000000e+00	1	1.180004e-02
1.421115e+02	1.126279e+02	1.000000e+30	1.618162e+02	1.000000e+30	5.729771e-02	1.329603e+03	6.703972e+02	4.569719e+01	5.430281e+01	3.970463e+01	2.953662e-01	1.000000e+30	1.062932e-02	3.966845e-01	3.467397e+00	2.721248e+01	3.700539e+00	1.547595e+02	0.000000e+00	1	1.171831e-02
2.038916e+02	1.738072e+01	1.000000e+30	2.238724e+02	1.000000e+30	1.916690e-03	1.419903e+03	5.800965e+02	2.179253e+01	7.820747e+01	3.998083e+01	1.916967e-02	1.000000e+30	1.343996e-02	3.956816e-01	3.411487e+00	4.305858e+01	3.419027e+00	1.000000e+03	0.000000e+00	1	1.164477e-02
2.120710e+02	1.737498e+01	1.000000e+30	2.320459e+02	1.000000e+30	1.011216e-01	1.436776e+03	5.632238e+02	2.289983e+01	7.710017e+01	3.997491e+01	2.508853e-02	1.000000e+30	1.376562e-02	3.956620e-01	3.188589e+00	4.585798e+01	3.572696e+00	1.000000e+03	0.000000e+00	1	1.144116e-02
2.143238e+02	1.737342e+01	1.000000e+30	2.343215e+02	1.000000e+30	1.452192e-01	1.439099e+03	5.609011e+02	2.319094e+01	7.680906e+01	3.999770e+01	2.296990e-03	1.000000e+30	1.385421e-02	3.990327e-01	3.083039e+00	4.653384e+01	3.648939e+00	1.000000e+03	0.000000e+00	1	1.130274e-02
2.039108e+02	1.738072e+01	1.000000e+30	2.238832e+02	1.000000e+30	1.916690e-03	1.419933e+03	5.800671e+02	2.179344e+01	7.820656e+01	3.997240e+01	2.759742e-02	1.000000e+30	1.344022e-02	3.956816e-01	3.411487e+00	4.306265e+01	3.419027e+00	1.000000e+03	0.000000e+00	1	1.091627e-02
2.187253e+02	1.737257e+01	1.000000e+30	2.378526e+02	1.000000e+30	1.453238e-01	1.421114e+03	5.788857e+02	2.278043e+01	7.721957e+01	3.912724e+01	8.727557e-01	1.000000e+30	1.390284e-02	3.991907e-01	3.082077e+00	4.747676e+01	3.649613e+00	1.000000e+03	0.000000e+00	1	1.064176e-02
2.197726e+02	1.737159e+01	1.000000e+30	2.390043e+02	1.000000e+30	1.203478e-01	1.429443e+03	5.705566e+02	2.299034e+01	7.700966e+01	3.923171e+01	7.682950e-01	1.000000e+30	1.395812e-02	3.996041e-01	3.102434e+00	4.816556e+01	3.587212e+00	1.000000e+03	0.000000e+00	1	1.044693e-02
1.383046e+02	1.802488e+02	1.000000e+30	1.580421e+02	1.000000e+30	1.390708e-02	1.333792e+03	6.662081e+02	4.826037e+01	5.173963e+01	3.973752e+01	2.624801e-01	1.000000e+30	1.072482e-02	3.973440e-01	3.500848e+00	2.712519e+01	3.572535e+00	9.669168e+01	0.000000e+00	1	1.024114e-02
1.663246e+02	2.839737e+01	1.000000e+30	1.863223e+02	1.000000e+30	1.006644e-01	1.360529e+03	6.394707e+02	3.241076e+01	6.758924e+01	3.999776e+01	2.243531e-03	1.000000e+30	1.212701e-02	5.881321e-01	2.229058e+00	3.463748e+01	3.569986e+00	6.128685e+02	0.000000e+00	1	1.016157e-02
1.366377e+02	2.668189e+02	1.000000e+30	1.563373e+02	1.000000e+30	4.786575e-02	1.340277e+03	6.597232e+02	5.004689e+01	4.995311e+01	3.969958e+01	3.004157e-01	1.000000e+30	1.087611e-02	3.978103e-01	3.405262e+00	2.721121e+01	3.612841e+00	6.530980e+01	0.000000e+00	1	1.015949e-02
1.438856e+02	8.832579e+01	1.000000e+30	1.638424e+02	1.000000e+30	6.667234e-03	1.323563e+03	6.764374e+02	4.352819e+01	5.647181e+01	3.995684e+01	4.315933e-02	1.000000e+30	1.049456e-02	3.975485e-01	3.578785e+00	2.719860e+01	3.624079e+00	1.973672e+02	0.000000e+00	1	9.964783e-03
1.611350e+02	3.313399e+01	1.000000e+30	1.810527e+02	1.000000e+30	4.369919e-02	1.371033e+03	6.289666e+02	3.607691e+01	6.392309e+01	3.991763e+01	8.236996e-02	1.000000e+30	1.222622e-02	5.893330e-01	2.255654e+00	3.452865e+01	3.421604e+00	5.252040e+02	0.000000e+00	1	9.960794e-03
1.976297e+02	1.738781e+01	1.000000e+30	2.165009e+02	1.000000e+30	4.228473e-02	1.402781e+03	5.972191e+02	2.068889e+01	7.931111e+01	3.887125e+01	1.128750e+00	1.000000e+30	1.303772e-02	5.898800e-01	2.257301e+00	4.228094e+01	3.421425e+00	1.000000e+03	0.000000e+00	1	9.925565e-03
1.379853e+02	2.668077e+02	1.000000e+30	1.577543e+02	1.000000e+30	4.858304e-02	1.342034e+03	6.579660e+02	4.921664e+01	5.078336e+01	3.976894e+01	2.310591e-01	1.000000e+30	1.091784e-02	3.978103e-01	3.405262e+00	2.745880e+01	3.615576e+00	6.530980e+01	0.000000e+00	1	9.916481e-03
1.554603e+02	4.272057e+01	1.000000e+30	1.753352e+02	1.000000e+30	5.568044e-02	1.323834e+03	6.761660e+02	3.784439e+01	6.215561e+01	3.987498e+01	1.250247e-01	1.000000e+30	1.148495e-02	5.879703e-01	2.277614e+00	3.243034e+01	3.488872e+00	4.076529e+02	0.000000e+00	1	9.809975e-03
1.700038e+02	2.563125e+01	1.000000e+30	1.899518e+02	1.000000e+30	1.042869e-01	1.348444e+03	6.515558e+02	2.948706e+01	7.051294e+01	3.994800e+01	5.200291e-02	1.000000e+30	1.201421e-02	5.888443e-01	2.247928e+00	3.465330e+01	3.612300e+00	6.790867e+02	0.000000e+00	1	9.761397e-03
1.572266e+02	4.087925e+01	1.000000e+30	1.770586e+02	1.000000e+30	1.353374e-01	1.324741e+03	6.752585e+02	3.719072e+01	6.280928e+01	3.983199e+01	1.680131e-01	1.000000e+30	1.149249e-02	5.841834e-01	2.215139e+00	3.248715e+01	3.645161e+00	4.260115e+02	0.000000e+00	1	9.724961e-03
2.178370e+02	1.737274e+01	1.000000e+30	2.372798e+02	1.000000e+30	1.453238e-01	1.419551e+03	5.804488e+02	2.274191e+01	7.725809e+01	3.944279e+01	5.572119e-01	1.000000e+30	1.389294e-02	3.991907e-01	3.082077e+00	4.728394e+01	3.649613e+00	1.000000e+03	0.000000e+00	1	9.714107e-03
1.835574e+02	1.860790e+01	1.000000e+30	2.035334e+02	1.000000e+30	1.833570e-02	1.291180e+03	7.088198e+02	1.776021e+01	8.223979e+01	3.997597e+01	2.402602e-02	1.000000e+30	1.150555e-02	5.865711e-01	2.445473e+00	3.469767e+01	3.594518e+00	9.358820e+02	0.000000e+00	1	9.400426e-03
1.852663e+02	1.803810e+01	1.000000e+30	2.052215e+02	1.000000e+30	3.574453e-02	1.295886e+03	7.041138e+02	1.682664e+01	8.317336e+01	3.995522e+01	4.478046e-02	1.000000e+30	1.154463e-02	5.890741e-01	2.418349e+00	3.493288e+01	3.628488e+00	9.654072e+02	0.000000e+00	1	9.395477e-03
1.738799e+02	2.407407e+01	1.000000e+30	1.926543e+02	1.000000e+30	8.177159e-02	1.332507e+03	6.674931e+02	2.724978e+01	7.275022e+01	3.877438e+01	1.225620e+00	1.000000e+30	1.186819e-02	5.888443e-01	2.299181e+00	3.465330e+01	3.612300e+00	7.231188e+02	0.000000e+00	1	9.207661e-03
1.505589e+02	6.414965e+01	1.000000e+30	1.693077e+02	1.000000e+30	1.210413e-01	1.266376e+03	7.336243e+02	4.052663e+01	5.947337e+01	3.874886e+01	1.251140e+00	1.000000e+30	1.093214e-02	5.887839e-01	2.245250e+00	3.030786e+01	3.662546e+00	2.716290e+02	0.000000e+00	1	9.175255e-03
1.867542e+02	1.755088e+01	1.000000e+30	2.066581e+02	1.000000e+30	2.780458e-02	1.289504e+03	7.104965e+02	1.558616e+01	8.441384e+01	3.990388e+01	9.611937e-02	1.000000e+30	1.149037e-02	5.890741e-01	2.437688e+00	3.493341e+01	3.628558e+00	9.922619e+02	0.000000e+00	1	8.819228e-03
1.349947e+02	3.493700e+02	1.000000e+30	1.549353e+02	1.000000e+30	1.149333e-03	1.340771e+03	6.592290e+02	5.066571e+01	4.933429e+01	3.994055e+01	5.944885e-02	1.000000e+30	1.088781e-02	3.988505e-01	3.467422e+00	2.716161e+01	3.502653e+00	4.987744e+01	0.000000e+00	1	8.701641e-03
1.684772e+02	2.679107e+01	1.000000e+30	1.884215e+02	1.000000e+30	1.180028e-01	1.351222e+03	6.487777e+02	3.069277e+01	6.930723e+01	3.994427e+01	5.573195e-02	1.000000e+30	1.204092e-02	5.881321e-01	2.229058e+00	3.453982e+01	3.626414e+00	6.496707e+02	0.000000e+00	1	8.407249e-03
2.135990e+02	1.737437e+01	1.000000e+30	2.333954e+02	1.000000e+30	1.479710e-01	1.437689e+03	5.623107e+02	2.301370e+01	7.698630e+01	3.979643e+01	2.035698e-01	1.000000e+30	1.380031e-02	3.971808e-01	3.104719e+00	4.606283e+01	3.665141e+00	1.000000e+03	0.000000e+00	1	8.400542e-03
1.936408e+02	1.740152e+01	1.000000e+30	2.128405e+02	1.000000e+30	1.896627e-02	1.274018e+03	7.259818e+02	1.726023e+01	8.273977e+01	3.919969e+01	8.003070e-01	1.000000e+30	1.225927e-02	3.966575e-01	3.611821e+00	3.563224e+01	3.697128e+00	1.000000e+03	0.000000e+00	1	8.207729e-03
1.852663e+02	1.803810e+01	1.000000e+30	2.052215e+02	1.000000e+30	3.574453e-02	1.295886e+03	7.041138e+02	1.682664e+01	8.317336e+01	3.995522e+01	4.478046e-02	1.000000e+30	1.154463e-02	5.890741e-01	2.418349e+00	3.493288e+01	3.628488e+00	9.654072e+02	0.000000e+00	1	8.184756e-03
1.867542e+02	1.755088e+01	1.000000e+30	2.066581e+02	1.000000e+30	2.780458e-02	1.289504e+03	7.104965e+02	1.558616e+01	8.441384e+01	3.990388e+01	9.611937e-02	1.000000e+30	1.149037e-02	5.890741e-01	2.437688e+00	3.493341e+01	3.628558e+00	9.922619e+02	0.000000e+00	1	8.181683e-03
1.453553e+02	7.953015e+01	1.000000e+30	1.652074e+02	1.000000e+30	5.665241e-04	1.316746e+03	6.832539e+02	4.208144e+01	5.791856e+01	3.985218e+01	1.478245e-01	1.000000e+30	1.034653e-02	3.992622e-01	3.605778e+00	2.700497e+01	3.644034e+00	2.192278e+02	0.000000e+00	1	8.156596e-03
1.714717e+02	2.538071e+01	1.000000e+30	1.904512e+02	1.000000e+30	6.791864e-02	1.339947e+03	6.600529e+02	2.891784e+01	7.108216e+01	3.897949e+01	1.020511e+00	1.000000e+30	1.193525e-02	5.885202e-01	2.299181e+00	3.465330e+01	3.564234e+00	6.858448e+02	0.000000e+00	1	8.080436e-03
1.438856e+02	8.832579e+01	1.000000e+30	1.638424e+02	1.000000e+30	6.667234e-03	1.323563e+03	6.764374e+02	4.352819e+01	5.647181e+01	3.995684e+01	4.315933e-02	1.000000e+30	1.049456e-02	3.975485e-01	3.578785e+00	2.719860e+01	3.624079e+00	1.973672e+02	0.000000e+00	1	8.080193e-03
2.169585e+02	1.737277e+01	1.000000e+30	2.368213e+02	1.000000e+30	1.425447e-01	1.419185e+03	5.808152e+02	2.273384e+01	7.726616e+01	3.986283e+01	1.371700e-01	1.000000e+30	1.389110e-02	3.991244e-01	3.084221e+00	4.717026e+01	3.641726e+00	1.000000e+03	0.000000e+00	1	8.012778e-03
1.751809e+02	2.321068e+01	1.000000e+30	1.948856e+02	1.000000e+30	1.773451e-02	1.290544e+03	7.094561e+02	2.368816e+01	7.631184e+01	3.970471e+01	2.952869e-01	1.000000e+30	1.117891e-02	5.830469e-01	2.432678e+00	3.383885e+01	3.557425e+00	7.505406e+02	0.000000e+00	1	7.839291e-03
1.766057e+02	2.249331e+01	1.000000e+30	1.962470e+02	1.000000e+30	8.872380e-03	1.282637e+03	7.173630e+02	2.246761e+01	7.753239e+01	3.964136e+01	3.586381e-01	1.000000e+30	1.110628e-02	5.828429e-01	2.455502e+00	3.380879e+01	3.557425e+00	7.745342e+02	0.000000e+00	1	7.839291e-03
1.494043e+02	6.568912e+01	1.000000e+30	1.688224e+02	1.000000e+30	1.269916e-01	1.271244e+03	7.287557e+02	4.096609e+01	5.903391e+01	3.941815e+01	5.818549e-01	1.000000e+30	1.097598e-02	5.842687e-01	2.245250e+00	3.030786e+01	3.662546e+00	2.652514e+02	0.000000e+00	1	7.826197e-03
1.479879e+02	7.018702e+01	1.000000e+30	1.677550e+02	1.000000e+30	1.234132e-01	1.269559e+03	7.304414e+02	4.152844e+01	5.847156e+01	3.976711e+01	2.328906e-01	1.000000e+30	1.095958e-02	5.841953e-01	2.245250e+00	3.012142e+01	3.650738e+00	2.482570e+02	0.000000e+00	1	7.790528e-03
1.396450e+02	1.382991e+02	1.000000e+30	1.595804e+02	1.000000e+30	7.861191e-03	1.332480e+03	6.675204e+02	4.703447e+01	5.296553e+01	3.993537e+01	6.462979e-02	1.000000e+30	1.069472e-02	3.975668e-01	3.522037e+00	2.721229e+01	3.571980e+00	1.260245e+02	0.000000e+00	1	7.733929e-03
1.334031e+02	7.899969e+02	1.000000e+30	1.533430e+02	1.000000e+30	1.173545e-02	1.344547e+03	6.554526e+02	5.206389e+01	4.793611e+01	3.993989e+01	6.011267e-02	1.000000e+30	1.097809e-02	3.989561e-01	3.424519e+00	2.717083e+01	3.502603e+00	2.205590e+01	0.000000e+00	1	7.725763e-03
1.466799e+02	7.057867e+01	1.000000e+30	1.666601e+02	1.000000e+30	2.472611e-03	1.317780e+03	6.822198e+02	4.112937e+01	5.887063e+01	3.998017e+01	1.982986e-02	1.000000e+30	1.036872e-02	3.993433e-01	3.605502e+00	2.718662e+01	3.652213e+00	2.470269e+02	0.000000e+00	1	7.360717e-03
1.453553e+02	7.953015e+01	1.000000e+30	1.652074e+02	1.000000e+30	5.665241e-04	1.316746e+03	6.832539e+02	4.208144e+01	5.791856e+01	3.985218e+01	1.478245e-01	1.000000e+30	1.034653e-02	3.992622e-01	3.605778e+00	2.700497e+01	3.644034e+00	2.192278e+02	0.000000e+00	1	7.282960e-03
1.479879e+02	7.018702e+01	1.000000e+30	1.677550e+02	1.000000e+30	1.234132e-01	1.269559e+03	7.304414e+02	4.152844e+01	5.847156e+01	3.976711e+01	2.328906e-01	1.000000e+30	1.095958e-02	5.841953e-01	2.245250e+00	3.012142e+01	3.650738e+00	2.482570e+02	0.000000e+00	1	7.230322e-03
1.466799e+02	7.057867e+01	1.000000e+30	1.666601e+02	1.000000e+30	2.472611e-03	1.317780e+03	6.822198e+02	4.112937e+01	5.887063e+01	3.998017e+01	1.982986e-02	1.000000e+30	1.036872e-02	3.993433e-01	3.605502e+00	2.718662e+01	3.652213e+00	2.470269e+02	0.000000e+00	1	7.194653e-03
1.741368e+02	2.323131e+01	1.000000e+30	1.941135e+02	1.000000e+30	1.505304e-02	1.307477e+03	6.925231e+02	2.533487e+01	7.466513e+01	3.997666e+01	2.334463e-02	1.000000e+30	1.164566e-02	5.680311e-01	2.468596e+00	3.431822e+01	3.526925e+00	7.495201e+02	0.000000e+00	1	7.160590e-03
1.349947e+02	3.493700e+02	1.000000e+30	1.549353e+02	1.000000e+30	1.149333e-03	1.340771e+03	6.592290e+02	5.066571e+01	4.933429e+01	3.994055e+01	5.944885e-02	1.000000e+30	1.088781e-02	3.988505e-01	3.467422e+00	2.716161e+01	3.502653e+00	4.987744e+01	0.000000e+00	1	7.000067e-03
1.928074e+02	1.740172e+01	1.000000e+30	2.125281e+02	1.000000e+30	2.002538e-02	1.272410e+03	7.275897e+02	1.721128e+01	8.278872e+01	3.972069e+01	2.793083e-01	1.000000e+30	1.224780e-02	3.966026e-01	3.609725e+00	3.548980e+01	3.698649e+00	1.000000e+03	0.000000e+00	1	6.902811e-03
1.766057e+02	2.249331e+01	1.000000e+30	1.962470e+02	1.000000e+30	8.872380e-03	1.282637e+03	7.173630e+02	2.246761e+01	7.753239e+01	3.964136e+01	3.586381e-01	1.000000e+30	1.110628e-02	5.828429e-01	2.455502e+00	3.380879e+01	3.557425e+00	7.745342e+02	0.000000e+00	1	6.892472e-03
1.696973e+02	2.599697e+01	1.000000e+30	1.891975e+02	1.000000e+30	7.265698e-02	1.333451e+03	6.665488e+02	2.929221e+01	7.070779e+01	3.950022e+01	4.997811e-01	1.000000e+30	1.187898e-02	5.888443e-01	2.294370e+00	3.424720e+01	3.574690e+00	6.696251e+02	0.000000e+00	1	6.714681e-03
1.634871e+02	3.172251e+01	1.000000e+30	1.825963e+02	1.000000e+30	6.485102e-02	1.352753e+03	6.472472e+02	3.453092e+01	6.546908e+01	3.910922e+01	8.907829e-01	1.000000e+30	1.205626e-02	5.893330e-01	2.260816e+00	3.415344e+01	3.501673e+00	5.486671e+02	0.000000e+00	1	6.687291e-03
1.339452e+02	6.868418e+02	1.000000e+30	1.539246e+02	1.000000e+30	3.593911e-02	1.336408e+03	6.635916e+02	5.119958e+01	4.880042e+01	3.997945e+01	2.055040e-02	1.000000e+30	1.078536e-02	3.990179e-01	3.414101e+00	2.671402e+01	3.587334e+00	2.537337e+01	0.000000e+00	1	6.666240e-03
1.361624e+02	2.825702e+02	1.000000e+30	1.561444e+02	1.000000e+30	7.629543e-02	1.340955e+03	6.590450e+02	5.025686e+01	4.974314e+01	3.998205e+01	1.794660e-02	1.000000e+30	1.089218e-02	3.987448e-01	3.345839e+00	2.711775e+01	3.668225e+00	6.166823e+01	0.000000e+00	1	6.556632e-03
1.611350e+02	3.313399e+01	1.000000e+30	1.810527e+02	1.000000e+30	4.369919e-02	1.371033e+03	6.289666e+02	3.607691e+01	6.392309e+01	3.991763e+01	8.236996e-02	1.000000e+30	1.222622e-02	5.893330e-01	2.255654e+00	3.452865e+01	3.421604e+00	5.252040e+02	0.000000e+00	1	6.554938e-03
1.572266e+02	4.087925e+01	1.000000e+30	1.770586e+02	1.000000e+30	1.353374e-01	1.324741e+03	6.752585e+02	3.719072e+01	6.280928e+01	3.983199e+01	1.680131e-01	1.000000e+30	1.149249e-02	5.841834e-01	2.215139e+00	3.248715e+01	3.645161e+00	4.260115e+02	0.000000e+00	1	6.471953e-03
2.070006e+02	1.737896e+01	1.000000e+30	2.261684e+02	1.000000e+30	8.342254e-03	1.430718e+03	5.692817e+02	2.213859e+01	7.786141e+01	3.916778e+01	8.322199e-01	1.000000e+30	1.353980e-02	3.972725e-01	3.371897e+00	4.403629e+01	3.420194e+00	1.000000e+03	0.000000e+00	1	6.386211e-03
1.494043e+02	6.568912e+01	1.000000e+30	1.688224e+02	1.000000e+30	1.269916e-01	1.271244e+03	7.287557e+02	4.096609e+01	5.903391e+01	3.941815e+01	5.818549e-01	1.000000e+30	1.097598e-02	5.842687e-01	2.245250e+00	3.030786e+01	3.662546e+00	2.652514e+02	0.000000e+00	1	6.361285e-03
2.070006e+02	1.737896e+01	1.000000e+30	2.261684e+02	1.000000e+30	8.342254e-03	1.430718e+03	5.692817e+02	2.213859e+01	7.786141e+01	3.916778e+01	8.322199e-01	1.000000e+30	1.353980e-02	3.972725e-01	3.371897e+00	4.403629e+01	3.420194e+00	1.000000e+03	0.000000e+00	1	6.071005e-03
1.965493e+02	1.738834e+01	1.000000e+30	2.159088e+02	1.000000e+30	4.130903e-02	1.399275e+03	6.007252e+02	2.057767e+01	7.942233e+01	3.935943e+01	6.405696e-01	1.000000e+30	1.300753e-02	5.898354e-01	2.259769e+00	4.200706e+01	3.421425e+00	1.000000e+03	0.000000e+00	1	5.939745e-03
1.339452e+02	6.868418e+02	1.000000e+30	1.539246e+02	1.000000e+30	3.593911e-02	1.336408e+03	6.635916e+02	5.119958e+01	4.880042e+01	3.997945e+01	2.055040e-02	1.000000e+30	1.078536e-02	3.990179e-01	3.414101e+00	2.671402e+01	3.587334e+00	2.537337e+01	0.000000e+00	1	5.911681e-03
