# This file contains the data of initial population
# of objectives = 2, # of constraints = 12, # of real_var = 5, # of bits of bin_var = 0, constr_violation, rank, crowding_distance
4.668442e+02	3.067560e+01	1.000000e+30	3.276400e+02	1.000000e+30	5.399806e+00	8.369333e+02	1.163067e+03	1.981130e+01	8.018870e+01	-1.192042e+02	1.592042e+02	1.000000e+30	9.704318e-03	3.764264e-01	2.722607e+00	4.037634e+01	1.099595e+01	5.687430e+02	-1.192042e+02	56	1.000000e+14
1.893538e+02	6.548749e+02	1.000000e+30	1.820968e+02	1.000000e+30	1.023489e-01	1.390015e+03	6.099849e+02	5.727744e+01	4.272256e+01	1.274300e+01	2.725700e+01	1.000000e+30	1.317808e-02	3.472431e-01	3.692347e+00	4.032904e+01	3.569214e+00	2.654757e+01	0.000000e+00	1	5.784799e-01
6.310232e+02	1.067341e+02	1.000000e+30	3.619541e+02	1.000000e+30	5.169509e+00	4.842808e+02	1.515719e+03	2.401544e+01	7.598456e+01	-2.490691e+02	2.890691e+02	1.000000e+30	8.309203e-03	3.977861e-01	3.095031e+00	4.234602e+01	1.179698e+01	1.636881e+02	-2.490691e+02	77	1.000000e+14
4.883378e+02	2.219840e+01	1.000000e+30	9.916251e+02	1.000000e+30	7.202973e-01	-1.429733e+04	1.629733e+04	-6.162359e+02	7.162359e+02	5.232873e+02	-4.832873e+02	1.000000e+30	8.021598e-04	4.777409e-01	4.461215e+00	2.913950e+01	7.663821e+00	7.930017e+02	-1.539685e+04	139	1.000000e+14
8.789623e+02	8.950170e+01	1.000000e+30	4.595820e+02	1.000000e+30	4.242821e-01	-4.035205e+03	6.035205e+03	-1.158589e+02	2.158589e+02	-3.993803e+02	4.393803e+02	1.000000e+30	2.960232e-03	5.858195e-01	4.740935e+00	3.746581e+01	8.233035e+00	1.962571e+02	-4.550444e+03	116	1.000000e+14
7.675905e+02	1.051739e+02	1.000000e+30	3.013935e+03	1.000000e+30	2.158432e+00	-4.677536e+04	4.877536e+04	-2.308939e+03	2.408939e+03	2.266345e+03	-2.226345e+03	1.000000e+30	2.155400e-04	4.905311e-01	4.887097e+00	2.681184e+01	1.163960e+01	1.674721e+02	-5.131064e+04	145	1.000000e+14
2.711651e+02	2.093476e+01	1.000000e+30	2.618384e+02	1.000000e+30	-3.130206e-01	-2.819973e+01	2.028200e+03	-3.483127e+01	1.348313e+02	1.067329e+01	2.932671e+01	1.000000e+30	5.246286e-03	5.342505e-01	4.148320e+00	2.816379e+01	4.234265e+00	8.371281e+02	-6.334402e+01	36	1.000000e+14
2.929925e+02	4.372875e+01	1.000000e+30	2.640316e+02	1.000000e+30	4.795830e-01	-2.154266e+02	2.215427e+03	-2.675525e+01	1.267552e+02	-8.960954e+00	4.896095e+01	1.000000e+30	4.854974e-03	5.144059e-01	3.415218e+00	2.733579e+01	5.946387e+00	4.009254e+02	-2.511428e+02	78	1.000000e+14
3.219328e+02	5.284477e+01	1.000000e+30	2.557522e+02	1.000000e+30	6.008706e-01	-1.097731e+01	2.010977e+03	-1.538302e+01	1.153830e+02	-4.618058e+01	8.618058e+01	1.000000e+30	5.269804e-03	5.870206e-01	2.993481e+00	2.913770e+01	6.128197e+00	3.316252e+02	-7.254091e+01	40	1.000000e+14
8.361487e+02	1.142758e+02	1.000000e+30	3.683258e+02	1.000000e+30	-5.782330e-02	-1.336002e+03	3.336002e+03	-2.243118e+01	1.224312e+02	-4.478229e+02	4.878229e+02	1.000000e+30	5.404835e-03	5.602869e-01	4.706879e+00	4.880177e+01	6.332236e+00	1.533333e+02	-1.806314e+03	99	1.000000e+14
7.282394e+02	3.369464e+01	1.000000e+30	4.209818e+02	1.000000e+30	2.766938e+00	-3.558095e+02	2.355810e+03	-7.096049e+01	1.709605e+02	-2.872576e+02	3.272576e+02	1.000000e+30	3.302938e-03	3.854974e-01	4.899844e+00	3.297181e+01	1.139673e+01	5.211307e+02	-7.140276e+02	89	1.000000e+14
3.340516e+02	2.649833e+01	1.000000e+30	2.859649e+02	1.000000e+30	4.142602e+00	8.717825e+02	1.128217e+03	-1.469445e+01	1.146945e+02	-2.808671e+01	6.808671e+01	1.000000e+30	5.386669e-03	3.420088e-01	3.433739e+00	2.628276e+01	1.054850e+01	6.612718e+02	-4.278117e+01	29	1.000000e+14
1.794898e+02	1.772017e+01	1.000000e+30	2.211307e+02	1.000000e+30	3.297806e-02	1.293755e+03	7.062453e+02	1.722164e+01	8.277836e+01	6.164090e+01	-2.164090e+01	1.000000e+30	1.191352e-02	4.417915e-01	2.857356e+00	4.155801e+01	3.334693e+00	9.823614e+02	-2.164090e+01	19	1.000000e+14
2.547685e+02	2.496840e+01	1.000000e+30	2.352577e+02	1.000000e+30	9.409393e-01	1.305203e+03	6.947973e+02	2.955415e+01	7.044585e+01	4.892094e-01	3.951079e+01	1.000000e+30	1.248653e-02	3.658607e-01	3.038790e+00	4.114542e+01	5.428256e+00	6.967815e+02	0.000000e+00	1	1.000000e+14
6.548601e+02	9.513054e+02	1.000000e+30	3.675771e+02	1.000000e+30	5.183759e-01	-2.012102e+03	4.012102e+03	-6.572937e+01	1.657294e+02	-2.672831e+02	3.072831e+02	1.000000e+30	3.475275e-03	5.531336e-01	4.385995e+00	3.412173e+01	7.710313e+00	1.845493e+01	-2.345114e+03	104	1.000000e+14
4.162605e+02	3.319158e+01	1.000000e+30	1.093600e+03	1.000000e+30	1.839761e+00	-1.428692e+04	1.628692e+04	-7.204522e+02	8.204522e+02	6.973400e+02	-6.573400e+02	1.000000e+30	6.506368e-04	4.765363e-01	3.696987e+00	2.537306e+01	9.076138e+00	5.304368e+02	-1.566471e+04	140	1.000000e+14
1.998284e+02	5.310576e+01	1.000000e+30	2.753863e+02	1.000000e+30	2.853494e+00	-4.636075e+02	2.463608e+03	-3.112216e+01	1.311222e+02	9.555793e+01	-5.555793e+01	1.000000e+30	4.621377e-03	4.456468e-01	2.063490e+00	2.803084e+01	7.555803e+00	3.302106e+02	-5.502876e+02	87	1.000000e+14
4.406202e+02	3.317936e+01	1.000000e+30	9.378489e+02	1.000000e+30	3.462959e+00	-1.304510e+04	1.504510e+04	-5.561842e+02	6.561842e+02	5.172287e+02	-4.772287e+02	1.000000e+30	8.647973e-04	4.304899e-01	3.392694e+00	2.749881e+01	1.069290e+01	5.305185e+02	-1.407851e+04	138	1.000000e+14
2.922272e+02	1.446639e+02	1.000000e+30	2.402219e+02	1.000000e+30	3.247770e+00	9.957162e+02	1.004284e+03	1.661245e+01	8.338755e+01	-3.200533e+01	7.200533e+01	1.000000e+30	6.216711e-03	3.451333e-01	3.342845e+00	2.643925e+01	9.337295e+00	1.210252e+02	-3.200533e+01	22	1.000000e+14
5.513221e+02	5.865433e+01	1.000000e+30	3.689038e+02	1.000000e+30	1.874627e-01	-1.405127e+03	3.405127e+03	-5.028118e+01	1.502812e+02	-1.624183e+02	2.024183e+02	1.000000e+30	4.168213e-03	4.600320e-01	4.401917e+00	4.560523e+01	5.818533e+00	2.991095e+02	-1.617826e+03	97	1.000000e+14
7.278230e+02	2.239345e+01	1.000000e+30	6.268875e+02	1.000000e+30	1.264238e+00	-6.132745e+03	8.132745e+03	-2.300032e+02	3.300032e+02	-8.093549e+01	1.209355e+02	1.000000e+30	1.963356e-03	4.042566e-01	4.811445e+00	4.237805e+01	8.606068e+00	7.851808e+02	-6.443683e+03	130	1.000000e+14
2.081832e+02	2.680146e+01	1.000000e+30	2.018961e+02	1.000000e+30	3.790496e-02	1.128537e+03	8.714625e+02	2.505213e+01	7.494787e+01	1.371293e+01	2.628707e+01	1.000000e+30	1.102561e-02	5.747264e-01	2.592917e+00	3.566924e+01	3.817285e+00	6.500861e+02	0.000000e+00	1	4.215201e-01
2.826455e+02	7.604247e+02	1.000000e+30	3.005684e+02	1.000000e+30	2.483374e+00	-7.215490e+02	2.721549e+03	-2.973064e+01	1.297306e+02	3.792291e+01	2.077087e+00	1.000000e+30	4.267038e-03	4.158290e-01	2.589630e+00	3.270509e+01	7.822162e+00	2.306912e+01	-7.512796e+02	90	1.000000e+14
6.287398e+02	4.379029e+01	1.000000e+30	3.365769e+02	1.000000e+30	7.530960e-01	1.409482e+02	1.859052e+03	1.267025e+01	8.732975e+01	-2.721628e+02	3.121628e+02	1.000000e+30	8.579463e-03	3.739003e-01	4.874530e+00	4.790407e+01	7.018795e+00	3.988636e+02	-2.721628e+02	81	1.000000e+14
4.314602e+02	1.876826e+01	1.000000e+30	3.257938e+02	1.000000e+30	1.006317e+00	3.443086e+02	1.655691e+03	-8.234912e+00	1.082349e+02	-8.566632e+01	1.256663e+02	1.000000e+30	7.989787e-03	4.561751e-01	2.997939e+00	4.926742e+01	6.241357e+00	9.311859e+02	-9.390123e+01	47	1.000000e+14
2.329302e+02	4.379728e+01	1.000000e+30	2.117650e+02	1.000000e+30	3.955362e-02	1.337144e+03	6.628558e+02	4.172324e+01	5.827676e+01	-1.165145e+00	4.116514e+01	1.000000e+30	1.272231e-02	3.380587e-01	4.225918e+00	4.345468e+01	3.657031e+00	3.971334e+02	-1.165145e+00	6	1.000000e+14
6.714866e+02	1.643347e+02	1.000000e+30	3.688795e+02	1.000000e+30	3.307742e+00	-1.346807e+02	2.134681e+03	7.076936e+00	9.292306e+01	-2.826071e+02	3.226071e+02	1.000000e+30	6.650752e-03	3.488899e-01	4.335821e+00	3.960792e+01	1.092316e+01	1.064920e+02	-4.172879e+02	85	1.000000e+14
6.995086e+02	8.659606e+01	1.000000e+30	3.287499e+02	1.000000e+30	-6.222802e-02	-4.816011e+02	2.481601e+03	-1.210573e+00	1.012106e+02	-3.507587e+02	3.907587e+02	1.000000e+30	6.580543e-03	5.408935e-01	4.439090e+00	4.926011e+01	5.764273e+00	2.021058e+02	-8.336326e+02	92	1.000000e+14
1.742069e+02	2.891613e+01	1.000000e+30	2.109503e+02	1.000000e+30	3.956938e-01	9.407368e+02	1.059263e+03	1.923282e+01	8.076718e+01	5.674341e+01	-1.674341e+01	1.000000e+30	9.585574e-03	4.516953e-01	2.551368e+00	3.520585e+01	4.184894e+00	6.034219e+02	-1.674341e+01	15	1.000000e+14
1.255649e+02	3.988768e+01	1.000000e+30	1.804304e+02	1.000000e+30	1.134363e+00	1.435508e+03	5.644923e+02	4.483090e+01	5.516910e+01	7.486550e+01	-3.486550e+01	1.000000e+30	1.371771e-02	3.421912e-01	2.260620e+00	3.359983e+01	4.708554e+00	4.356189e+02	-3.486550e+01	25	1.000000e+14
2.606801e+02	8.824993e+01	1.000000e+30	2.447078e+02	1.000000e+30	7.633240e+00	1.231877e+03	7.681228e+02	3.740622e+01	6.259378e+01	4.027716e+00	3.597228e+01	1.000000e+30	9.486725e-03	3.264266e-01	2.258066e+00	3.100417e+01	1.111778e+01	1.977380e+02	0.000000e+00	3	1.000000e+14
3.365064e+02	1.440233e+02	1.000000e+30	2.724072e+02	1.000000e+30	4.541914e+00	1.266669e+03	7.333311e+02	4.990483e+01	5.009517e+01	-4.409925e+01	8.409925e+01	1.000000e+30	1.219866e-02	3.543916e-01	2.332415e+00	4.356364e+01	9.108199e+00	1.208318e+02	-4.409925e+01	32	1.000000e+14
2.928951e+02	8.981383e+01	1.000000e+30	2.374140e+02	1.000000e+30	2.017860e-01	9.022996e+02	1.097700e+03	3.624610e+01	6.375390e+01	-3.548106e+01	7.548106e+01	1.000000e+30	1.011716e-02	4.176905e-01	3.369095e+00	4.721759e+01	4.296284e+00	1.941712e+02	-3.548106e+01	26	1.000000e+14
7.434902e+02	1.237529e+02	1.000000e+30	3.978054e+02	1.000000e+30	4.555043e+00	-2.194083e+02	2.219408e+03	8.919387e+00	9.108061e+01	-3.256848e+02	3.656848e+02	1.000000e+30	7.151913e-03	5.307267e-01	2.529646e+00	4.830935e+01	1.117291e+01	1.413422e+02	-5.450931e+02	86	1.000000e+14
3.165862e+02	4.036273e+01	1.000000e+30	7.255629e+02	1.000000e+30	2.770666e-01	-8.343220e+03	1.034322e+04	-4.263536e+02	5.263536e+02	4.289767e+02	-3.889767e+02	1.000000e+30	1.024824e-03	4.819714e-01	4.178971e+00	2.527285e+01	6.061775e+00	4.360321e+02	-9.158550e+03	133	1.000000e+14
2.199261e+02	1.763186e+01	1.000000e+30	2.513267e+02	1.000000e+30	6.081457e+00	1.267862e+03	7.321379e+02	9.491416e+00	9.050858e+01	5.140063e+01	-1.140063e+01	1.000000e+30	9.788806e-03	3.358943e-01	2.206162e+00	2.906032e+01	9.953800e+00	9.894046e+02	-1.140063e+01	11	1.000000e+14
2.002793e+02	2.545004e+01	1.000000e+30	2.150110e+02	1.000000e+30	-1.208811e-02	1.443581e+03	5.564187e+02	3.544958e+01	6.455042e+01	3.473166e+01	5.268337e+00	1.000000e+30	1.402844e-02	5.898395e-01	2.178495e+00	4.880429e+01	3.112721e+00	6.825276e+02	-1.208811e-02	4	1.000000e+14
1.117890e+03	4.835868e+02	1.000000e+30	5.133484e+02	1.000000e+30	2.300855e+00	-3.217440e+03	5.217440e+03	-8.620176e+01	1.862018e+02	-5.845420e+02	6.245420e+02	1.000000e+30	3.310557e-03	5.478412e-01	4.086840e+00	4.340798e+01	1.121089e+01	3.631029e+01	-3.888184e+03	115	1.000000e+14
1.313706e+02	1.951775e+01	1.000000e+30	1.988890e+02	1.000000e+30	2.919613e-01	1.294142e+03	7.058578e+02	2.065898e+01	7.934102e+01	8.751838e+01	-4.751838e+01	1.000000e+30	1.193069e-02	4.882148e-01	2.114092e+00	3.497602e+01	3.546873e+00	8.918710e+02	-4.751838e+01	33	1.000000e+14
2.895712e+02	7.760408e+02	1.000000e+30	2.273502e+02	1.000000e+30	2.773842e-01	9.039294e+02	1.096071e+03	3.961003e+01	6.038997e+01	-4.222101e+01	8.222101e+01	1.000000e+30	9.374585e-03	4.380904e-01	3.191960e+00	4.478644e+01	4.506508e+00	2.248895e+01	-4.222101e+01	28	1.000000e+14
2.044891e+02	2.936620e+02	1.000000e+30	2.041195e+02	1.000000e+30	2.634852e+00	1.310703e+03	6.892966e+02	5.363304e+01	4.636696e+01	1.963042e+01	2.036958e+01	1.000000e+30	1.255163e-02	3.150827e-01	2.544741e+00	3.542987e+01	7.015928e+00	5.923943e+01	0.000000e+00	1	3.385853e-01
3.364759e+02	5.628358e+01	1.000000e+30	2.827919e+02	1.000000e+30	2.737837e+00	1.193668e+03	8.063322e+02	4.271502e+01	5.728498e+01	-3.368399e+01	7.368399e+01	1.000000e+30	1.247440e-02	3.174266e-01	2.863986e+00	4.723629e+01	7.636894e+00	3.091085e+02	-3.368399e+01	24	1.000000e+14
1.466128e+02	2.321398e+01	1.000000e+30	2.095176e+02	1.000000e+30	5.456685e-01	1.448330e+03	5.516700e+02	3.406267e+01	6.593733e+01	8.290474e+01	-4.290474e+01	1.000000e+30	1.421788e-02	4.262537e-01	2.018680e+00	4.415920e+01	3.760693e+00	7.481274e+02	-4.290474e+01	30	1.000000e+14
5.923812e+02	4.502482e+01	1.000000e+30	1.065376e+03	1.000000e+30	1.809418e+00	-1.539424e+04	1.739424e+04	-6.457288e+02	7.457288e+02	4.929951e+02	-4.529951e+02	1.000000e+30	7.535348e-04	4.271336e-01	4.483820e+00	3.130401e+01	9.630348e+00	3.909894e+02	-1.649297e+04	141	1.000000e+14
3.566137e+02	4.039884e+01	1.000000e+30	2.696336e+02	1.000000e+30	-1.075599e-01	3.495190e+02	1.650481e+03	1.050291e+01	8.949709e+01	-6.698018e+01	1.069802e+02	1.000000e+30	7.993717e-03	4.178255e-01	4.294952e+00	4.714029e+01	4.108707e+00	4.326033e+02	-6.708774e+01	39	1.000000e+14
3.217913e+02	2.173276e+01	1.000000e+30	2.540327e+02	1.000000e+30	1.038797e+00	9.808432e+02	1.019157e+03	1.445009e+00	9.855499e+01	-4.775852e+01	8.775852e+01	1.000000e+30	7.596781e-03	3.965561e-01	3.694099e+00	3.202395e+01	6.685577e+00	8.044844e+02	-4.775852e+01	34	1.000000e+14
4.353249e+02	1.758979e+01	1.000000e+30	3.072159e+02	1.000000e+30	1.828827e+00	4.970349e+02	1.502965e+03	-6.571057e+00	1.065711e+02	-1.081090e+02	1.481090e+02	1.000000e+30	8.361544e-03	3.601954e-01	3.941607e+00	3.658840e+01	8.167915e+00	9.932003e+02	-1.146801e+02	54	1.000000e+14
3.147587e+02	5.478221e+01	1.000000e+30	2.286000e+02	1.000000e+30	2.214838e-01	8.967731e+02	1.103227e+03	1.519036e+01	8.480964e+01	-6.615867e+01	1.061587e+02	1.000000e+30	7.126274e-03	3.920765e-01	4.602951e+00	3.160993e+01	5.377739e+00	3.192998e+02	-6.615867e+01	38	1.000000e+14
5.070372e+02	6.986807e+01	1.000000e+30	3.736816e+02	1.000000e+30	1.575504e+00	-1.788897e+03	3.788897e+03	-8.856135e+01	1.885614e+02	-1.133555e+02	1.533555e+02	1.000000e+30	3.027315e-03	5.529485e-01	3.452476e+00	2.939039e+01	8.807888e+00	2.513905e+02	-1.990814e+03	101	1.000000e+14
4.850407e+02	1.174995e+02	1.000000e+30	2.949090e+02	1.000000e+30	1.390113e+00	8.129448e+02	1.187055e+03	3.892235e+01	6.107765e+01	-1.701317e+02	2.101317e+02	1.000000e+30	1.066973e-02	3.864531e-01	3.540288e+00	4.843935e+01	7.133410e+00	1.483371e+02	-1.701317e+02	68	1.000000e+14
4.291441e+02	2.082043e+01	1.000000e+30	2.745616e+02	1.000000e+30	4.791203e-02	6.453234e+02	1.354677e+03	2.274443e+00	9.772556e+01	-1.345825e+02	1.745825e+02	1.000000e+30	8.604662e-03	5.431337e-01	3.531499e+00	4.394703e+01	4.962041e+00	8.388831e+02	-1.345825e+02	60	1.000000e+14
3.856045e+02	2.385440e+01	1.000000e+30	2.881330e+02	1.000000e+30	-4.431850e-01	-3.893496e+01	2.038935e+03	-1.251600e+01	1.125160e+02	-7.747146e+01	1.174715e+02	1.000000e+30	6.973230e-03	4.596258e-01	4.860977e+00	4.680004e+01	3.594352e+00	7.333930e+02	-1.293656e+02	59	1.000000e+14
6.333232e+02	3.215426e+01	1.000000e+30	1.153843e+03	1.000000e+30	3.757729e+00	-1.654348e+04	1.854348e+04	-6.998311e+02	7.998311e+02	5.405201e+02	-5.005201e+02	1.000000e+30	7.065123e-04	4.276966e-01	3.875163e+00	3.127543e+01	1.190828e+01	5.475185e+02	-1.774383e+04	142	1.000000e+14
4.745727e+02	1.209657e+02	1.000000e+30	4.665795e+02	1.000000e+30	1.091696e+00	-4.454746e+03	6.454746e+03	-1.483039e+02	2.483039e+02	1.200680e+01	2.799320e+01	1.000000e+30	2.423508e-03	4.561790e-01	3.772258e+00	3.598001e+01	7.470633e+00	1.452876e+02	-4.603050e+03	117	1.000000e+14
8.007386e+02	2.006609e+01	1.000000e+30	4.284390e+02	1.000000e+30	6.146049e-01	-2.332517e+03	4.332517e+03	-9.044335e+01	1.904433e+02	-3.522996e+02	3.922996e+02	1.000000e+30	3.852649e-03	5.593025e-01	4.378678e+00	3.970921e+01	8.025320e+00	8.745912e+02	-2.775260e+03	107	1.000000e+14
4.559937e+02	4.928803e+01	1.000000e+30	3.256619e+02	1.000000e+30	4.225254e+00	5.739188e+02	1.426081e+03	-6.129234e+00	1.061292e+02	-1.103318e+02	1.503318e+02	1.000000e+30	5.511147e-03	3.119888e-01	4.002821e+00	3.210766e+01	1.108403e+01	3.554698e+02	-1.164611e+02	55	1.000000e+14
3.700131e+02	3.148533e+01	1.000000e+30	2.612846e+02	1.000000e+30	1.206280e+00	8.569966e+02	1.143003e+03	1.984148e+01	8.015852e+01	-8.872850e+01	1.287285e+02	1.000000e+30	9.528092e-03	5.039555e-01	2.644756e+00	4.190289e+01	6.457255e+00	5.542150e+02	-8.872850e+01	46	1.000000e+14
2.745785e+02	2.504330e+01	1.000000e+30	5.383863e+02	1.000000e+30	1.354624e+00	-4.691491e+03	6.691491e+03	-2.602852e+02	3.602852e+02	2.838078e+02	-2.438078e+02	1.000000e+30	1.569063e-03	4.209318e-01	3.421182e+00	2.566736e+01	7.240192e+00	7.023779e+02	-5.195585e+03	121	1.000000e+14
3.039034e+02	1.799630e+01	1.000000e+30	5.467818e+02	1.000000e+30	2.893682e-01	-5.604544e+03	7.604544e+03	-2.648680e+02	3.648680e+02	2.628784e+02	-2.228784e+02	1.000000e+30	1.679220e-03	4.299659e-01	4.302980e+00	2.797264e+01	5.723364e+00	9.773072e+02	-6.092290e+03	127	1.000000e+14
3.375321e+02	6.598367e+01	1.000000e+30	2.828011e+02	1.000000e+30	5.027852e-01	-1.584322e+02	2.158432e+03	-3.966434e+01	1.396643e+02	-3.473100e+01	7.473100e+01	1.000000e+30	3.947082e-03	5.035545e-01	3.761741e+00	2.717380e+01	6.391194e+00	2.659440e+02	-2.328276e+02	74	1.000000e+14
8.787925e+02	1.254705e+02	1.000000e+30	4.507255e+02	1.000000e+30	1.850475e+00	-2.940109e+03	4.940109e+03	-8.088554e+01	1.808855e+02	-4.080669e+02	4.480669e+02	1.000000e+30	3.484557e-03	5.468302e-01	3.959802e+00	3.902606e+01	1.013581e+01	1.399222e+02	-3.429061e+03	111	1.000000e+14
2.307230e+02	1.257099e+02	1.000000e+30	2.183390e+02	1.000000e+30	1.442884e+00	1.440883e+03	5.591170e+02	5.564361e+01	4.435639e+01	7.616057e+00	3.238394e+01	1.000000e+30	1.392304e-02	3.927627e-01	2.245297e+00	4.584663e+01	5.562014e+00	1.381929e+02	0.000000e+00	3	1.000000e+14
2.703977e+02	1.763562e+01	1.000000e+30	2.636063e+02	1.000000e+30	-3.906318e-01	3.079523e+02	1.692048e+03	-1.722284e+01	1.172228e+02	1.320862e+01	2.679138e+01	1.000000e+30	7.084366e-03	4.443808e-01	4.535921e+00	3.987267e+01	3.279136e+00	9.918953e+02	-1.761348e+01	17	1.000000e+14
4.638901e+02	2.102547e+01	1.000000e+30	3.049385e+02	1.000000e+30	2.291483e+00	5.971551e+02	1.402845e+03	1.369460e+00	9.863054e+01	-1.389515e+02	1.789515e+02	1.000000e+30	8.485646e-03	5.500704e-01	2.396335e+00	4.218032e+01	8.131902e+00	8.308020e+02	-1.389515e+02	61	1.000000e+14
2.980319e+02	7.379089e+01	1.000000e+30	2.612744e+02	1.000000e+30	5.543945e+00	9.122986e+02	1.087701e+03	1.674026e+01	8.325974e+01	-1.675744e+01	5.675744e+01	1.000000e+30	6.912302e-03	3.109815e-01	3.056746e+00	2.799844e+01	1.091409e+01	2.370987e+02	-1.675744e+01	16	1.000000e+14
4.913106e+02	1.890196e+01	1.000000e+30	3.189836e+02	1.000000e+30	1.482755e+00	9.668264e+01	1.903317e+03	-1.633763e+01	1.163376e+02	-1.523270e+02	1.923270e+02	1.000000e+30	7.198474e-03	3.749181e-01	4.386503e+00	3.546117e+01	8.211091e+00	9.253371e+02	-1.686646e+02	67	1.000000e+14
1.334333e+03	2.073715e+01	1.000000e+30	6.289804e+02	1.000000e+30	1.447669e+00	-5.103187e+03	7.103187e+03	-1.737944e+02	2.737944e+02	-6.853527e+02	7.253527e+02	1.000000e+30	2.555849e-03	5.434477e-01	4.998915e+00	4.400081e+01	1.087984e+01	8.473911e+02	-5.962334e+03	125	1.000000e+14
6.301077e+02	6.662980e+01	1.000000e+30	7.400452e+02	1.000000e+30	1.719634e+00	-9.533603e+03	1.153360e+04	-3.603667e+02	4.603667e+02	1.299375e+02	-8.993749e+01	1.000000e+30	1.267866e-03	4.836034e-01	3.935301e+00	3.480610e+01	9.271387e+00	2.640735e+02	-9.983907e+03	135	1.000000e+14
6.983061e+02	2.299939e+02	1.000000e+30	3.611678e+02	1.000000e+30	1.997198e+00	-9.197224e+02	2.919722e+03	-1.742991e+01	1.174299e+02	-3.171384e+02	3.571384e+02	1.000000e+30	5.205917e-03	5.302241e-01	3.369449e+00	4.100826e+01	9.289852e+00	7.620109e+01	-1.254291e+03	94	1.000000e+14
3.746680e+02	3.829113e+01	1.000000e+30	6.084911e+02	1.000000e+30	3.217215e+00	-6.689275e+03	8.689275e+03	-2.909370e+02	3.909370e+02	2.538231e+02	-2.138231e+02	1.000000e+30	1.473533e-03	4.913623e-01	2.718686e+00	2.829286e+01	9.661877e+00	4.594156e+02	-7.194035e+03	132	1.000000e+14
5.956705e+02	1.448618e+03	1.000000e+30	2.943899e+02	1.000000e+30	2.108230e-01	-1.424691e+01	2.014247e+03	1.236791e+01	8.763209e+01	-2.812806e+02	3.212806e+02	1.000000e+30	6.689525e-03	5.316889e-01	4.005516e+00	4.494473e+01	6.065462e+00	1.208024e+01	-2.955275e+02	83	1.000000e+14
6.013393e+02	2.596533e+01	1.000000e+30	3.963345e+02	1.000000e+30	3.874105e-02	-1.941110e+03	3.941110e+03	-6.732830e+01	1.673283e+02	-1.850049e+02	2.250049e+02	1.000000e+30	4.321194e-03	4.930161e-01	4.403030e+00	4.793323e+01	5.632780e+00	6.755689e+02	-2.193444e+03	103	1.000000e+14
6.361125e+02	2.534934e+01	1.000000e+30	5.794666e+02	1.000000e+30	3.670213e+00	-4.970828e+03	6.970828e+03	-1.865115e+02	2.865115e+02	-3.664584e+01	7.664584e+01	1.000000e+30	2.261381e-03	4.322663e-01	3.324863e+00	3.969619e+01	1.086707e+01	6.934169e+02	-5.193985e+03	120	1.000000e+14
7.825318e+02	8.397776e+01	1.000000e+30	1.417171e+03	1.000000e+30	2.439297e+00	-2.182015e+04	2.382015e+04	-9.039301e+02	1.003930e+03	6.546395e+02	-6.146395e+02	1.000000e+30	5.528595e-04	4.188708e-01	4.863728e+00	3.330357e+01	1.124125e+01	2.096717e+02	-2.333871e+04	143	1.000000e+14
6.111817e+02	8.262034e+01	1.000000e+30	3.039187e+02	1.000000e+30	3.810839e-01	8.357005e+01	1.916430e+03	7.982508e+00	9.201749e+01	-2.872630e+02	3.272630e+02	1.000000e+30	6.917183e-03	5.599139e-01	3.666495e+00	4.575007e+01	6.342477e+00	2.117594e+02	-2.872630e+02	82	1.000000e+14
4.844318e+02	4.061487e+01	1.000000e+30	3.047439e+02	1.000000e+30	1.916736e+00	-2.257379e+01	2.022574e+03	-2.839032e+00	1.028390e+02	-1.596878e+02	1.996878e+02	1.000000e+30	6.753539e-03	5.014481e-01	2.966446e+00	3.846842e+01	8.251227e+00	4.308403e+02	-1.851006e+02	71	1.000000e+14
4.774160e+02	4.449308e+01	1.000000e+30	2.933247e+02	1.000000e+30	1.820961e+00	7.087231e+02	1.291277e+03	2.488040e+01	7.511960e+01	-1.640913e+02	2.040913e+02	1.000000e+30	9.696966e-03	5.558882e-01	2.377747e+00	4.758603e+01	7.398047e+00	3.921209e+02	-1.640913e+02	66	1.000000e+14
4.280893e+02	2.644662e+01	1.000000e+30	7.756308e+02	1.000000e+30	6.442628e-01	-1.008273e+04	1.208273e+04	-4.369805e+02	5.369805e+02	3.675415e+02	-3.275415e+02	1.000000e+30	1.076479e-03	4.253015e-01	4.657739e+00	2.955303e+01	7.127102e+00	6.654361e+02	-1.084725e+04	136	1.000000e+14
3.299989e+02	7.547949e+01	1.000000e+30	2.314706e+02	1.000000e+30	1.021854e+00	9.483407e+02	1.051659e+03	3.589653e+01	6.410347e+01	-7.852824e+01	1.185282e+02	1.000000e+30	1.024567e-02	3.976282e-01	3.429650e+00	3.717873e+01	6.343716e+00	2.310164e+02	-7.852824e+01	43	1.000000e+14
3.394804e+02	5.383616e+01	1.000000e+30	3.001368e+02	1.000000e+30	1.179689e+00	-6.546061e+02	2.654606e+03	-2.520937e+01	1.252094e+02	-1.934360e+01	5.934360e+01	1.000000e+30	5.100040e-03	4.854144e-01	2.806832e+00	3.717782e+01	6.532120e+00	3.255739e+02	-6.991591e+02	88	1.000000e+14
2.406394e+02	1.917036e+01	1.000000e+30	2.463560e+02	1.000000e+30	-6.130769e-01	2.371114e+02	1.762889e+03	-2.625718e+01	1.262572e+02	2.571653e+01	1.428347e+01	1.000000e+30	5.900872e-03	5.062311e-01	4.918739e+00	2.891847e+01	3.257178e+00	9.135740e+02	-2.687025e+01	21	1.000000e+14
8.816205e+02	7.270200e+01	1.000000e+30	6.193155e+02	1.000000e+30	1.031884e+00	-5.920067e+03	7.920067e+03	-2.026314e+02	3.026314e+02	-2.423050e+02	2.823050e+02	1.000000e+30	2.008933e-03	4.619251e-01	4.683044e+00	4.629838e+01	8.579634e+00	2.418380e+02	-6.365003e+03	128	1.000000e+14
3.462787e+02	1.409931e+02	1.000000e+30	2.150707e+02	1.000000e+30	-5.852047e-01	9.636550e+02	1.036345e+03	3.901640e+01	6.098360e+01	-1.112080e+02	1.512080e+02	1.000000e+30	9.966511e-03	5.662272e-01	4.205623e+00	4.584911e+01	3.091195e+00	1.237075e+02	-1.117932e+02	52	1.000000e+14
3.686852e+02	2.291093e+01	1.000000e+30	2.661172e+02	1.000000e+30	1.685950e+00	6.165661e+02	1.383434e+03	4.768904e+00	9.523110e+01	-8.256802e+01	1.225680e+02	1.000000e+30	8.598878e-03	5.802199e-01	2.302095e+00	3.756489e+01	7.161605e+00	7.623441e+02	-8.256802e+01	44	1.000000e+14
9.745659e+02	9.163516e+01	1.000000e+30	5.292860e+02	1.000000e+30	2.020065e+00	-4.534531e+03	6.534531e+03	-1.305565e+02	2.305565e+02	-4.252799e+02	4.652799e+02	1.000000e+30	2.772485e-03	5.019769e-01	4.535089e+00	3.808091e+01	1.095688e+01	1.917240e+02	-5.090367e+03	119	1.000000e+14
3.723142e+02	1.244969e+02	1.000000e+30	4.021586e+02	1.000000e+30	2.459314e-01	-2.957597e+03	4.957597e+03	-1.246208e+02	2.246208e+02	4.984445e+01	-9.844454e+00	1.000000e+30	2.515314e-03	4.731239e-01	4.019792e+00	3.357028e+01	5.683669e+00	1.411536e+02	-3.092062e+03	110	1.000000e+14
4.589124e+02	1.230181e+02	1.000000e+30	5.478083e+02	1.000000e+30	1.115587e+00	-5.445207e+03	7.445207e+03	-2.262800e+02	3.262800e+02	1.088959e+02	-6.889590e+01	1.000000e+30	1.719615e-03	4.297842e-01	4.060405e+00	3.354079e+01	7.641689e+00	1.429644e+02	-5.740383e+03	124	1.000000e+14
4.392659e+02	5.621851e+01	1.000000e+30	2.600267e+02	1.000000e+30	6.785993e-01	6.725918e+02	1.327408e+03	1.406018e+01	8.593982e+01	-1.592392e+02	1.992392e+02	1.000000e+30	7.284601e-03	3.917463e-01	4.679925e+00	3.412411e+01	6.843447e+00	3.110926e+02	-1.592392e+02	64	1.000000e+14
8.924981e+02	3.759487e+01	1.000000e+30	8.010956e+02	1.000000e+30	3.452746e+00	-9.196827e+03	1.119683e+04	-3.222952e+02	4.222952e+02	-7.140255e+01	1.114026e+02	1.000000e+30	1.465019e-03	4.173289e-01	4.159162e+00	4.240557e+01	1.181824e+01	4.679280e+02	-9.590525e+03	134	1.000000e+14
5.876185e+02	1.843723e+01	1.000000e+30	4.567512e+02	1.000000e+30	1.229856e+00	-2.803081e+03	4.803081e+03	-1.585852e+02	2.585852e+02	-1.108673e+02	1.508673e+02	1.000000e+30	2.431306e-03	5.769278e-01	3.809154e+00	2.949500e+01	8.835878e+00	9.532162e+02	-3.072533e+03	109	1.000000e+14
5.196751e+02	1.251413e+03	1.000000e+30	3.445004e+02	1.000000e+30	4.149289e+00	-9.026696e+02	2.902670e+03	-4.161675e+01	1.416167e+02	-1.551747e+02	1.951747e+02	1.000000e+30	3.845758e-03	5.693173e-01	2.566783e+00	3.128260e+01	1.107996e+01	1.402394e+01	-1.099461e+03	93	1.000000e+14
7.395905e+02	7.020220e+01	1.000000e+30	8.088506e+02	1.000000e+30	1.966282e+00	-1.122570e+04	1.322570e+04	-3.827069e+02	4.827069e+02	8.926013e+01	-4.926013e+01	1.000000e+30	1.255945e-03	4.315398e-01	4.445322e+00	3.782080e+01	9.935486e+00	2.506385e+02	-1.165767e+04	137	1.000000e+14
3.738276e+02	3.292784e+01	1.000000e+30	3.051705e+02	1.000000e+30	5.289193e+00	7.369834e+02	1.263017e+03	-4.110137e+00	1.041101e+02	-4.865714e+01	8.865714e+01	1.000000e+30	6.082088e-03	3.102910e-01	3.460912e+00	2.982274e+01	1.137671e+01	5.317795e+02	-5.276728e+01	35	1.000000e+14
1.784612e+02	1.484202e+03	1.000000e+30	1.923237e+02	1.000000e+30	4.639875e+00	1.271406e+03	7.285943e+02	4.590130e+01	5.409870e+01	3.386244e+01	6.137564e+00	1.000000e+30	9.459051e-03	3.143364e-01	2.413225e+00	2.575822e+01	8.902016e+00	1.175774e+01	0.000000e+00	1	1.000000e+14
6.381136e+02	2.310768e+01	1.000000e+30	4.709589e+02	1.000000e+30	3.600004e+00	-1.797883e+03	3.797883e+03	-8.081198e+01	1.808120e+02	-1.471546e+02	1.871546e+02	1.000000e+30	3.816688e-03	4.493412e-01	2.968386e+00	4.534924e+01	1.028215e+01	7.594989e+02	-2.025849e+03	102	1.000000e+14
3.257627e+02	1.173768e+02	1.000000e+30	2.420070e+02	1.000000e+30	3.326043e-01	9.815716e+02	1.018428e+03	4.037296e+01	5.962704e+01	-6.375569e+01	1.037557e+02	1.000000e+30	1.051961e-02	4.937086e-01	2.815797e+00	4.965811e+01	4.599300e+00	1.485146e+02	-6.375569e+01	37	1.000000e+14
1.066319e+03	4.117791e+01	1.000000e+30	5.690998e+02	1.000000e+30	1.843459e+00	-5.335609e+03	7.335609e+03	-1.630958e+02	2.630958e+02	-4.772197e+02	5.172197e+02	1.000000e+30	2.518137e-03	5.502839e-01	4.489937e+00	3.818940e+01	1.101464e+01	4.267612e+02	-5.975924e+03	126	1.000000e+14
2.496726e+02	1.126801e+02	1.000000e+30	2.217698e+02	1.000000e+30	3.446714e-01	1.394518e+03	6.054816e+02	5.366316e+01	4.633684e+01	-7.902838e+00	4.790284e+01	1.000000e+30	1.368684e-02	3.659526e-01	3.232659e+00	4.959909e+01	4.147297e+00	1.542097e+02	-7.902838e+00	8	1.000000e+14
8.530994e+02	2.902614e+02	1.000000e+30	4.814581e+02	1.000000e+30	1.784793e+00	-4.369438e+03	6.369438e+03	-1.197738e+02	2.197738e+02	-3.516414e+02	3.916414e+02	1.000000e+30	2.851557e-03	5.516343e-01	4.127554e+00	3.538230e+01	1.032101e+01	6.052222e+01	-4.840854e+03	118	1.000000e+14
8.475176e+02	2.581704e+01	1.000000e+30	6.435670e+02	1.000000e+30	1.336821e+00	-6.028851e+03	8.028851e+03	-2.884685e+02	3.884685e+02	-1.839506e+02	2.239506e+02	1.000000e+30	1.490320e-03	5.636103e-01	4.661285e+00	3.050763e+01	1.030643e+01	6.813812e+02	-6.501270e+03	131	1.000000e+14
1.436473e+02	1.809412e+02	1.000000e+30	1.734118e+02	1.000000e+30	4.763743e-01	1.354011e+03	6.459887e+02	5.249335e+01	4.750665e+01	4.976453e+01	-9.764530e+00	1.000000e+30	1.244513e-02	4.826835e-01	2.006300e+00	3.749791e+01	3.855535e+00	9.615414e+01	-9.764530e+00	10	1.000000e+14
5.947780e+02	1.994938e+02	1.000000e+30	5.746032e+02	1.000000e+30	3.162300e+00	-6.207458e+03	8.207458e+03	-2.056946e+02	3.056946e+02	-1.748076e-01	4.017481e+01	1.000000e+30	1.954673e-03	4.951785e-01	3.082367e+00	3.677530e+01	1.032774e+01	8.813838e+01	-6.413328e+03	129	1.000000e+14
2.474236e+02	1.264798e+02	1.000000e+30	2.177518e+02	1.000000e+30	3.190221e-03	7.919797e+02	1.208020e+03	3.143223e+01	6.856777e+01	-9.671815e+00	4.967181e+01	1.000000e+30	8.839684e-03	4.231819e-01	3.586605e+00	4.107830e+01	3.867859e+00	1.380597e+02	-9.671815e+00	9	1.000000e+14
4.745714e+02	1.601219e+02	1.000000e+30	3.830066e+02	1.000000e+30	4.596335e-01	-2.410883e+03	4.410883e+03	-1.100692e+02	2.100692e+02	-7.156474e+01	1.115647e+02	1.000000e+30	2.632285e-03	5.277801e-01	4.332853e+00	2.793250e+01	7.241315e+00	1.097359e+02	-2.592517e+03	106	1.000000e+14
4.758382e+02	1.980158e+01	1.000000e+30	3.004185e+02	1.000000e+30	5.119955e-01	8.810178e+02	1.118982e+03	9.331956e+00	9.066804e+01	-1.554197e+02	1.954197e+02	1.000000e+30	9.870240e-03	3.801810e-01	4.430070e+00	4.609885e+01	5.973389e+00	8.809204e+02	-1.554197e+02	63	1.000000e+14
4.638913e+02	1.753093e+01	1.000000e+30	3.243474e+02	1.000000e+30	2.996660e+00	9.295488e+02	1.070451e+03	6.695203e+00	9.330480e+01	-1.195439e+02	1.595439e+02	1.000000e+30	1.013775e-02	3.997947e-01	2.942160e+00	4.285171e+01	8.970103e+00	9.947506e+02	-1.195439e+02	57	1.000000e+14
2.483333e+02	3.848452e+01	1.000000e+30	2.075393e+02	1.000000e+30	-3.333357e-01	8.926285e+02	1.107372e+03	1.847543e+01	8.152457e+01	-2.079401e+01	6.079401e+01	1.000000e+30	8.400853e-03	5.651201e-01	3.545937e+00	3.408767e+01	3.543386e+00	4.539358e+02	-2.112734e+01	18	1.000000e+14
4.727056e+02	4.134471e+01	1.000000e+30	2.739660e+02	1.000000e+30	2.634144e-01	8.107668e+02	1.189233e+03	2.431942e+01	7.568058e+01	-1.787396e+02	2.187396e+02	1.000000e+30	9.545913e-03	3.943110e-01	4.653331e+00	4.485216e+01	5.598314e+00	4.220449e+02	-1.787396e+02	70	1.000000e+14
4.032602e+02	3.313067e+02	1.000000e+30	2.923302e+02	1.000000e+30	3.939460e+00	5.887753e+02	1.411225e+03	-1.695016e+01	1.169502e+02	-9.093003e+01	1.309300e+02	1.000000e+30	4.128053e-03	3.922042e-01	3.538120e+00	2.544354e+01	1.113207e+01	5.295629e+01	-1.078802e+02	51	1.000000e+14
5.961623e+02	2.951591e+01	1.000000e+30	3.553660e+02	1.000000e+30	3.672814e+00	4.068315e+02	1.593168e+03	9.138780e+00	9.086122e+01	-2.207963e+02	2.607963e+02	1.000000e+30	8.684801e-03	5.522647e-01	2.254746e+00	4.831313e+01	9.658442e+00	5.916977e+02	-2.207963e+02	73	1.000000e+14
6.091147e+02	1.721854e+02	1.000000e+30	3.485485e+02	1.000000e+30	3.195635e+00	6.333501e+02	1.366650e+03	3.085327e+01	6.914673e+01	-2.405662e+02	2.805662e+02	1.000000e+30	8.822940e-03	3.584474e-01	3.670882e+00	4.542688e+01	9.932142e+00	1.014143e+02	-2.405662e+02	75	1.000000e+14
6.934569e+02	2.262619e+01	1.000000e+30	5.848837e+02	1.000000e+30	2.785073e+00	-5.128082e+03	7.128082e+03	-1.950662e+02	2.950662e+02	-8.857329e+01	1.285733e+02	1.000000e+30	2.215738e-03	4.888061e-01	3.318620e+00	4.102809e+01	1.015539e+01	7.769079e+02	-5.411722e+03	122	1.000000e+14
3.272917e+02	1.585209e+02	1.000000e+30	3.052887e+02	1.000000e+30	2.153642e+00	-7.336793e+02	2.733679e+03	-2.803858e+01	1.280386e+02	-2.002973e+00	4.200297e+01	1.000000e+30	4.517582e-03	4.686768e-01	2.546932e+00	3.480371e+01	7.678413e+00	1.106347e+02	-7.637209e+02	91	1.000000e+14
1.404785e+02	1.908513e+01	1.000000e+30	1.970233e+02	1.000000e+30	2.210095e-01	1.362346e+03	6.376543e+02	1.944639e+01	8.055361e+01	7.654478e+01	-3.654478e+01	1.000000e+30	1.142454e-02	3.145253e-01	3.876172e+00	2.982164e+01	3.765931e+00	9.125551e+02	-3.654478e+01	27	1.000000e+14
4.380496e+02	2.249320e+02	1.000000e+30	2.706746e+02	1.000000e+30	1.979521e+00	7.323318e+02	1.267668e+03	3.370722e+01	6.629278e+01	-1.473750e+02	1.873750e+02	1.000000e+30	8.984189e-03	5.039566e-01	2.554324e+00	4.328576e+01	7.662344e+00	7.761999e+01	-1.473750e+02	62	1.000000e+14
3.176028e+02	2.552418e+01	1.000000e+30	2.812238e+02	1.000000e+30	5.905136e+00	1.204074e+03	7.959262e+02	2.700422e+01	7.299578e+01	-1.637894e+01	5.637894e+01	1.000000e+30	1.177234e-02	3.808576e-01	2.080636e+00	3.900346e+01	1.001555e+01	6.821023e+02	-1.637894e+01	14	1.000000e+14
2.926700e+02	5.052408e+01	1.000000e+30	2.289813e+02	1.000000e+30	6.773140e-01	1.219548e+03	7.804522e+02	4.099394e+01	5.900606e+01	-4.368874e+01	8.368874e+01	1.000000e+30	1.220193e-02	5.548637e-01	2.218834e+00	4.670753e+01	4.960584e+00	3.444404e+02	-4.368874e+01	31	1.000000e+14
4.768333e+02	6.165560e+01	1.000000e+30	4.335332e+02	1.000000e+30	2.965891e-01	-3.531478e+03	5.531478e+03	-1.223420e+02	2.223420e+02	-2.330008e+01	6.330008e+01	1.000000e+30	2.770652e-03	4.032406e-01	4.914076e+00	3.851382e+01	6.089710e+00	2.849488e+02	-3.677120e+03	112	1.000000e+14
3.407382e+02	1.608546e+02	1.000000e+30	2.422360e+02	1.000000e+30	1.475140e+00	8.120529e+02	1.187947e+03	1.683704e+01	8.316296e+01	-7.850215e+01	1.185022e+02	1.000000e+30	6.509083e-03	3.825348e-01	3.803662e+00	3.008995e+01	7.585408e+00	1.088115e+02	-7.850215e+01	42	1.000000e+14
8.837876e+02	2.090936e+01	1.000000e+30	4.469213e+02	1.000000e+30	2.399099e+00	-1.057342e+03	3.057342e+03	-5.066690e+01	1.506669e+02	-4.168662e+02	4.568662e+02	1.000000e+30	5.000294e-03	5.287573e-01	3.499110e+00	4.564858e+01	1.019904e+01	8.383522e+02	-1.524875e+03	95	1.000000e+14
2.882248e+02	1.756992e+02	1.000000e+30	4.640608e+02	1.000000e+30	3.703777e+00	-3.524870e+03	5.524870e+03	-1.822184e+02	2.822184e+02	1.958361e+02	-1.558361e+02	1.000000e+30	1.883298e-03	4.569375e-01	2.459057e+00	2.644311e+01	9.454659e+00	1.000820e+02	-3.862925e+03	114	1.000000e+14
6.924780e+02	2.630355e+01	1.000000e+30	4.262194e+02	1.000000e+30	2.079103e+00	-2.470664e+03	4.470664e+03	-8.584704e+01	1.858470e+02	-2.462586e+02	2.862586e+02	1.000000e+30	3.795511e-03	5.028246e-01	3.797697e+00	3.564494e+01	9.915711e+00	6.672344e+02	-2.802770e+03	108	1.000000e+14
4.822759e+02	1.812652e+01	1.000000e+30	3.153139e+02	1.000000e+30	1.435467e+00	-8.727130e+01	2.087271e+03	-2.475291e+01	1.247529e+02	-1.469620e+02	1.869620e+02	1.000000e+30	6.622532e-03	5.617165e-01	2.893468e+00	3.775237e+01	7.660694e+00	9.654821e+02	-2.589862e+02	80	1.000000e+14
3.453354e+02	7.436340e+01	1.000000e+30	2.185537e+02	1.000000e+30	-7.315375e-01	6.324627e+02	1.367537e+03	2.441973e+01	7.558027e+01	-1.067818e+02	1.467818e+02	1.000000e+30	8.548632e-03	5.840395e-01	4.647975e+00	4.110528e+01	3.016409e+00	2.348856e+02	-1.075133e+02	50	1.000000e+14
1.294198e+02	1.035649e+02	1.000000e+30	1.641892e+02	1.000000e+30	2.887553e-01	1.410797e+03	5.892032e+02	5.225346e+01	4.774654e+01	5.476941e+01	-1.476941e+01	1.000000e+30	1.284676e-02	3.451925e-01	3.100768e+00	3.213025e+01	3.667825e+00	1.679253e+02	-1.476941e+01	13	1.000000e+14
6.988086e+02	3.097038e+01	1.000000e+30	4.251345e+02	1.000000e+30	4.703364e+00	3.348116e+02	1.665188e+03	4.284055e+00	9.571595e+01	-2.536741e+02	2.936741e+02	1.000000e+30	7.816495e-03	3.188916e-01	4.021117e+00	4.502135e+01	1.179784e+01	5.644036e+02	-2.536741e+02	79	1.000000e+14
8.392980e+01	1.788984e+01	1.000000e+30	1.923893e+02	1.000000e+30	1.427806e-01	1.155616e+03	8.443841e+02	7.003233e+00	9.299677e+01	1.284595e+02	-8.845952e+01	1.000000e+30	9.394117e-03	4.297409e-01	2.403022e+00	2.527734e+01	3.133811e+00	9.755260e+02	-8.845952e+01	45	1.000000e+14
4.529639e+02	4.931886e+01	1.000000e+30	2.729980e+02	1.000000e+30	8.150123e-01	5.212740e+02	1.478726e+03	1.664845e+01	8.335155e+01	-1.599659e+02	1.999659e+02	1.000000e+30	8.192933e-03	5.270341e-01	3.074619e+00	4.249970e+01	6.410625e+00	3.542896e+02	-1.599659e+02	65	1.000000e+14
1.864130e+02	1.306746e+02	1.000000e+30	1.781081e+02	1.000000e+30	-8.086190e-02	1.314569e+03	6.854315e+02	4.577358e+01	5.422642e+01	1.169504e+01	2.830496e+01	1.000000e+30	1.078449e-02	3.348361e-01	4.689024e+00	3.353695e+01	3.450568e+00	1.333656e+02	-8.086190e-02	5	1.000000e+14
2.428620e+02	1.620062e+02	1.000000e+30	1.908994e+02	1.000000e+30	-1.741164e-01	1.053911e+03	9.460887e+02	4.375589e+01	5.624411e+01	-3.196258e+01	7.196258e+01	1.000000e+30	1.080899e-02	3.756035e-01	4.755164e+00	3.588217e+01	3.693502e+00	1.075704e+02	-3.213669e+01	23	1.000000e+14
4.877455e+02	4.497768e+01	1.000000e+30	3.578207e+02	1.000000e+30	2.591649e-01	-1.574348e+03	3.574348e+03	-8.377094e+01	1.837709e+02	-1.099248e+02	1.499248e+02	1.000000e+30	3.212019e-03	5.056778e-01	4.545215e+00	3.088724e+01	6.696354e+00	3.904361e+02	-1.768044e+03	98	1.000000e+14
1.970355e+02	5.255818e+01	1.000000e+30	2.200560e+02	1.000000e+30	2.024467e+00	1.446934e+03	5.530656e+02	4.920313e+01	5.079687e+01	4.302052e+01	-3.020521e+00	1.000000e+30	1.416167e-02	3.497391e-01	2.128570e+00	4.354146e+01	5.924640e+00	3.304530e+02	-3.020521e+00	7	1.000000e+14
3.579649e+02	6.603373e+03	1.000000e+30	2.416993e+02	1.000000e+30	2.673433e+00	5.021484e+02	1.497852e+03	2.980370e+01	7.019630e+01	-9.626562e+01	1.362656e+02	1.000000e+30	8.231513e-03	5.617885e-01	2.140518e+00	3.535307e+01	8.206807e+00	2.645994e+00	-9.626562e+01	48	1.000000e+14
6.644480e+02	2.909071e+02	1.000000e+30	3.657452e+02	1.000000e+30	1.951714e+00	-1.494002e+03	3.494002e+03	-4.882027e+01	1.488203e+02	-2.787029e+02	3.187029e+02	1.000000e+30	3.902347e-03	5.777765e-01	3.380095e+00	3.461223e+01	9.580656e+00	6.032424e+01	-1.821525e+03	100	1.000000e+14
4.284864e+02	4.099989e+01	1.000000e+30	2.962481e+02	1.000000e+30	-2.683094e-01	-1.855257e+02	2.185526e+03	-5.496726e+00	1.054967e+02	-1.122384e+02	1.522384e+02	1.000000e+30	6.651726e-03	4.352640e-01	4.809572e+00	4.811919e+01	4.145837e+00	4.268381e+02	-3.035291e+02	84	1.000000e+14
4.173047e+02	1.968162e+01	1.000000e+30	3.634419e+02	1.000000e+30	4.904282e+00	-1.825302e+02	2.182530e+03	-3.015104e+01	1.301510e+02	-3.386278e+01	7.386278e+01	1.000000e+30	5.914440e-03	4.551849e-01	2.149161e+00	4.158742e+01	9.997403e+00	8.898304e+02	-2.465440e+02	76	1.000000e+14
2.293367e+02	3.298926e+01	1.000000e+30	2.264232e+02	1.000000e+30	9.310389e-01	1.107062e+03	8.929383e+02	2.775654e+01	7.224346e+01	1.708648e+01	2.291352e+01	1.000000e+30	1.055341e-02	4.866377e-01	2.177587e+00	4.131445e+01	5.105556e+00	5.284016e+02	0.000000e+00	2	1.000000e+14
5.492118e+02	2.136547e+01	1.000000e+30	3.703829e+02	1.000000e+30	4.768029e+00	2.741151e+01	1.972588e+03	-1.443477e+01	1.144348e+02	-1.588289e+02	1.988289e+02	1.000000e+30	7.035026e-03	3.345004e-01	3.790913e+00	3.590835e+01	1.175592e+01	8.187772e+02	-1.732637e+02	69	1.000000e+14
3.947744e+02	2.723036e+01	1.000000e+30	2.607047e+02	1.000000e+30	4.990978e-01	6.687419e+02	1.331258e+03	1.062157e+01	8.937843e+01	-1.140698e+02	1.540698e+02	1.000000e+30	8.734866e-03	5.614889e-01	2.946496e+00	4.119436e+01	5.645688e+00	6.413289e+02	-1.140698e+02	53	1.000000e+14
8.681974e+02	2.447169e+01	1.000000e+30	4.248439e+02	1.000000e+30	1.953475e+00	-1.099462e+03	3.099462e+03	-3.643667e+01	1.364367e+02	-4.233535e+02	4.633535e+02	1.000000e+30	5.740545e-03	5.787488e-01	3.250131e+00	4.806870e+01	9.358748e+00	7.157807e+02	-1.559252e+03	96	1.000000e+14
5.300280e+02	2.746855e+01	1.000000e+30	4.076444e+02	1.000000e+30	4.089862e-01	-2.345748e+03	4.345748e+03	-1.266924e+02	2.266924e+02	-1.023836e+02	1.423836e+02	1.000000e+30	2.675912e-03	5.532270e-01	4.315370e+00	2.968063e+01	7.290492e+00	6.396537e+02	-2.574824e+03	105	1.000000e+14
2.022012e+02	3.185908e+01	1.000000e+30	2.365984e+02	1.000000e+30	1.934658e+00	1.455583e+03	5.444170e+02	4.185787e+01	5.814213e+01	5.439719e+01	-1.439719e+01	1.000000e+30	1.451729e-02	3.648316e-01	2.004617e+00	4.705761e+01	5.726412e+00	5.449542e+02	-1.439719e+01	12	1.000000e+14
5.500574e+02	3.011618e+01	1.000000e+30	5.307218e+02	1.000000e+30	5.051572e-01	-5.498133e+03	7.498133e+03	-2.004474e+02	3.004474e+02	6.644049e-01	3.933560e+01	1.000000e+30	2.117243e-03	4.798264e-01	4.306335e+00	3.765457e+01	6.890504e+00	5.837461e+02	-5.698581e+03	123	1.000000e+14
1.674643e+02	3.217848e+01	1.000000e+30	2.118878e+02	1.000000e+30	2.545399e-01	1.451677e+03	5.483232e+02	4.191103e+01	5.808897e+01	6.442348e+01	-2.442348e+01	1.000000e+30	1.435449e-02	4.217382e-01	2.360472e+00	4.843013e+01	3.385458e+00	5.396343e+02	-2.442348e+01	20	1.000000e+14
2.285679e+02	2.602681e+01	1.000000e+30	4.440564e+02	1.000000e+30	1.819327e-03	-3.364632e+03	5.364632e+03	-1.952047e+02	2.952047e+02	2.354885e+02	-1.954885e+02	1.000000e+30	1.945341e-03	4.604395e-01	4.033885e+00	2.538508e+01	4.724908e+00	6.755813e+02	-3.755325e+03	113	1.000000e+14
5.607612e+02	5.415654e+01	1.000000e+30	3.498215e+02	1.000000e+30	3.240253e+00	4.058899e+02	1.594110e+03	1.558458e+01	8.441542e+01	-1.909397e+02	2.309397e+02	1.000000e+30	8.043898e-03	3.117713e-01	4.212626e+00	4.126485e+01	1.008466e+01	3.226902e+02	-1.909397e+02	72	1.000000e+14
3.243874e+02	7.171362e+02	1.000000e+30	2.293262e+02	1.000000e+30	8.580292e-01	8.556385e+02	1.144361e+03	4.071982e+01	5.928018e+01	-7.506124e+01	1.150612e+02	1.000000e+30	9.781950e-03	3.234907e-01	4.343577e+00	3.686386e+01	6.103886e+00	2.432616e+01	-7.506124e+01	41	1.000000e+14
5.073482e+02	2.532156e+01	1.000000e+30	3.606846e+02	1.000000e+30	6.484444e+00	1.001017e+03	9.989830e+02	2.037940e+01	7.962060e+01	-1.266635e+02	1.666635e+02	1.000000e+30	1.051304e-02	3.913169e-01	2.439185e+00	4.504181e+01	1.150190e+01	6.884364e+02	-1.266635e+02	58	1.000000e+14
4.232849e+02	4.845320e+01	1.000000e+30	2.979909e+02	1.000000e+30	4.854404e-01	1.507902e+02	1.849210e+03	7.230967e+00	9.276903e+01	-1.052941e+02	1.452941e+02	1.000000e+30	7.446035e-03	4.435078e-01	3.497386e+00	4.825128e+01	5.512286e+00	3.608909e+02	-1.052941e+02	49	1.000000e+14
6.293413e+02	1.846934e+01	1.000000e+30	1.830300e+03	1.000000e+30	3.120664e+00	-3.026790e+04	3.226790e+04	-1.289068e+03	1.389068e+03	1.220959e+03	-1.180959e+03	1.000000e+30	4.057118e-04	4.885103e-01	3.897113e+00	2.755772e+01	1.169173e+01	9.534911e+02	-3.273793e+04	144	1.000000e+14
