# This file contains runtime information


 Initialization done, now performing first generation
 gen = 1
 gen = 2
 gen = 3
 gen = 4
 gen = 5
 gen = 6
 gen = 7
 gen = 8
 gen = 9
 gen = 10
 gen = 11
 gen = 12
 gen = 13
 gen = 14
 gen = 15
 gen = 16
 gen = 17
 gen = 18
 gen = 19
 gen = 20
 gen = 21
 gen = 22
 gen = 23
 gen = 24
 gen = 25
 gen = 26
 gen = 27
 gen = 28
 gen = 29
 gen = 30
 gen = 31
 gen = 32
 gen = 33
 gen = 34
 gen = 35
 gen = 36
 gen = 37
 gen = 38
 gen = 39
 gen = 40
 gen = 41
 gen = 42
 gen = 43
 gen = 44
 gen = 45
 gen = 46
 gen = 47
 gen = 48
 gen = 49
 gen = 50
 gen = 51
 gen = 52
 gen = 53
 gen = 54
 gen = 55
 gen = 56
 gen = 57
 gen = 58
 gen = 59
 gen = 60
 gen = 61
 gen = 62
 gen = 63
 gen = 64
 gen = 65
 gen = 66
 gen = 67
 gen = 68
 gen = 69
 gen = 70
 gen = 71
 gen = 72
 gen = 73
 gen = 74
 gen = 75
 gen = 76
 gen = 77
 gen = 78
 gen = 79
 gen = 80
 gen = 81
 gen = 82
 gen = 83
 gen = 84
 gen = 85
 gen = 86
 gen = 87
 gen = 88
 gen = 89
 gen = 90
 gen = 91
 gen = 92
 gen = 93
 gen = 94
 gen = 95
 gen = 96
 gen = 97
 gen = 98
 gen = 99
 gen = 100
 gen = 101
 gen = 102
 gen = 103
 gen = 104
 gen = 105
 gen = 106
 gen = 107
 gen = 108
 gen = 109
 gen = 110
 gen = 111
 gen = 112
 gen = 113
 gen = 114
 gen = 115
 gen = 116
 gen = 117
 gen = 118
 gen = 119
 gen = 120
 gen = 121
 gen = 122
 gen = 123
 gen = 124
 gen = 125
 gen = 126
 gen = 127
 gen = 128
 gen = 129
 gen = 130
 gen = 131
 gen = 132
 gen = 133
 gen = 134
 gen = 135
 gen = 136
 gen = 137
 gen = 138
 gen = 139
 gen = 140
 gen = 141
 gen = 142
 gen = 143
 gen = 144
 gen = 145
 gen = 146
 gen = 147
 gen = 148
 gen = 149
 gen = 150
 gen = 151
 gen = 152
 gen = 153
 gen = 154
 gen = 155
 gen = 156
 gen = 157
 gen = 158
 gen = 159
 gen = 160
 gen = 161
 gen = 162
 gen = 163
 gen = 164
 gen = 165
 gen = 166
 gen = 167
 gen = 168
 gen = 169
 gen = 170
 gen = 171
 gen = 172
 gen = 173
 gen = 174
 gen = 175
 gen = 176
 gen = 177
 gen = 178
 gen = 179
 gen = 180
 gen = 181
 gen = 182
 gen = 183
 gen = 184
 gen = 185
 gen = 186
 gen = 187
 gen = 188
 gen = 189
 gen = 190
 gen = 191
 gen = 192
 gen = 193
 gen = 194
 gen = 195
 gen = 196
 gen = 197
 gen = 198
 gen = 199
 gen = 200
 gen = 201
 gen = 202
 gen = 203
 gen = 204
 gen = 205
 gen = 206
 gen = 207
 gen = 208
 gen = 209
 gen = 210
 gen = 211
 gen = 212
 gen = 213
 gen = 214
 gen = 215
 gen = 216
 gen = 217
 gen = 218
 gen = 219
 gen = 220
 gen = 221
 gen = 222
 gen = 223
 gen = 224
 gen = 225
 gen = 226
 gen = 227
 gen = 228
 gen = 229
 gen = 230
 gen = 231
 gen = 232
 gen = 233
 gen = 234
 gen = 235
 gen = 236
 gen = 237
 gen = 238
 gen = 239
 gen = 240
 gen = 241
 gen = 242
 gen = 243
 gen = 244
 gen = 245
 gen = 246
 gen = 247
 gen = 248
 gen = 249
 gen = 250
 gen = 251
 gen = 252
 gen = 253
 gen = 254
 gen = 255
 gen = 256
 gen = 257
 gen = 258
 gen = 259
 gen = 260
 gen = 261
 gen = 262
 gen = 263
 gen = 264
 gen = 265
 gen = 266
 gen = 267
 gen = 268
 gen = 269
 gen = 270
 gen = 271
 gen = 272
 gen = 273
 gen = 274
 gen = 275
 gen = 276
 gen = 277
 gen = 278
 gen = 279
 gen = 280
 gen = 281
 gen = 282
 gen = 283
 gen = 284
 gen = 285
 gen = 286
 gen = 287
 gen = 288
 gen = 289
 gen = 290
 gen = 291
 gen = 292
 gen = 293
 gen = 294
 gen = 295
 gen = 296
 gen = 297
 gen = 298
 gen = 299
 gen = 300
 gen = 301
 gen = 302
 gen = 303
 gen = 304
 gen = 305
 gen = 306
 gen = 307
 gen = 308
 gen = 309
 gen = 310
 gen = 311
 gen = 312
 gen = 313
 gen = 314
 gen = 315
 gen = 316
 gen = 317
 gen = 318
 gen = 319
 gen = 320
 gen = 321
 gen = 322
 gen = 323
 gen = 324
 gen = 325
 gen = 326
 gen = 327
 gen = 328
 gen = 329
 gen = 330
 gen = 331
 gen = 332
 gen = 333
 gen = 334
 gen = 335
 gen = 336
 gen = 337
 gen = 338
 gen = 339
 gen = 340
 gen = 341
 gen = 342
 gen = 343
 gen = 344
 gen = 345
 gen = 346
 gen = 347
 gen = 348
 gen = 349
 gen = 350
 gen = 351
 gen = 352
 gen = 353
 gen = 354
 gen = 355
 gen = 356
 gen = 357
 gen = 358
 gen = 359
 gen = 360
 gen = 361
 gen = 362
 gen = 363
 gen = 364
 gen = 365
 gen = 366
 gen = 367
 gen = 368
 gen = 369
 gen = 370
 gen = 371
 gen = 372
 gen = 373
 gen = 374
 gen = 375
 gen = 376
 gen = 377
 gen = 378
 gen = 379
 gen = 380
 gen = 381
 gen = 382
 gen = 383
 gen = 384
 gen = 385
 gen = 386
 gen = 387
 gen = 388
 gen = 389
 gen = 390
 gen = 391
 gen = 392
 gen = 393
 gen = 394
 gen = 395
 gen = 396
 gen = 397
 gen = 398
 gen = 399
 gen = 400
 gen = 401
 gen = 402
 gen = 403
 gen = 404
 gen = 405
 gen = 406
 gen = 407
 gen = 408
 gen = 409
 gen = 410
 gen = 411
 gen = 412
 gen = 413
 gen = 414
 gen = 415
 gen = 416
 gen = 417
 gen = 418
 gen = 419
 gen = 420
 gen = 421
 gen = 422
 gen = 423
 gen = 424
 gen = 425
 gen = 426
 gen = 427
 gen = 428
 gen = 429
 gen = 430
 gen = 431
 gen = 432
 gen = 433
 gen = 434
 gen = 435
 gen = 436
 gen = 437
 gen = 438
 gen = 439
 gen = 440
 gen = 441
 gen = 442
 gen = 443
 gen = 444
 gen = 445
 gen = 446
 gen = 447
 gen = 448
 gen = 449
 gen = 450
 gen = 451
 gen = 452
 gen = 453
 gen = 454
 gen = 455
 gen = 456
 gen = 457
 gen = 458
 gen = 459
 gen = 460
 gen = 461
 gen = 462
 gen = 463
 gen = 464
 gen = 465
 gen = 466
 gen = 467
 gen = 468
 gen = 469
 gen = 470
 gen = 471
 gen = 472
 gen = 473
 gen = 474
 gen = 475
 gen = 476
 gen = 477
 gen = 478
 gen = 479
 gen = 480
 gen = 481
 gen = 482
 gen = 483
 gen = 484
 gen = 485
 gen = 486
 gen = 487
 gen = 488
 gen = 489
 gen = 490
 gen = 491
 gen = 492
 gen = 493
 gen = 494
 gen = 495
 gen = 496
 gen = 497
 gen = 498
 gen = 499
 gen = 500
 Generations finished
 Routine successfully exited 
