# This file contains the data of final feasible population (if found)
# of objectives = 2, # of constraints = 14, # of real_var = 5, # of bits of bin_var = 0, constr_violation, rank, crowding_distance
2.066323e+02	1.743262e+01	1.000000e+30	2.164771e+02	1.000000e+30	4.497938e-01	2.212941e+03	7.870590e+02	1.114856e+01	8.885144e+01	1.984481e+01	1.551863e-01	1.000000e+30	1.049417e-02	2.397587e-01	2.760241e+00	5.874874e-01	2.205957e+00	3.406949e+01	4.561310e+00	9.999998e+02	0.000000e+00	1	1.000000e+14
1.465415e+02	4.857023e+03	1.000000e+30	1.565406e+02	1.000000e+30	2.198867e-03	2.388442e+03	6.115583e+02	5.561483e+01	4.438517e+01	1.999903e+01	9.705266e-04	1.000000e+30	1.215776e-02	1.997264e-01	2.800274e+00	5.896049e-01	2.220929e+00	3.344331e+01	3.261431e+00	3.583123e+00	0.000000e+00	1	1.000000e+14
1.467744e+02	2.685189e+03	1.000000e+30	1.567517e+02	1.000000e+30	1.887093e-03	2.389570e+03	6.104304e+02	5.559752e+01	4.440248e+01	1.997729e+01	2.270780e-02	1.000000e+30	1.218233e-02	1.986319e-01	2.801368e+00	5.896441e-01	2.219453e+00	3.354830e+01	3.258341e+00	6.481063e+00	0.000000e+00	1	1.120129e-01
1.469935e+02	1.638823e+03	1.000000e+30	1.569926e+02	1.000000e+30	1.016735e-03	2.389587e+03	6.104134e+02	5.544435e+01	4.455565e+01	1.999908e+01	9.213370e-04	1.000000e+30	1.218284e-02	1.984274e-01	2.801573e+00	5.893588e-01	2.222047e+00	3.358132e+01	3.257768e+00	1.061912e+01	0.000000e+00	1	1.099278e-01
1.465666e+02	4.350247e+03	1.000000e+30	1.565638e+02	1.000000e+30	2.114427e-03	2.388444e+03	6.115560e+02	5.559935e+01	4.440065e+01	1.999719e+01	2.809796e-03	1.000000e+30	1.215780e-02	1.997101e-01	2.800290e+00	5.896358e-01	2.221014e+00	3.344651e+01	3.261382e+00	4.000533e+00	0.000000e+00	1	8.462321e-02
1.466219e+02	3.535615e+03	1.000000e+30	1.566165e+02	1.000000e+30	2.395644e-03	2.388275e+03	6.117251e+02	5.555797e+01	4.444203e+01	1.999463e+01	5.369974e-03	1.000000e+30	1.215596e-02	1.997629e-01	2.800237e+00	5.896723e-01	2.220968e+00	3.344651e+01	3.262478e+00	4.922295e+00	0.000000e+00	1	8.416335e-02
1.467618e+02	2.704349e+03	1.000000e+30	1.567476e+02	1.000000e+30	1.930667e-03	2.389161e+03	6.108389e+02	5.555424e+01	4.444576e+01	1.998583e+01	1.417047e-02	1.000000e+30	1.217022e-02	1.990695e-01	2.800931e+00	5.892153e-01	2.221936e+00	3.351242e+01	3.260276e+00	6.435223e+00	0.000000e+00	1	7.374229e-02
1.466731e+02	3.390790e+03	1.000000e+30	1.566728e+02	1.000000e+30	2.506983e-03	2.389723e+03	6.102767e+02	5.566501e+01	4.433499e+01	1.999976e+01	2.374559e-04	1.000000e+30	1.218690e-02	1.985351e-01	2.801465e+00	5.896441e-01	2.217920e+00	3.354830e+01	3.258341e+00	5.132373e+00	0.000000e+00	1	7.165716e-02
1.465666e+02	4.350247e+03	1.000000e+30	1.565638e+02	1.000000e+30	2.114427e-03	2.388444e+03	6.115560e+02	5.559935e+01	4.440065e+01	1.999719e+01	2.809796e-03	1.000000e+30	1.215780e-02	1.997101e-01	2.800290e+00	5.896358e-01	2.221014e+00	3.344651e+01	3.261382e+00	4.000533e+00	0.000000e+00	1	5.235725e-02
1.473539e+02	1.054830e+03	1.000000e+30	1.573382e+02	1.000000e+30	7.098607e-03	2.388917e+03	6.110830e+02	5.515221e+01	4.484779e+01	1.998430e+01	1.569718e-02	1.000000e+30	1.216339e-02	1.992031e-01	2.800797e+00	5.895291e-01	2.217919e+00	3.354676e+01	3.274257e+00	1.649860e+01	0.000000e+00	1	2.930113e-02
1.473446e+02	1.337147e+03	1.000000e+30	1.572315e+02	1.000000e+30	1.940759e-03	2.390389e+03	6.096108e+02	5.544286e+01	4.455714e+01	1.988689e+01	1.131072e-01	1.000000e+30	1.220671e-02	1.973284e-01	2.802672e+00	5.893573e-01	2.219770e+00	3.369603e+01	3.257778e+00	1.301461e+01	0.000000e+00	1	2.924500e-02
2.064100e+02	1.743428e+01	1.000000e+30	2.164068e+02	1.000000e+30	4.419704e-01	2.201949e+03	7.980506e+02	1.069117e+01	8.930883e+01	1.999680e+01	3.201183e-03	1.000000e+30	1.040301e-02	2.427018e-01	2.757298e+00	5.886260e-01	2.215814e+00	3.381591e+01	4.561310e+00	9.999971e+02	0.000000e+00	1	2.651633e-02
2.034455e+02	1.743632e+01	1.000000e+30	2.133582e+02	1.000000e+30	1.115602e-02	2.185660e+03	8.143398e+02	1.006322e+01	8.993678e+01	1.991265e+01	8.735443e-02	1.000000e+30	1.028428e-02	2.373917e-01	2.762608e+00	5.898212e-01	2.582699e+00	3.408767e+01	3.818645e+00	9.999996e+02	0.000000e+00	1	2.466666e-02
1.469935e+02	1.638823e+03	1.000000e+30	1.569926e+02	1.000000e+30	1.016735e-03	2.389587e+03	6.104134e+02	5.544435e+01	4.455565e+01	1.999908e+01	9.213370e-04	1.000000e+30	1.218284e-02	1.984274e-01	2.801573e+00	5.893588e-01	2.222047e+00	3.358132e+01	3.257768e+00	1.061912e+01	0.000000e+00	1	2.148300e-02
1.479420e+02	6.247664e+02	1.000000e+30	1.579336e+02	1.000000e+30	3.688626e-03	2.384611e+03	6.153887e+02	5.455158e+01	4.544842e+01	1.999159e+01	8.410490e-03	1.000000e+30	1.211650e-02	2.005392e-01	2.799461e+00	5.893689e-01	2.229167e+00	3.348464e+01	3.277696e+00	2.785687e+01	0.000000e+00	1	2.126989e-02
1.471443e+02	1.443031e+03	1.000000e+30	1.570489e+02	1.000000e+30	2.984183e-02	2.352790e+03	6.472099e+02	5.382481e+01	4.617519e+01	1.990454e+01	9.546155e-02	1.000000e+30	1.177414e-02	2.147345e-01	2.785265e+00	5.894996e-01	2.231604e+00	3.231055e+01	3.374047e+00	1.206493e+01	0.000000e+00	1	2.073250e-02
1.477058e+02	7.930677e+02	1.000000e+30	1.576344e+02	1.000000e+30	9.098618e-05	2.387508e+03	6.124915e+02	5.489202e+01	4.510798e+01	1.992861e+01	7.138853e-02	1.000000e+30	1.214840e-02	1.993183e-01	2.800682e+00	5.893589e-01	2.229167e+00	3.356423e+01	3.264758e+00	2.194450e+01	0.000000e+00	1	1.993786e-02
1.466731e+02	3.390790e+03	1.000000e+30	1.566728e+02	1.000000e+30	2.506983e-03	2.389723e+03	6.102767e+02	5.566501e+01	4.433499e+01	1.999976e+01	2.374559e-04	1.000000e+30	1.218690e-02	1.985351e-01	2.801465e+00	5.896441e-01	2.217920e+00	3.354830e+01	3.258341e+00	5.132373e+00	0.000000e+00	1	1.538838e-02
1.466219e+02	3.535615e+03	1.000000e+30	1.566165e+02	1.000000e+30	2.395644e-03	2.388275e+03	6.117251e+02	5.555797e+01	4.444203e+01	1.999463e+01	5.369974e-03	1.000000e+30	1.215596e-02	1.997629e-01	2.800237e+00	5.896723e-01	2.220968e+00	3.344651e+01	3.262478e+00	4.922295e+00	0.000000e+00	1	1.538838e-02
1.824045e+02	2.779667e+01	1.000000e+30	1.921677e+02	1.000000e+30	7.508024e-03	2.245797e+03	7.542026e+02	2.646947e+01	7.353053e+01	1.976319e+01	2.368116e-01	1.000000e+30	1.077583e-02	2.304933e-01	2.769507e+00	5.896361e-01	2.473793e+00	3.342057e+01	3.646927e+00	6.269693e+02	0.000000e+00	1	1.407012e-02
1.840503e+02	2.676162e+01	1.000000e+30	1.940328e+02	1.000000e+30	4.064153e-02	2.246304e+03	7.536962e+02	2.558555e+01	7.441445e+01	1.998251e+01	1.748721e-02	1.000000e+30	1.078091e-02	2.298915e-01	2.770108e+00	5.824229e-01	2.466855e+00	3.356937e+01	3.719323e+00	6.512150e+02	0.000000e+00	1	1.380119e-02
1.472050e+02	1.347464e+03	1.000000e+30	1.571999e+02	1.000000e+30	1.503596e-03	2.390056e+03	6.099444e+02	5.540983e+01	4.459017e+01	1.999491e+01	5.086549e-03	1.000000e+30	1.219678e-02	1.976920e-01	2.802308e+00	5.884372e-01	2.223656e+00	3.365625e+01	3.257929e+00	1.291509e+01	0.000000e+00	1	1.260557e-02
1.476356e+02	7.930699e+02	1.000000e+30	1.576085e+02	1.000000e+30	6.216187e-05	2.387258e+03	6.127420e+02	5.488157e+01	4.511843e+01	1.997289e+01	2.710530e-02	1.000000e+30	1.214558e-02	1.994688e-01	2.800531e+00	5.893832e-01	2.229167e+00	3.354689e+01	3.264758e+00	2.194450e+01	0.000000e+00	1	1.230880e-02
1.471443e+02	1.443031e+03	1.000000e+30	1.570489e+02	1.000000e+30	2.984183e-02	2.352790e+03	6.472099e+02	5.382481e+01	4.617519e+01	1.990454e+01	9.546155e-02	1.000000e+30	1.177414e-02	2.147345e-01	2.785265e+00	5.894996e-01	2.231604e+00	3.231055e+01	3.374047e+00	1.206493e+01	0.000000e+00	1	1.112830e-02
1.475491e+02	8.995830e+02	1.000000e+30	1.575451e+02	1.000000e+30	3.120172e-03	2.390473e+03	6.095266e+02	5.521523e+01	4.478477e+01	1.999600e+01	4.004928e-03	1.000000e+30	1.220922e-02	1.971812e-01	2.802819e+00	5.896390e-01	2.218021e+00	3.372341e+01	3.260661e+00	1.934497e+01	0.000000e+00	1	1.100435e-02
1.485683e+02	5.318333e+02	1.000000e+30	1.583891e+02	1.000000e+30	4.902002e-02	2.339000e+03	6.610002e+02	5.248156e+01	4.751844e+01	1.982086e+01	1.791369e-01	1.000000e+30	1.163213e-02	2.197349e-01	2.780265e+00	5.899624e-01	2.228905e+00	3.202845e+01	3.438166e+00	3.274066e+01	0.000000e+00	1	1.064300e-02
1.486713e+02	4.415119e+02	1.000000e+30	1.586566e+02	1.000000e+30	1.185405e-02	2.384620e+03	6.153799e+02	5.411983e+01	4.588017e+01	1.998531e+01	1.469161e-02	1.000000e+30	1.211676e-02	2.003943e-01	2.799606e+00	5.893584e-01	2.222557e+00	3.355114e+01	3.297159e+00	3.941917e+01	0.000000e+00	1	1.018854e-02
1.726442e+02	3.789856e+01	1.000000e+30	1.826294e+02	1.000000e+30	4.722907e-02	2.309984e+03	6.900163e+02	3.536459e+01	6.463541e+01	1.998521e+01	1.478977e-02	1.000000e+30	1.136070e-02	2.164322e-01	2.783568e+00	5.886353e-01	2.343990e+00	3.394027e+01	3.593250e+00	4.595783e+02	0.000000e+00	1	9.788797e-03
1.965642e+02	2.000854e+01	1.000000e+30	2.065290e+02	1.000000e+30	1.924166e-02	2.182412e+03	8.175881e+02	1.471953e+01	8.528047e+01	1.996483e+01	3.516844e-02	1.000000e+30	1.025374e-02	2.414013e-01	2.758599e+00	5.889259e-01	2.559149e+00	3.337420e+01	3.808816e+00	8.714705e+02	0.000000e+00	1	9.644478e-03
1.954117e+02	2.054454e+01	1.000000e+30	2.053932e+02	1.000000e+30	9.335800e-03	2.215354e+03	7.846465e+02	1.695362e+01	8.304638e+01	1.998150e+01	1.849776e-02	1.000000e+30	1.052480e-02	2.316720e-01	2.768328e+00	5.761124e-01	2.586147e+00	3.409990e+01	3.748778e+00	8.485019e+02	0.000000e+00	1	9.644478e-03
1.679425e+02	4.727199e+01	1.000000e+30	1.778943e+02	1.000000e+30	1.111615e-01	2.338379e+03	6.616207e+02	3.993353e+01	6.006647e+01	1.995172e+01	4.827537e-02	1.000000e+30	1.163714e-02	2.109825e-01	2.789018e+00	5.892823e-01	2.234261e+00	3.407070e+01	3.649010e+00	3.683467e+02	0.000000e+00	1	9.409281e-03
1.475369e+02	9.814893e+02	1.000000e+30	1.574908e+02	1.000000e+30	2.586938e-03	2.390260e+03	6.097401e+02	5.525203e+01	4.474797e+01	1.995382e+01	4.618221e-02	1.000000e+30	1.220286e-02	1.973534e-01	2.802647e+00	5.889732e-01	2.221302e+00	3.370868e+01	3.260683e+00	1.773072e+01	0.000000e+00	1	9.250232e-03
1.628347e+02	6.098552e+01	1.000000e+30	1.728314e+02	1.000000e+30	3.968546e-02	2.307500e+03	6.925000e+02	4.175099e+01	5.824901e+01	1.999662e+01	3.380773e-03	1.000000e+30	1.133031e-02	2.221060e-01	2.777894e+00	5.875814e-01	2.326000e+00	3.283518e+01	3.536572e+00	2.856069e+02	0.000000e+00	1	9.228115e-03
1.637439e+02	6.047560e+01	1.000000e+30	1.736472e+02	1.000000e+30	1.473756e-01	2.314873e+03	6.851270e+02	4.195561e+01	5.804439e+01	1.990336e+01	9.664366e-02	1.000000e+30	1.139841e-02	2.224656e-01	2.777534e+00	5.875305e-01	2.215895e+00	3.286780e+01	3.729645e+00	2.879953e+02	0.000000e+00	1	9.215822e-03
1.483928e+02	5.629727e+02	1.000000e+30	1.583891e+02	1.000000e+30	7.305284e-02	2.338062e+03	6.619381e+02	5.250747e+01	4.749253e+01	1.999634e+01	3.661395e-03	1.000000e+30	1.162154e-02	2.208969e-01	2.779103e+00	5.890996e-01	2.207189e+00	3.192674e+01	3.484036e+00	3.093002e+01	0.000000e+00	1	9.106716e-03
1.688951e+02	4.632173e+01	1.000000e+30	1.787304e+02	1.000000e+30	1.626691e-01	2.297422e+03	7.025783e+02	3.794671e+01	6.205329e+01	1.983524e+01	1.647579e-01	1.000000e+30	1.123255e-02	2.261755e-01	2.773824e+00	5.896080e-01	2.229182e+00	3.291431e+01	3.805188e+00	3.760570e+02	0.000000e+00	1	9.104213e-03
1.717973e+02	3.941744e+01	1.000000e+30	1.816162e+02	1.000000e+30	3.484852e-02	2.298437e+03	7.015632e+02	3.554714e+01	6.445286e+01	1.981893e+01	1.810731e-01	1.000000e+30	1.124941e-02	2.203967e-01	2.779603e+00	5.893867e-01	2.363192e+00	3.356423e+01	3.581729e+00	4.419190e+02	0.000000e+00	1	9.097378e-03
1.553192e+02	1.133994e+02	1.000000e+30	1.653020e+02	1.000000e+30	6.605992e-02	2.343924e+03	6.560762e+02	4.817831e+01	5.182169e+01	1.998281e+01	1.719492e-02	1.000000e+30	1.168682e-02	2.145105e-01	2.785490e+00	5.896697e-01	2.230440e+00	3.291580e+01	3.496826e+00	1.535424e+02	0.000000e+00	1	8.584920e-03
1.475491e+02	8.995830e+02	1.000000e+30	1.575451e+02	1.000000e+30	3.120172e-03	2.390473e+03	6.095266e+02	5.521523e+01	4.478477e+01	1.999600e+01	4.004928e-03	1.000000e+30	1.220922e-02	1.971812e-01	2.802819e+00	5.896390e-01	2.218021e+00	3.372341e+01	3.260661e+00	1.934497e+01	0.000000e+00	1	8.462114e-03
1.985260e+02	1.908949e+01	1.000000e+30	2.084716e+02	1.000000e+30	3.541193e-02	2.209580e+03	7.904199e+02	1.428876e+01	8.571124e+01	1.994559e+01	5.441286e-02	1.000000e+30	1.047552e-02	2.340085e-01	2.765992e+00	5.895947e-01	2.522861e+00	3.408767e+01	3.816153e+00	9.132222e+02	0.000000e+00	1	8.458342e-03
1.481722e+02	6.247548e+02	1.000000e+30	1.580181e+02	1.000000e+30	2.727903e-03	2.386270e+03	6.137302e+02	5.462041e+01	4.537959e+01	1.984591e+01	1.540889e-01	1.000000e+30	1.213495e-02	1.996631e-01	2.800337e+00	5.893689e-01	2.229167e+00	3.357196e+01	3.274257e+00	2.785687e+01	0.000000e+00	1	8.298229e-03
1.650560e+02	5.347019e+01	1.000000e+30	1.750019e+02	1.000000e+30	4.599638e-02	2.319823e+03	6.801765e+02	4.076377e+01	5.923623e+01	1.994597e+01	5.403206e-02	1.000000e+30	1.145182e-02	2.171046e-01	2.782895e+00	5.896550e-01	2.307934e+00	3.338173e+01	3.541227e+00	3.257095e+02	0.000000e+00	1	8.181710e-03
1.657715e+02	5.135835e+01	1.000000e+30	1.757702e+02	1.000000e+30	4.935040e-02	2.319383e+03	6.806165e+02	4.024562e+01	5.975438e+01	1.999874e+01	1.255074e-03	1.000000e+30	1.144786e-02	2.169619e-01	2.783038e+00	5.894365e-01	2.307867e+00	3.344133e+01	3.551659e+00	3.391039e+02	0.000000e+00	1	7.980285e-03
1.613237e+02	6.927285e+01	1.000000e+30	1.713017e+02	1.000000e+30	1.081539e-01	2.352495e+03	6.475053e+02	4.488203e+01	5.511797e+01	1.997799e+01	2.201351e-02	1.000000e+30	1.177823e-02	2.090650e-01	2.790935e+00	5.877479e-01	2.205732e+00	3.377148e+01	3.591343e+00	2.513250e+02	0.000000e+00	1	7.881216e-03
1.502532e+02	2.704898e+02	1.000000e+30	1.602516e+02	1.000000e+30	6.711387e-02	2.336241e+03	6.637585e+02	5.118560e+01	4.881440e+01	1.999849e+01	1.511288e-03	1.000000e+30	1.160465e-02	2.202818e-01	2.779718e+00	5.893519e-01	2.220768e+00	3.210694e+01	3.484973e+00	6.437601e+01	0.000000e+00	1	7.674794e-03
1.915998e+02	2.228348e+01	1.000000e+30	2.015184e+02	1.000000e+30	1.247862e-02	2.231834e+03	7.681657e+02	2.010911e+01	7.989089e+01	1.991853e+01	8.147043e-02	1.000000e+30	1.066195e-02	2.290887e-01	2.770911e+00	5.774891e-01	2.551647e+00	3.408802e+01	3.717763e+00	7.821786e+02	0.000000e+00	1	7.516109e-03
1.783223e+02	3.166129e+01	1.000000e+30	1.880955e+02	1.000000e+30	2.709662e-02	2.254939e+03	7.450612e+02	2.970245e+01	7.029755e+01	1.977327e+01	2.267332e-01	1.000000e+30	1.085344e-02	2.301980e-01	2.769802e+00	5.871784e-01	2.439635e+00	3.319296e+01	3.655251e+00	5.503973e+02	0.000000e+00	1	7.505219e-03
1.967284e+02	1.994888e+01	1.000000e+30	2.067066e+02	1.000000e+30	2.531010e-02	2.182662e+03	8.173375e+02	1.463190e+01	8.536810e+01	1.997816e+01	2.183841e-02	1.000000e+30	1.025557e-02	2.414511e-01	2.758549e+00	5.889259e-01	2.552757e+00	3.337948e+01	3.820939e+00	8.740755e+02	0.000000e+00	1	7.422564e-03
1.886178e+02	2.362971e+01	1.000000e+30	1.985826e+02	1.000000e+30	5.512332e-03	2.216156e+03	7.838444e+02	2.111008e+01	7.888992e+01	1.996480e+01	3.519516e-02	1.000000e+30	1.052551e-02	2.357466e-01	2.764253e+00	5.890265e-01	2.522588e+00	3.337073e+01	3.707562e+00	7.377182e+02	0.000000e+00	1	7.347721e-03
1.821266e+02	2.779692e+01	1.000000e+30	1.920965e+02	1.000000e+30	7.508024e-03	2.244804e+03	7.551963e+02	2.642761e+01	7.357239e+01	1.996987e+01	3.012532e-02	1.000000e+30	1.076693e-02	2.309156e-01	2.769084e+00	5.896361e-01	2.473793e+00	3.336965e+01	3.646927e+00	6.269693e+02	0.000000e+00	1	7.319249e-03
1.672742e+02	4.974210e+01	1.000000e+30	1.772304e+02	1.000000e+30	1.234347e-01	2.293596e+03	7.064041e+02	3.875803e+01	6.124197e+01	1.995622e+01	4.378317e-02	1.000000e+30	1.119717e-02	2.266959e-01	2.773304e+00	5.852143e-01	2.277185e+00	3.276766e+01	3.733557e+00	3.502111e+02	0.000000e+00	1	7.290520e-03
1.491690e+02	4.191925e+02	1.000000e+30	1.591654e+02	1.000000e+30	1.154181e-01	2.347360e+03	6.526402e+02	5.249193e+01	4.750807e+01	1.999636e+01	3.635205e-03	1.000000e+30	1.171570e-02	2.184378e-01	2.781562e+00	5.898672e-01	2.156862e+00	3.217145e+01	3.552090e+00	4.153485e+01	0.000000e+00	1	7.211817e-03
1.760780e+02	3.378678e+01	1.000000e+30	1.858896e+02	1.000000e+30	1.022540e-02	2.261051e+03	7.389487e+02	3.124910e+01	6.875090e+01	1.981163e+01	1.883734e-01	1.000000e+30	1.090716e-02	2.291138e-01	2.770886e+00	5.888847e-01	2.439970e+00	3.313947e+01	3.604106e+00	5.157444e+02	0.000000e+00	1	7.155695e-03
1.948158e+02	2.085520e+01	1.000000e+30	2.044927e+02	1.000000e+30	5.026831e-02	2.206315e+03	7.936848e+02	1.703382e+01	8.296618e+01	1.967686e+01	3.231405e-01	1.000000e+30	1.044542e-02	2.370234e-01	2.762977e+00	5.898885e-01	2.497675e+00	3.362859e+01	3.832326e+00	8.359295e+02	0.000000e+00	1	7.038775e-03
1.665685e+02	5.042963e+01	1.000000e+30	1.762629e+02	1.000000e+30	5.053883e-02	2.321270e+03	6.787303e+02	4.009171e+01	5.990829e+01	1.969439e+01	3.056115e-01	1.000000e+30	1.146699e-02	2.159192e-01	2.784081e+00	5.894498e-01	2.307295e+00	3.357859e+01	3.554948e+00	3.453422e+02	0.000000e+00	1	6.938040e-03
1.616333e+02	6.565125e+01	1.000000e+30	1.716265e+02	1.000000e+30	4.908136e-02	2.332656e+03	6.673445e+02	4.354938e+01	5.645062e+01	1.999316e+01	6.840753e-03	1.000000e+30	1.157749e-02	2.143954e-01	2.785605e+00	5.883482e-01	2.284758e+00	3.336512e+01	3.512498e+00	2.652430e+02	0.000000e+00	1	6.790169e-03
1.993348e+02	1.897211e+01	1.000000e+30	2.092153e+02	1.000000e+30	3.072038e-02	2.184240e+03	8.157597e+02	1.301996e+01	8.698004e+01	1.988056e+01	1.194404e-01	1.000000e+30	1.026965e-02	2.400296e-01	2.759970e+00	5.886270e-01	2.554417e+00	3.364158e+01	3.840849e+00	9.190635e+02	0.000000e+00	1	6.729438e-03
1.549114e+02	1.205266e+02	1.000000e+30	1.648673e+02	1.000000e+30	7.358152e-02	2.350459e+03	6.495409e+02	4.878676e+01	5.121324e+01	1.995591e+01	4.409038e-02	1.000000e+30	1.175375e-02	2.125030e-01	2.787497e+00	5.892828e-01	2.215850e+00	3.304530e+01	3.499148e+00	1.444530e+02	0.000000e+00	1	6.719152e-03
2.011961e+02	1.830412e+01	1.000000e+30	2.108435e+02	1.000000e+30	1.922983e-02	2.193710e+03	8.062897e+02	1.216755e+01	8.783245e+01	1.964744e+01	3.525605e-01	1.000000e+30	1.034755e-02	2.365008e-01	2.763499e+00	5.893781e-01	2.562212e+00	3.403465e+01	3.815416e+00	9.525290e+02	0.000000e+00	1	6.696684e-03
1.589133e+02	8.098843e+01	1.000000e+30	1.689072e+02	1.000000e+30	7.993049e-02	2.330370e+03	6.696295e+02	4.532406e+01	5.467594e+01	1.999388e+01	6.121906e-03	1.000000e+30	1.155116e-02	2.178346e-01	2.782165e+00	5.893967e-01	2.243116e+00	3.290478e+01	3.560365e+00	2.150183e+02	0.000000e+00	1	6.561705e-03
2.014517e+02	1.805587e+01	1.000000e+30	2.114231e+02	1.000000e+30	2.025148e-02	2.193950e+03	8.060499e+02	1.168796e+01	8.831204e+01	1.997143e+01	2.857261e-02	1.000000e+30	1.034958e-02	2.363809e-01	2.763619e+00	5.896051e-01	2.560831e+00	3.405891e+01	3.818129e+00	9.656229e+02	0.000000e+00	1	6.542249e-03
1.513841e+02	2.203899e+02	1.000000e+30	1.611141e+02	1.000000e+30	1.652711e-02	2.381880e+03	6.181202e+02	5.253213e+01	4.746787e+01	1.973008e+01	2.699161e-01	1.000000e+30	1.208852e-02	2.000304e-01	2.799970e+00	5.886230e-01	2.232019e+00	3.378325e+01	3.324270e+00	7.897153e+01	0.000000e+00	1	6.496493e-03
1.500235e+02	2.966102e+02	1.000000e+30	1.599310e+02	1.000000e+30	6.464770e-02	2.335334e+03	6.646664e+02	5.135966e+01	4.864034e+01	1.990754e+01	9.246029e-02	1.000000e+30	1.159530e-02	2.207262e-01	2.779274e+00	5.899669e-01	2.221505e+00	3.205638e+01	3.480346e+00	5.870742e+01	0.000000e+00	1	6.410791e-03
1.520430e+02	1.912409e+02	1.000000e+30	1.618924e+02	1.000000e+30	6.707141e-02	2.335779e+03	6.642206e+02	5.017279e+01	4.982721e+01	1.984941e+01	1.505942e-01	1.000000e+30	1.160145e-02	2.192801e-01	2.780720e+00	5.881866e-01	2.231073e+00	3.231144e+01	3.494891e+00	9.105326e+01	0.000000e+00	1	6.410056e-03
1.489413e+02	4.388909e+02	1.000000e+30	1.587531e+02	1.000000e+30	1.351004e-02	2.383785e+03	6.162152e+02	5.407693e+01	4.592307e+01	1.981180e+01	1.881997e-01	1.000000e+30	1.210771e-02	2.006459e-01	2.799354e+00	5.893689e-01	2.222557e+00	3.355133e+01	3.303070e+00	3.965494e+01	0.000000e+00	1	6.240144e-03
1.855145e+02	2.561821e+01	1.000000e+30	1.951317e+02	1.000000e+30	2.372519e-03	2.244192e+03	7.558077e+02	2.441562e+01	7.558438e+01	1.961718e+01	3.828195e-01	1.000000e+30	1.076399e-02	2.293300e-01	2.770670e+00	5.899108e-01	2.489647e+00	3.370367e+01	3.652827e+00	6.802921e+02	0.000000e+00	1	6.200692e-03
1.495640e+02	3.376399e+02	1.000000e+30	1.595566e+02	1.000000e+30	6.744438e-02	2.334286e+03	6.657141e+02	5.158217e+01	4.841783e+01	1.999258e+01	7.418320e-03	1.000000e+30	1.158435e-02	2.213710e-01	2.778629e+00	5.889767e-01	2.221135e+00	3.197412e+01	3.485041e+00	5.157391e+01	0.000000e+00	1	6.199618e-03
1.918383e+02	2.217103e+01	1.000000e+30	2.016989e+02	1.000000e+30	5.322615e-03	2.188882e+03	8.111179e+02	1.816079e+01	8.183921e+01	1.986059e+01	1.394121e-01	1.000000e+30	1.030312e-02	2.415209e-01	2.758479e+00	5.896300e-01	2.552757e+00	3.309499e+01	3.753501e+00	7.864309e+02	0.000000e+00	1	6.155611e-03
1.776798e+02	3.215522e+01	1.000000e+30	1.873189e+02	1.000000e+30	2.010104e-02	2.285006e+03	7.149940e+02	3.126974e+01	6.873026e+01	1.963917e+01	3.608319e-01	1.000000e+30	1.112742e-02	2.211574e-01	2.778843e+00	5.881472e-01	2.414668e+00	3.388115e+01	3.599058e+00	5.417926e+02	0.000000e+00	1	6.154089e-03
1.495334e+02	3.677276e+02	1.000000e+30	1.595227e+02	1.000000e+30	1.173298e-01	2.342869e+03	6.571312e+02	5.208914e+01	4.791086e+01	1.998925e+01	1.074915e-02	1.000000e+30	1.166964e-02	2.199484e-01	2.780052e+00	5.898713e-01	2.160891e+00	3.208123e+01	3.564098e+00	4.735002e+01	0.000000e+00	1	6.140524e-03
1.715897e+02	4.102673e+01	1.000000e+30	1.811883e+02	1.000000e+30	1.099436e-01	2.310528e+03	6.894722e+02	3.668780e+01	6.331220e+01	1.959858e+01	4.014244e-01	1.000000e+30	1.136262e-02	2.188411e-01	2.781159e+00	5.894496e-01	2.274397e+00	3.367609e+01	3.704327e+00	4.245359e+02	0.000000e+00	1	6.119774e-03
1.974517e+02	1.964193e+01	1.000000e+30	2.074001e+02	1.000000e+30	2.577268e-02	2.186145e+03	8.138551e+02	1.426839e+01	8.573161e+01	1.994844e+01	5.156215e-02	1.000000e+30	1.028390e-02	2.402567e-01	2.759743e+00	5.889259e-01	2.551636e+00	3.351692e+01	3.820939e+00	8.877093e+02	0.000000e+00	1	6.049664e-03
1.845098e+02	2.613091e+01	1.000000e+30	1.943661e+02	1.000000e+30	4.095417e-03	2.241156e+03	7.588441e+02	2.478593e+01	7.521407e+01	1.985627e+01	1.437309e-01	1.000000e+30	1.073676e-02	2.307076e-01	2.769292e+00	5.895905e-01	2.488350e+00	3.353136e+01	3.655602e+00	6.669627e+02	0.000000e+00	1	6.044113e-03
1.983240e+02	1.943509e+01	1.000000e+30	2.081396e+02	1.000000e+30	2.701620e-02	2.175169e+03	8.248313e+02	1.345674e+01	8.654326e+01	1.981568e+01	1.843191e-01	1.000000e+30	1.019690e-02	2.427408e-01	2.757259e+00	5.895398e-01	2.559409e+00	3.336529e+01	3.839548e+00	8.972357e+02	0.000000e+00	1	6.016062e-03
1.606217e+02	7.028008e+01	1.000000e+30	1.705740e+02	1.000000e+30	4.404204e-02	2.338845e+03	6.611550e+02	4.445743e+01	5.554257e+01	1.995224e+01	4.776477e-02	1.000000e+30	1.163959e-02	2.126323e-01	2.787368e+00	5.893146e-01	2.277361e+00	3.343611e+01	3.488688e+00	2.477578e+02	0.000000e+00	1	5.945110e-03
1.523208e+02	1.684590e+02	1.000000e+30	1.623170e+02	1.000000e+30	4.851195e-02	2.351056e+03	6.489439e+02	5.034653e+01	4.965347e+01	1.999624e+01	3.757441e-03	1.000000e+30	1.175905e-02	2.130032e-01	2.786997e+00	5.898901e-01	2.230309e+00	3.282077e+01	3.438166e+00	1.033506e+02	0.000000e+00	1	5.933353e-03
1.805891e+02	2.986623e+01	1.000000e+30	1.901368e+02	1.000000e+30	2.115043e-03	2.226008e+03	7.739916e+02	2.726594e+01	7.273406e+01	1.954771e+01	4.522861e-01	1.000000e+30	1.060366e-02	2.367669e-01	2.763233e+00	5.891803e-01	2.492683e+00	3.280952e+01	3.652827e+00	5.836255e+02	0.000000e+00	1	5.900779e-03
1.623060e+02	6.392353e+01	1.000000e+30	1.722530e+02	1.000000e+30	5.610433e-02	2.353953e+03	6.460473e+02	4.416357e+01	5.583643e+01	1.994695e+01	5.305015e-02	1.000000e+30	1.179626e-02	2.062122e-01	2.793788e+00	5.870280e-01	2.261618e+00	3.407116e+01	3.497215e+00	2.723517e+02	0.000000e+00	1	5.894058e-03
1.597165e+02	7.588639e+01	1.000000e+30	1.696425e+02	1.000000e+30	5.068899e-02	2.346829e+03	6.531714e+02	4.547023e+01	5.452977e+01	1.992603e+01	7.396782e-02	1.000000e+30	1.172061e-02	2.103166e-01	2.789683e+00	5.885210e-01	2.261597e+00	3.355845e+01	3.485165e+00	2.294352e+02	0.000000e+00	1	5.856668e-03
1.664569e+02	5.107711e+01	1.000000e+30	1.764317e+02	1.000000e+30	1.091229e-01	2.292649e+03	7.073512e+02	3.905952e+01	6.094048e+01	1.997473e+01	2.527174e-02	1.000000e+30	1.118771e-02	2.273781e-01	2.772622e+00	5.889481e-01	2.277272e+00	3.266060e+01	3.703722e+00	3.410608e+02	0.000000e+00	1	5.770362e-03
1.880139e+02	2.390543e+01	1.000000e+30	1.979471e+02	1.000000e+30	4.477798e-02	2.251835e+03	7.481648e+02	2.291041e+01	7.708959e+01	1.993320e+01	6.679727e-02	1.000000e+30	1.083117e-02	2.272280e-01	2.772772e+00	5.894767e-01	2.445534e+00	3.402595e+01	3.735872e+00	7.289841e+02	0.000000e+00	1	5.727688e-03
1.541803e+02	1.302969e+02	1.000000e+30	1.641723e+02	1.000000e+30	3.813621e-02	2.312323e+03	6.876766e+02	4.761514e+01	5.238486e+01	1.999200e+01	8.002095e-03	1.000000e+30	1.137078e-02	2.254071e-01	2.774593e+00	5.890945e-01	2.288860e+00	3.198827e+01	3.484069e+00	1.336730e+02	0.000000e+00	1	5.674726e-03
2.006506e+02	1.836157e+01	1.000000e+30	2.105337e+02	1.000000e+30	2.458412e-02	2.198049e+03	8.019506e+02	1.245824e+01	8.754176e+01	1.988304e+01	1.169620e-01	1.000000e+30	1.038224e-02	2.358303e-01	2.764170e+00	5.899566e-01	2.549129e+00	3.405891e+01	3.818129e+00	9.495153e+02	0.000000e+00	1	5.647318e-03
1.861881e+02	2.536755e+01	1.000000e+30	1.961656e+02	1.000000e+30	8.999629e-03	2.200973e+03	7.990268e+02	2.236033e+01	7.763967e+01	1.997749e+01	2.250602e-02	1.000000e+30	1.039785e-02	2.409444e-01	2.759056e+00	5.878981e-01	2.527596e+00	3.281252e+01	3.721820e+00	6.872684e+02	0.000000e+00	1	5.631105e-03
1.895670e+02	2.339718e+01	1.000000e+30	1.995620e+02	1.000000e+30	1.988610e-02	2.193007e+03	8.069929e+02	1.986850e+01	8.013150e+01	1.999495e+01	5.046023e-03	1.000000e+30	1.033467e-02	2.417299e-01	2.758270e+00	5.873211e-01	2.534379e+00	3.294722e+01	3.767468e+00	7.451936e+02	0.000000e+00	1	5.628084e-03
1.888910e+02	2.342421e+01	1.000000e+30	1.988887e+02	1.000000e+30	4.484571e-03	2.215127e+03	7.848728e+02	2.082538e+01	7.917462e+01	1.999770e+01	2.298281e-03	1.000000e+30	1.051700e-02	2.359467e-01	2.764053e+00	5.898411e-01	2.522588e+00	3.337073e+01	3.707805e+00	7.441966e+02	0.000000e+00	1	5.628084e-03
1.815017e+02	2.853065e+01	1.000000e+30	1.914560e+02	1.000000e+30	2.395031e-03	2.224835e+03	7.751651e+02	2.619663e+01	7.380337e+01	1.995435e+01	4.565434e-02	1.000000e+30	1.059417e-02	2.367296e-01	2.763270e+00	5.898958e-01	2.493749e+00	3.286766e+01	3.658782e+00	6.109520e+02	0.000000e+00	1	5.619489e-03
1.567606e+02	9.894534e+01	1.000000e+30	1.666485e+02	1.000000e+30	6.079714e-02	2.347356e+03	6.526436e+02	4.748516e+01	5.251484e+01	1.988789e+01	1.121138e-01	1.000000e+30	1.172353e-02	2.121401e-01	2.787860e+00	5.887414e-01	2.240005e+00	3.320507e+01	3.489085e+00	1.759654e+02	0.000000e+00	1	5.612270e-03
1.785742e+02	3.154854e+01	1.000000e+30	1.885279e+02	1.000000e+30	2.969249e-02	2.223023e+03	7.769774e+02	2.829642e+01	7.170358e+01	1.995367e+01	4.633479e-02	1.000000e+30	1.057568e-02	2.394413e-01	2.760559e+00	5.889786e-01	2.458862e+00	3.247671e+01	3.700546e+00	5.525195e+02	0.000000e+00	1	5.578204e-03
1.495334e+02	3.677276e+02	1.000000e+30	1.595227e+02	1.000000e+30	1.173298e-01	2.342869e+03	6.571312e+02	5.208914e+01	4.791086e+01	1.998925e+01	1.074915e-02	1.000000e+30	1.166964e-02	2.199484e-01	2.780052e+00	5.898713e-01	2.160891e+00	3.208123e+01	3.564098e+00	4.735002e+01	0.000000e+00	1	5.571729e-03
1.849297e+02	2.601020e+01	1.000000e+30	1.945666e+02	1.000000e+30	5.007976e-03	2.246453e+03	7.535465e+02	2.489190e+01	7.510810e+01	1.963690e+01	3.631019e-01	1.000000e+30	1.078337e-02	2.290107e-01	2.770989e+00	5.896363e-01	2.483844e+00	3.369410e+01	3.652557e+00	6.700266e+02	0.000000e+00	1	5.558350e-03
1.770923e+02	3.347035e+01	1.000000e+30	1.870916e+02	1.000000e+30	1.525439e-02	2.241958e+03	7.580424e+02	3.027902e+01	6.972098e+01	1.999927e+01	7.300266e-04	1.000000e+30	1.074032e-02	2.329630e-01	2.767037e+00	5.748488e-01	2.503407e+00	3.289670e+01	3.645986e+00	5.207081e+02	0.000000e+00	1	5.530849e-03
1.909396e+02	2.254260e+01	1.000000e+30	2.007863e+02	1.000000e+30	1.493992e-02	2.236374e+03	7.636265e+02	2.063102e+01	7.936898e+01	1.984670e+01	1.533050e-01	1.000000e+30	1.069999e-02	2.286104e-01	2.771390e+00	5.816528e-01	2.527870e+00	3.408802e+01	3.713029e+00	7.731582e+02	0.000000e+00	1	5.529065e-03
1.905453e+02	2.288529e+01	1.000000e+30	2.000528e+02	1.000000e+30	6.382927e-03	2.220189e+03	7.798115e+02	2.038550e+01	7.961450e+01	1.950749e+01	4.925110e-01	1.000000e+30	1.056078e-02	2.337203e-01	2.766280e+00	5.884333e-01	2.526190e+00	3.364800e+01	3.713029e+00	7.616877e+02	0.000000e+00	1	5.437020e-03
1.799791e+02	2.991371e+01	1.000000e+30	1.899565e+02	1.000000e+30	2.141593e-03	2.223751e+03	7.762492e+02	2.720487e+01	7.279513e+01	1.997746e+01	2.253514e-02	1.000000e+30	1.058404e-02	2.376877e-01	2.762312e+00	5.891603e-01	2.492683e+00	3.269980e+01	3.652827e+00	5.827106e+02	0.000000e+00	1	5.368598e-03
1.474422e+02	1.022016e+03	1.000000e+30	1.573817e+02	1.000000e+30	6.703304e-03	2.388905e+03	6.110948e+02	5.513208e+01	4.486792e+01	1.993949e+01	6.051491e-02	1.000000e+30	1.216333e-02	1.991541e-01	2.800846e+00	5.896659e-01	2.218260e+00	3.355737e+01	3.273920e+00	1.702831e+01	0.000000e+00	1	5.363537e-03
1.767132e+02	3.372536e+01	1.000000e+30	1.861885e+02	1.000000e+30	1.698234e-02	2.258821e+03	7.411789e+02	3.112182e+01	6.887818e+01	1.947535e+01	5.246525e-01	1.000000e+30	1.088736e-02	2.296126e-01	2.770387e+00	5.881511e-01	2.438931e+00	3.313947e+01	3.623161e+00	5.166941e+02	0.000000e+00	1	5.311339e-03
1.532465e+02	1.499256e+02	1.000000e+30	1.632147e+02	1.000000e+30	4.173218e-02	2.373391e+03	6.266095e+02	5.079419e+01	4.920581e+01	1.996817e+01	3.183242e-02	1.000000e+30	1.199660e-02	2.033221e-01	2.796678e+00	5.885338e-01	2.220804e+00	3.365625e+01	3.395438e+00	1.160986e+02	0.000000e+00	1	5.240574e-03
1.945697e+02	2.085572e+01	1.000000e+30	2.044660e+02	1.000000e+30	5.195710e-02	2.203336e+03	7.966642e+02	1.690914e+01	8.309086e+01	1.989629e+01	1.037056e-01	1.000000e+30	1.042060e-02	2.379735e-01	2.762026e+00	5.898682e-01	2.497675e+00	3.353744e+01	3.838019e+00	8.359295e+02	0.000000e+00	1	5.229632e-03
1.736993e+02	3.659042e+01	1.000000e+30	1.836453e+02	1.000000e+30	1.457192e-02	2.261783e+03	7.382173e+02	3.275167e+01	6.724833e+01	1.994604e+01	5.396420e-02	1.000000e+30	1.091185e-02	2.302829e-01	2.769717e+00	5.893643e-01	2.425247e+00	3.289687e+01	3.600445e+00	4.762247e+02	0.000000e+00	1	5.178240e-03
1.602630e+02	7.195442e+01	1.000000e+30	1.702108e+02	1.000000e+30	4.285371e-02	2.338363e+03	6.616367e+02	4.465239e+01	5.534761e+01	1.994774e+01	5.225578e-02	1.000000e+30	1.163441e-02	2.130230e-01	2.786977e+00	5.898687e-01	2.276180e+00	3.338000e+01	3.485281e+00	2.419939e+02	0.000000e+00	1	5.177078e-03
1.565102e+02	1.006633e+02	1.000000e+30	1.665012e+02	1.000000e+30	7.826673e-02	2.325918e+03	6.740820e+02	4.670663e+01	5.329337e+01	1.999100e+01	9.002716e-03	1.000000e+30	1.150486e-02	2.207681e-01	2.779232e+00	5.899184e-01	2.239518e+00	3.250863e+01	3.551814e+00	1.730006e+02	0.000000e+00	1	5.151331e-03
1.803641e+02	2.991333e+01	1.000000e+30	1.900477e+02	1.000000e+30	2.141593e-03	2.225207e+03	7.747926e+02	2.726634e+01	7.273366e+01	1.968356e+01	3.164418e-01	1.000000e+30	1.059669e-02	2.370973e-01	2.762903e+00	5.891603e-01	2.492683e+00	3.276975e+01	3.652827e+00	5.827106e+02	0.000000e+00	1	5.080842e-03
1.902913e+02	2.295577e+01	1.000000e+30	2.001055e+02	1.000000e+30	3.349196e-02	2.212337e+03	7.876634e+02	2.013983e+01	7.986017e+01	1.981417e+01	1.858258e-01	1.000000e+30	1.049343e-02	2.368530e-01	2.763147e+00	5.887196e-01	2.501019e+00	3.337993e+01	3.773642e+00	7.594009e+02	0.000000e+00	1	5.053567e-03
1.534301e+02	1.481453e+02	1.000000e+30	1.633292e+02	1.000000e+30	4.142831e-02	2.373591e+03	6.264086e+02	5.075067e+01	4.924933e+01	1.989914e+01	1.008598e-01	1.000000e+30	1.199891e-02	2.031224e-01	2.796878e+00	5.885268e-01	2.221546e+00	3.368571e+01	3.395438e+00	1.174935e+02	0.000000e+00	1	4.994850e-03
1.954117e+02	2.054454e+01	1.000000e+30	2.053932e+02	1.000000e+30	9.335800e-03	2.215354e+03	7.846465e+02	1.695362e+01	8.304638e+01	1.998150e+01	1.849776e-02	1.000000e+30	1.052480e-02	2.316720e-01	2.768328e+00	5.761124e-01	2.586147e+00	3.409990e+01	3.748778e+00	8.485019e+02	0.000000e+00	1	4.990499e-03
1.869645e+02	2.480794e+01	1.000000e+30	1.965738e+02	1.000000e+30	4.082184e-02	2.253051e+03	7.469491e+02	2.395156e+01	7.604844e+01	1.960932e+01	3.906820e-01	1.000000e+30	1.084146e-02	2.272367e-01	2.772763e+00	5.894313e-01	2.445639e+00	3.396182e+01	3.722164e+00	7.024564e+02	0.000000e+00	1	4.977904e-03
1.797273e+02	3.059148e+01	1.000000e+30	1.896535e+02	1.000000e+30	5.683455e-02	2.266618e+03	7.333818e+02	2.947183e+01	7.052817e+01	1.992615e+01	7.384545e-02	1.000000e+30	1.095929e-02	2.260717e-01	2.773928e+00	5.785162e-01	2.431182e+00	3.361183e+01	3.705455e+00	5.695843e+02	0.000000e+00	1	4.947620e-03
1.510544e+02	2.203914e+02	1.000000e+30	1.610119e+02	1.000000e+30	1.683177e-02	2.381281e+03	6.187187e+02	5.250691e+01	4.749309e+01	1.995746e+01	4.253801e-02	1.000000e+30	1.208177e-02	2.004604e-01	2.799540e+00	5.883703e-01	2.232019e+00	3.372416e+01	3.324270e+00	7.897153e+01	0.000000e+00	1	4.939846e-03
1.583718e+02	8.512456e+01	1.000000e+30	1.682794e+02	1.000000e+30	7.412537e-02	2.336525e+03	6.634746e+02	4.596924e+01	5.403076e+01	1.990760e+01	9.239610e-02	1.000000e+30	1.161309e-02	2.157908e-01	2.784209e+00	5.899759e-01	2.239136e+00	3.302866e+01	3.537731e+00	2.045580e+02	0.000000e+00	1	4.932957e-03
2.030657e+02	1.757080e+01	1.000000e+30	2.130255e+02	1.000000e+30	9.637034e-03	2.179561e+03	8.204386e+02	1.009358e+01	8.990642e+01	1.995981e+01	4.019384e-02	1.000000e+30	1.023544e-02	2.390366e-01	2.760963e+00	5.896057e-01	2.588944e+00	3.393144e+01	3.821223e+00	9.923951e+02	0.000000e+00	1	4.911966e-03
1.854462e+02	2.562936e+01	1.000000e+30	1.950973e+02	1.000000e+30	2.766481e-03	2.244546e+03	7.554538e+02	2.444121e+01	7.555879e+01	1.965108e+01	3.489214e-01	1.000000e+30	1.076702e-02	2.292789e-01	2.770721e+00	5.899722e-01	2.488471e+00	3.370367e+01	3.652827e+00	6.799940e+02	0.000000e+00	1	4.906020e-03
1.524571e+02	1.671635e+02	1.000000e+30	1.624126e+02	1.000000e+30	5.127019e-02	2.353454e+03	6.465464e+02	5.041572e+01	4.958428e+01	1.995546e+01	4.453692e-02	1.000000e+30	1.178403e-02	2.120817e-01	2.787918e+00	5.896657e-01	2.226076e+00	3.290299e+01	3.440479e+00	1.041489e+02	0.000000e+00	1	4.904119e-03
1.504323e+02	2.552492e+02	1.000000e+30	1.604281e+02	1.000000e+30	3.961886e-02	2.363782e+03	6.362182e+02	5.218516e+01	4.781484e+01	1.999587e+01	4.132957e-03	1.000000e+30	1.189209e-02	2.085928e-01	2.791407e+00	5.869648e-01	2.228781e+00	3.303094e+01	3.393074e+00	6.819998e+01	0.000000e+00	1	4.850699e-03
1.528201e+02	1.612089e+02	1.000000e+30	1.627629e+02	1.000000e+30	5.855492e-02	2.325868e+03	6.741318e+02	4.912995e+01	5.087005e+01	1.994273e+01	5.726668e-02	1.000000e+30	1.150256e-02	2.221905e-01	2.777809e+00	5.891977e-01	2.249232e+00	3.214123e+01	3.496837e+00	1.080266e+02	0.000000e+00	1	4.820116e-03
1.742925e+02	3.572980e+01	1.000000e+30	1.842416e+02	1.000000e+30	1.432691e-02	2.265129e+03	7.348710e+02	3.246336e+01	6.753664e+01	1.994910e+01	5.089869e-02	1.000000e+30	1.094250e-02	2.289572e-01	2.771043e+00	5.892947e-01	2.424672e+00	3.303952e+01	3.598423e+00	4.876803e+02	0.000000e+00	1	4.818999e-03
1.639024e+02	5.776774e+01	1.000000e+30	1.737869e+02	1.000000e+30	6.893603e-02	2.337575e+03	6.624247e+02	4.240061e+01	5.759939e+01	1.988450e+01	1.155022e-01	1.000000e+30	1.162783e-02	2.121822e-01	2.787818e+00	5.899615e-01	2.261579e+00	3.369847e+01	3.552975e+00	3.014251e+02	0.000000e+00	1	4.802377e-03
1.506079e+02	2.430781e+02	1.000000e+30	1.605674e+02	1.000000e+30	1.687569e-02	2.379978e+03	6.200216e+02	5.272810e+01	4.727190e+01	1.995944e+01	4.056355e-02	1.000000e+30	1.206723e-02	2.012688e-01	2.798731e+00	5.883703e-01	2.231912e+00	3.362609e+01	3.324270e+00	7.160210e+01	0.000000e+00	1	4.795520e-03
1.571448e+02	9.744853e+01	1.000000e+30	1.668563e+02	1.000000e+30	6.338113e-02	2.346376e+03	6.536237e+02	4.734368e+01	5.265632e+01	1.971152e+01	2.884801e-01	1.000000e+30	1.171348e-02	2.124553e-01	2.787545e+00	5.895470e-01	2.237163e+00	3.320714e+01	3.497076e+00	1.786701e+02	0.000000e+00	1	4.749140e-03
1.518333e+02	1.912450e+02	1.000000e+30	1.618195e+02	1.000000e+30	6.712607e-02	2.333715e+03	6.662848e+02	5.008676e+01	4.991324e+01	1.998623e+01	1.376824e-02	1.000000e+30	1.158034e-02	2.201920e-01	2.779808e+00	5.886045e-01	2.231073e+00	3.222604e+01	3.496837e+00	9.105326e+01	0.000000e+00	1	4.740750e-03
1.529301e+02	1.586080e+02	1.000000e+30	1.628777e+02	1.000000e+30	3.812760e-02	2.376271e+03	6.237292e+02	5.115064e+01	4.884936e+01	1.994757e+01	5.243004e-02	1.000000e+30	1.202769e-02	2.021778e-01	2.797822e+00	5.882723e-01	2.221178e+00	3.372492e+01	3.382463e+00	1.097398e+02	0.000000e+00	1	4.713800e-03
1.710818e+02	4.102741e+01	1.000000e+30	1.810351e+02	1.000000e+30	1.099436e-01	2.308869e+03	6.911307e+02	3.661813e+01	6.338187e+01	1.995330e+01	4.670067e-02	1.000000e+30	1.134616e-02	2.196655e-01	2.780334e+00	5.894496e-01	2.274397e+00	3.357640e+01	3.704327e+00	4.245359e+02	0.000000e+00	1	4.604441e-03
1.750140e+02	3.474285e+01	1.000000e+30	1.849502e+02	1.000000e+30	1.108699e-02	2.266509e+03	7.334911e+02	3.200442e+01	6.799558e+01	1.993621e+01	6.379247e-02	1.000000e+30	1.095557e-02	2.281202e-01	2.771880e+00	5.898263e-01	2.427559e+00	3.315172e+01	3.593563e+00	5.015274e+02	0.000000e+00	1	4.593686e-03
1.626609e+02	6.257732e+01	1.000000e+30	1.724693e+02	1.000000e+30	4.901345e-02	2.351699e+03	6.483008e+02	4.385189e+01	5.614811e+01	1.980835e+01	1.916472e-01	1.000000e+30	1.177303e-02	2.068758e-01	2.793124e+00	5.893589e-01	2.265267e+00	3.404202e+01	3.488360e+00	2.782172e+02	0.000000e+00	1	4.584839e-03
2.019789e+02	1.802929e+01	1.000000e+30	2.116352e+02	1.000000e+30	1.640660e-02	2.191225e+03	8.087745e+02	1.152249e+01	8.847751e+01	1.965631e+01	3.436887e-01	1.000000e+30	1.032800e-02	2.367364e-01	2.763264e+00	5.895854e-01	2.568914e+00	3.405938e+01	3.816153e+00	9.670679e+02	0.000000e+00	1	4.562836e-03
1.755551e+02	3.474080e+01	1.000000e+30	1.850518e+02	1.000000e+30	8.346106e-03	2.272828e+03	7.271723e+02	3.226800e+01	6.773200e+01	1.949666e+01	5.033425e-01	1.000000e+30	1.101367e-02	2.258199e-01	2.774180e+00	5.898263e-01	2.426637e+00	3.336989e+01	3.582468e+00	5.015274e+02	0.000000e+00	1	4.555406e-03
1.541502e+02	1.392121e+02	1.000000e+30	1.638352e+02	1.000000e+30	5.458612e-02	2.323679e+03	6.763206e+02	4.840412e+01	5.159588e+01	1.968501e+01	3.149947e-01	1.000000e+30	1.148192e-02	2.220521e-01	2.777948e+00	5.891128e-01	2.260345e+00	3.224492e+01	3.499148e+00	1.250985e+02	0.000000e+00	1	4.548675e-03
2.025232e+02	1.769826e+01	1.000000e+30	2.125046e+02	1.000000e+30	1.112504e-02	2.187898e+03	8.121023e+02	1.070859e+01	8.929141e+01	1.998143e+01	1.857045e-02	1.000000e+30	1.030172e-02	2.371941e-01	2.762806e+00	5.895909e-01	2.579063e+00	3.405232e+01	3.812133e+00	9.851819e+02	0.000000e+00	1	4.548046e-03
2.025232e+02	1.769826e+01	1.000000e+30	2.125046e+02	1.000000e+30	1.112504e-02	2.187898e+03	8.121023e+02	1.070859e+01	8.929141e+01	1.998143e+01	1.857045e-02	1.000000e+30	1.030172e-02	2.371941e-01	2.762806e+00	5.895909e-01	2.579063e+00	3.405232e+01	3.812133e+00	9.851819e+02	0.000000e+00	1	4.528637e-03
1.691809e+02	4.524494e+01	1.000000e+30	1.791554e+02	1.000000e+30	1.631192e-01	2.308847e+03	6.911527e+02	3.808760e+01	6.191240e+01	1.997444e+01	2.556314e-02	1.000000e+30	1.134267e-02	2.221924e-01	2.777808e+00	5.889793e-01	2.220750e+00	3.324942e+01	3.791580e+00	3.849640e+02	0.000000e+00	1	4.511889e-03
1.677980e+02	4.903115e+01	1.000000e+30	1.775107e+02	1.000000e+30	1.470015e-01	2.327577e+03	6.724234e+02	3.997635e+01	6.002365e+01	1.971276e+01	2.872381e-01	1.000000e+30	1.152690e-02	2.159035e-01	2.784097e+00	5.880412e-01	2.215240e+00	3.366227e+01	3.729645e+00	3.551707e+02	0.000000e+00	1	4.468707e-03
1.557902e+02	1.082020e+02	1.000000e+30	1.657783e+02	1.000000e+30	7.316129e-02	2.352691e+03	6.473094e+02	4.826519e+01	5.173481e+01	1.998819e+01	1.181387e-02	1.000000e+30	1.177755e-02	2.111814e-01	2.788819e+00	5.897242e-01	2.215544e+00	3.321245e+01	3.499148e+00	1.609028e+02	0.000000e+00	1	4.455766e-03
1.998690e+02	1.897181e+01	1.000000e+30	2.093401e+02	1.000000e+30	3.075159e-02	2.186173e+03	8.138272e+02	1.310159e+01	8.689841e+01	1.947110e+01	5.289047e-01	1.000000e+30	1.028548e-02	2.393025e-01	2.760697e+00	5.886270e-01	2.554417e+00	3.373079e+01	3.840958e+00	9.190635e+02	0.000000e+00	1	4.445211e-03
1.993348e+02	1.897211e+01	1.000000e+30	2.092153e+02	1.000000e+30	3.072038e-02	2.184240e+03	8.157597e+02	1.301996e+01	8.698004e+01	1.988056e+01	1.194404e-01	1.000000e+30	1.026965e-02	2.400296e-01	2.759970e+00	5.886270e-01	2.554417e+00	3.364158e+01	3.840849e+00	9.190635e+02	0.000000e+00	1	4.445211e-03
1.674362e+02	4.974183e+01	1.000000e+30	1.772763e+02	1.000000e+30	1.234347e-01	2.294159e+03	7.058408e+02	3.878174e+01	6.121826e+01	1.984011e+01	1.598896e-01	1.000000e+30	1.120262e-02	2.264275e-01	2.773573e+00	5.852143e-01	2.277185e+00	3.279939e+01	3.733557e+00	3.502111e+02	0.000000e+00	1	4.431697e-03
1.871474e+02	2.450666e+01	1.000000e+30	1.971226e+02	1.000000e+30	4.999264e-02	2.254422e+03	7.455782e+02	2.368612e+01	7.631388e+01	1.997519e+01	2.481193e-02	1.000000e+30	1.085378e-02	2.267309e-01	2.773269e+00	5.864116e-01	2.445474e+00	3.401423e+01	3.739472e+00	7.110834e+02	0.000000e+00	1	4.400752e-03
1.758541e+02	3.379528e+01	1.000000e+30	1.858450e+02	1.000000e+30	1.120598e-02	2.261870e+03	7.381301e+02	3.128774e+01	6.871226e+01	1.999096e+01	9.041472e-03	1.000000e+30	1.091443e-02	2.289375e-01	2.771063e+00	5.881357e-01	2.439970e+00	3.313947e+01	3.604106e+00	5.156109e+02	0.000000e+00	1	4.396940e-03
2.019789e+02	1.802929e+01	1.000000e+30	2.116352e+02	1.000000e+30	1.640660e-02	2.191225e+03	8.087745e+02	1.152249e+01	8.847751e+01	1.965631e+01	3.436887e-01	1.000000e+30	1.032800e-02	2.367364e-01	2.763264e+00	5.895854e-01	2.568914e+00	3.405938e+01	3.816153e+00	9.670679e+02	0.000000e+00	1	4.389916e-03
1.939049e+02	2.128648e+01	1.000000e+30	2.037954e+02	1.000000e+30	3.663142e-02	2.186641e+03	8.133587e+02	1.684484e+01	8.315516e+01	1.989058e+01	1.094218e-01	1.000000e+30	1.028521e-02	2.420101e-01	2.757990e+00	5.884799e-01	2.530339e+00	3.317416e+01	3.825878e+00	8.191255e+02	0.000000e+00	1	4.349259e-03
1.927998e+02	2.186553e+01	1.000000e+30	2.021443e+02	1.000000e+30	4.013497e-03	2.211401e+03	7.885987e+02	1.869462e+01	8.130538e+01	1.934449e+01	6.555072e-01	1.000000e+30	1.048853e-02	2.350454e-01	2.764955e+00	5.888962e-01	2.541412e+00	3.367246e+01	3.728814e+00	7.972694e+02	0.000000e+00	1	4.320351e-03
1.978085e+02	1.953683e+01	1.000000e+30	2.077931e+02	1.000000e+30	2.976903e-02	2.177848e+03	8.221521e+02	1.374209e+01	8.625791e+01	1.998459e+01	1.541115e-02	1.000000e+30	1.021766e-02	2.423821e-01	2.757618e+00	5.895398e-01	2.552757e+00	3.336529e+01	3.839548e+00	8.925444e+02	0.000000e+00	1	4.299627e-03
1.579374e+02	9.067427e+01	1.000000e+30	1.679372e+02	1.000000e+30	1.166757e-01	2.309587e+03	6.904135e+02	4.531468e+01	5.468532e+01	1.999977e+01	2.265079e-04	1.000000e+30	1.134360e-02	2.267297e-01	2.773270e+00	5.893051e-01	2.224691e+00	3.214367e+01	3.652853e+00	1.920904e+02	0.000000e+00	1	4.291160e-03
1.546472e+02	1.243177e+02	1.000000e+30	1.646163e+02	1.000000e+30	6.600425e-02	2.343046e+03	6.569536e+02	4.864566e+01	5.135434e+01	1.996908e+01	3.092375e-02	1.000000e+30	1.167752e-02	2.150627e-01	2.784937e+00	5.880916e-01	2.233994e+00	3.282485e+01	3.495144e+00	1.400587e+02	0.000000e+00	1	4.276806e-03
1.773594e+02	3.223403e+01	1.000000e+30	1.871747e+02	1.000000e+30	2.188971e-02	2.286476e+03	7.135235e+02	3.137952e+01	6.862048e+01	1.981530e+01	1.846967e-01	1.000000e+30	1.114087e-02	2.209066e-01	2.779093e+00	5.881472e-01	2.410314e+00	3.388115e+01	3.599058e+00	5.404606e+02	0.000000e+00	1	4.266597e-03
1.484978e+02	5.628306e+02	1.000000e+30	1.584767e+02	1.000000e+30	9.228802e-02	2.362154e+03	6.378462e+02	5.350158e+01	4.649842e+01	1.997893e+01	2.106903e-02	1.000000e+30	1.187100e-02	2.123661e-01	2.787634e+00	5.890996e-01	2.163568e+00	3.259348e+01	3.484036e+00	3.093002e+01	0.000000e+00	1	4.222592e-03
1.475369e+02	9.814893e+02	1.000000e+30	1.574908e+02	1.000000e+30	2.586938e-03	2.390260e+03	6.097401e+02	5.525203e+01	4.474797e+01	1.995382e+01	4.618221e-02	1.000000e+30	1.220286e-02	1.973534e-01	2.802647e+00	5.889732e-01	2.221302e+00	3.370868e+01	3.260683e+00	1.773072e+01	0.000000e+00	1	4.187027e-03
1.923345e+02	2.186582e+01	1.000000e+30	2.020329e+02	1.000000e+30	4.089183e-03	2.209841e+03	7.901592e+02	1.862872e+01	8.137128e+01	1.969846e+01	3.015355e-01	1.000000e+30	1.047524e-02	2.356742e-01	2.764326e+00	5.888403e-01	2.541412e+00	3.359436e+01	3.728814e+00	7.972694e+02	0.000000e+00	1	4.159931e-03
1.810649e+02	2.923641e+01	1.000000e+30	1.907253e+02	1.000000e+30	3.719099e-03	2.227933e+03	7.720671e+02	2.687649e+01	7.312351e+01	1.966048e+01	3.395235e-01	1.000000e+30	1.062025e-02	2.361217e-01	2.763878e+00	5.898745e-01	2.488350e+00	3.288946e+01	3.655602e+00	5.961880e+02	0.000000e+00	1	4.023694e-03
1.645772e+02	5.611788e+01	1.000000e+30	1.745646e+02	1.000000e+30	1.136597e-01	2.335967e+03	6.640327e+02	4.199888e+01	5.800112e+01	1.998739e+01	1.260676e-02	1.000000e+30	1.161028e-02	2.137380e-01	2.786262e+00	5.891953e-01	2.223821e+00	3.361931e+01	3.641451e+00	3.102925e+02	0.000000e+00	1	4.011553e-03
1.515974e+02	2.012412e+02	1.000000e+30	1.615527e+02	1.000000e+30	6.631037e-02	2.331733e+03	6.682674e+02	5.017320e+01	4.982680e+01	1.995530e+01	4.470107e-02	1.000000e+30	1.156012e-02	2.210746e-01	2.778925e+00	5.891977e-01	2.231236e+00	3.214123e+01	3.496837e+00	8.653219e+01	0.000000e+00	1	3.941398e-03
1.572662e+02	9.369911e+01	1.000000e+30	1.672471e+02	1.000000e+30	7.167451e-02	2.357665e+03	6.423355e+02	4.754236e+01	5.245764e+01	1.998086e+01	1.914336e-02	1.000000e+30	1.183073e-02	2.083468e-01	2.791653e+00	5.893801e-01	2.217766e+00	3.354343e+01	3.495983e+00	1.857976e+02	0.000000e+00	1	3.930558e-03
1.840658e+02	2.676161e+01	1.000000e+30	1.940369e+02	1.000000e+30	4.064153e-02	2.246359e+03	7.536415e+02	2.558786e+01	7.441214e+01	1.997108e+01	2.891815e-02	1.000000e+30	1.078140e-02	2.298682e-01	2.770132e+00	5.824229e-01	2.466855e+00	3.357220e+01	3.719323e+00	6.512150e+02	0.000000e+00	1	3.888140e-03
1.561572e+02	1.037144e+02	1.000000e+30	1.660968e+02	1.000000e+30	4.411590e-02	2.316833e+03	6.831673e+02	4.652395e+01	5.347605e+01	1.993957e+01	6.043060e-02	1.000000e+30	1.141609e-02	2.229898e-01	2.777010e+00	5.896390e-01	2.283220e+00	3.231144e+01	3.498843e+00	1.679263e+02	0.000000e+00	1	3.879654e-03
1.655114e+02	5.216516e+01	1.000000e+30	1.754637e+02	1.000000e+30	4.612341e-02	2.321508e+03	6.784924e+02	4.052974e+01	5.947026e+01	1.995236e+01	4.764365e-02	1.000000e+30	1.146879e-02	2.162672e-01	2.783733e+00	5.895553e-01	2.307934e+00	3.347949e+01	3.541227e+00	3.338521e+02	0.000000e+00	1	3.872549e-03
1.923345e+02	2.186582e+01	1.000000e+30	2.020329e+02	1.000000e+30	4.089183e-03	2.209841e+03	7.901592e+02	1.862872e+01	8.137128e+01	1.969846e+01	3.015355e-01	1.000000e+30	1.047524e-02	2.356742e-01	2.764326e+00	5.888403e-01	2.541412e+00	3.359436e+01	3.728814e+00	7.972694e+02	0.000000e+00	1	3.872285e-03
1.700401e+02	4.311195e+01	1.000000e+30	1.799084e+02	1.000000e+30	1.075263e-01	2.306122e+03	6.938778e+02	3.727010e+01	6.272990e+01	1.986829e+01	1.317073e-01	1.000000e+30	1.131897e-02	2.210518e-01	2.778948e+00	5.893821e-01	2.276266e+00	3.339689e+01	3.698947e+00	4.040200e+02	0.000000e+00	1	3.870766e-03
1.508932e+02	2.286689e+02	1.000000e+30	1.608913e+02	1.000000e+30	6.301956e-02	2.335618e+03	6.643818e+02	5.072116e+01	4.927884e+01	1.999808e+01	1.915828e-03	1.000000e+30	1.159896e-02	2.200129e-01	2.779987e+00	5.895315e-01	2.227247e+00	3.217320e+01	3.481388e+00	7.615008e+01	0.000000e+00	1	3.862122e-03
1.932906e+02	2.163233e+01	1.000000e+30	2.031855e+02	1.000000e+30	8.997235e-03	2.208411e+03	7.915895e+02	1.825499e+01	8.174501e+01	1.989492e+01	1.050759e-01	1.000000e+30	1.046557e-02	2.344860e-01	2.765514e+00	5.760319e-01	2.586246e+00	3.374648e+01	3.747300e+00	8.058829e+02	0.000000e+00	1	3.861504e-03
1.745629e+02	3.562493e+01	1.000000e+30	1.844169e+02	1.000000e+30	7.728917e-03	2.257504e+03	7.424959e+02	3.209369e+01	6.790631e+01	1.985399e+01	1.460110e-01	1.000000e+30	1.087438e-02	2.308739e-01	2.769126e+00	5.890881e-01	2.440385e+00	3.290446e+01	3.596757e+00	4.891496e+02	0.000000e+00	1	3.844723e-03
1.698918e+02	4.524405e+01	1.000000e+30	1.793513e+02	1.000000e+30	1.628995e-01	2.310810e+03	6.891905e+02	3.817016e+01	6.182984e+01	1.945948e+01	5.405196e-01	1.000000e+30	1.136217e-02	2.211966e-01	2.778803e+00	5.894494e-01	2.219880e+00	3.337558e+01	3.791580e+00	3.849640e+02	0.000000e+00	1	3.817646e-03
1.485137e+02	5.318402e+02	1.000000e+30	1.583731e+02	1.000000e+30	4.818617e-02	2.337729e+03	6.622713e+02	5.242894e+01	4.757106e+01	1.985941e+01	1.405938e-01	1.000000e+30	1.161918e-02	2.202036e-01	2.779796e+00	5.899624e-01	2.230865e+00	3.198856e+01	3.438166e+00	3.274066e+01	0.000000e+00	1	3.788941e-03
1.750140e+02	3.474285e+01	1.000000e+30	1.849502e+02	1.000000e+30	1.108699e-02	2.266509e+03	7.334911e+02	3.200442e+01	6.799558e+01	1.993621e+01	6.379247e-02	1.000000e+30	1.095557e-02	2.281202e-01	2.771880e+00	5.898263e-01	2.427559e+00	3.315172e+01	3.593563e+00	5.015274e+02	0.000000e+00	1	3.753801e-03
1.874869e+02	2.428021e+01	1.000000e+30	1.974642e+02	1.000000e+30	4.945629e-02	2.254719e+03	7.452812e+02	2.345105e+01	7.654895e+01	1.997731e+01	2.269445e-02	1.000000e+30	1.085662e-02	2.265004e-01	2.773500e+00	5.867558e-01	2.445639e+00	3.405364e+01	3.739472e+00	7.177135e+02	0.000000e+00	1	3.749365e-03
1.879328e+02	2.390549e+01	1.000000e+30	1.979253e+02	1.000000e+30	4.477798e-02	2.251558e+03	7.484419e+02	2.289875e+01	7.710125e+01	1.999243e+01	7.567016e-03	1.000000e+30	1.082866e-02	2.273476e-01	2.772652e+00	5.894767e-01	2.445534e+00	3.401127e+01	3.735872e+00	7.289841e+02	0.000000e+00	1	3.749365e-03
1.473606e+02	1.054830e+03	1.000000e+30	1.573406e+02	1.000000e+30	7.098607e-03	2.388937e+03	6.110626e+02	5.515307e+01	4.484693e+01	1.997994e+01	2.005939e-02	1.000000e+30	1.216362e-02	1.991903e-01	2.800810e+00	5.895291e-01	2.217919e+00	3.354829e+01	3.274257e+00	1.649860e+01	0.000000e+00	1	3.736604e-03
1.814633e+02	2.876576e+01	1.000000e+30	1.912263e+02	1.000000e+30	1.781415e-03	2.228399e+03	7.716010e+02	2.653255e+01	7.346745e+01	1.976298e+01	2.370209e-01	1.000000e+30	1.062467e-02	2.356806e-01	2.764319e+00	5.893193e-01	2.493322e+00	3.294860e+01	3.653217e+00	6.059399e+02	0.000000e+00	1	3.707690e-03
1.703252e+02	4.268170e+01	1.000000e+30	1.802161e+02	1.000000e+30	1.131902e-01	2.311848e+03	6.881521e+02	3.735594e+01	6.264406e+01	1.989091e+01	1.090877e-01	1.000000e+30	1.137465e-02	2.190221e-01	2.780978e+00	5.881494e-01	2.270059e+00	3.357859e+01	3.702920e+00	4.080696e+02	0.000000e+00	1	3.702598e-03
1.707648e+02	4.226849e+01	1.000000e+30	1.804449e+02	1.000000e+30	1.093851e-01	2.308678e+03	6.913218e+02	3.707591e+01	6.292409e+01	1.968007e+01	3.199330e-01	1.000000e+30	1.134411e-02	2.198823e-01	2.780118e+00	5.894908e-01	2.273981e+00	3.353821e+01	3.702092e+00	4.120716e+02	0.000000e+00	1	3.700838e-03
1.473956e+02	1.022018e+03	1.000000e+30	1.573652e+02	1.000000e+30	6.703304e-03	2.388764e+03	6.112359e+02	5.512618e+01	4.487382e+01	1.996967e+01	3.033028e-02	1.000000e+30	1.216173e-02	1.992427e-01	2.800757e+00	5.896659e-01	2.218260e+00	3.354676e+01	3.273920e+00	1.702831e+01	0.000000e+00	1	3.680467e-03
1.932109e+02	2.168684e+01	1.000000e+30	2.032052e+02	1.000000e+30	6.177325e-03	2.195979e+03	8.040210e+02	1.781121e+01	8.218879e+01	1.999434e+01	5.662483e-03	1.000000e+30	1.036342e-02	2.377304e-01	2.762270e+00	5.761565e-01	2.599137e+00	3.347882e+01	3.756163e+00	8.039402e+02	0.000000e+00	1	3.659617e-03
1.730775e+02	3.789769e+01	1.000000e+30	1.827585e+02	1.000000e+30	4.675116e-02	2.312283e+03	6.877173e+02	3.546057e+01	6.453943e+01	1.968101e+01	3.189938e-01	1.000000e+30	1.138338e-02	2.154120e-01	2.784588e+00	5.886353e-01	2.343609e+00	3.405172e+01	3.591060e+00	4.595783e+02	0.000000e+00	1	3.617647e-03
1.729548e+02	3.789817e+01	1.000000e+30	1.827236e+02	1.000000e+30	4.722907e-02	2.310987e+03	6.890128e+02	3.540672e+01	6.459328e+01	1.976877e+01	2.312313e-01	1.000000e+30	1.137066e-02	2.159318e-01	2.784068e+00	5.886353e-01	2.343990e+00	3.400133e+01	3.593250e+00	4.595783e+02	0.000000e+00	1	3.605540e-03
1.695538e+02	4.524433e+01	1.000000e+30	1.792598e+02	1.000000e+30	1.632492e-01	2.310194e+03	6.898057e+02	3.814405e+01	6.185595e+01	1.970599e+01	2.940055e-01	1.000000e+30	1.135597e-02	2.215667e-01	2.778433e+00	5.891903e-01	2.219880e+00	3.332383e+01	3.791580e+00	3.849640e+02	0.000000e+00	1	3.552019e-03
1.537138e+02	1.392153e+02	1.000000e+30	1.637076e+02	1.000000e+30	5.401710e-02	2.321375e+03	6.786245e+02	4.830779e+01	5.169221e+01	1.999377e+01	6.225852e-03	1.000000e+30	1.145875e-02	2.230972e-01	2.776903e+00	5.891878e-01	2.261456e+00	3.213375e+01	3.499148e+00	1.250985e+02	0.000000e+00	1	3.538027e-03
1.557902e+02	1.082020e+02	1.000000e+30	1.657783e+02	1.000000e+30	7.316129e-02	2.352691e+03	6.473094e+02	4.826519e+01	5.173481e+01	1.998819e+01	1.181387e-02	1.000000e+30	1.177755e-02	2.111814e-01	2.788819e+00	5.897242e-01	2.215544e+00	3.321245e+01	3.499148e+00	1.609028e+02	0.000000e+00	1	3.517710e-03
1.847829e+02	2.601026e+01	1.000000e+30	1.945273e+02	1.000000e+30	5.181620e-03	2.246204e+03	7.537965e+02	2.488118e+01	7.511882e+01	1.974441e+01	2.555918e-01	1.000000e+30	1.078107e-02	2.291588e-01	2.770841e+00	5.896346e-01	2.483421e+00	3.367317e+01	3.652557e+00	6.700266e+02	0.000000e+00	1	3.506842e-03
1.789887e+02	3.133993e+01	1.000000e+30	1.889873e+02	1.000000e+30	6.194934e-02	2.258995e+03	7.410053e+02	2.966091e+01	7.033909e+01	1.999863e+01	1.366005e-03	1.000000e+30	1.088986e-02	2.288678e-01	2.771132e+00	5.782785e-01	2.431182e+00	3.334080e+01	3.721753e+00	5.560207e+02	0.000000e+00	1	3.470036e-03
1.789887e+02	3.133993e+01	1.000000e+30	1.889873e+02	1.000000e+30	6.194934e-02	2.258995e+03	7.410053e+02	2.966091e+01	7.033909e+01	1.999863e+01	1.366005e-03	1.000000e+30	1.088986e-02	2.288678e-01	2.771132e+00	5.782785e-01	2.431182e+00	3.334080e+01	3.721753e+00	5.560207e+02	0.000000e+00	1	3.440703e-03
1.928521e+02	2.173650e+01	1.000000e+30	2.028244e+02	1.000000e+30	5.918912e-02	2.209753e+03	7.902468e+02	1.844225e+01	8.155775e+01	1.997233e+01	2.767075e-02	1.000000e+30	1.047303e-02	2.367487e-01	2.763251e+00	5.846610e-01	2.497675e+00	3.353744e+01	3.838019e+00	8.020148e+02	0.000000e+00	1	3.438589e-03
1.498725e+02	3.091031e+02	1.000000e+30	1.598651e+02	1.000000e+30	6.631037e-02	2.325642e+03	6.743577e+02	5.104665e+01	4.895335e+01	1.999261e+01	7.388706e-03	1.000000e+30	1.149776e-02	2.242528e-01	2.775747e+00	5.891977e-01	2.231236e+00	3.177551e+01	3.496837e+00	5.634022e+01	0.000000e+00	1	3.424516e-03
1.865545e+02	2.493832e+01	1.000000e+30	1.963294e+02	1.000000e+30	4.304741e-02	2.254799e+03	7.452009e+02	2.416085e+01	7.583915e+01	1.977483e+01	2.251653e-01	1.000000e+30	1.085671e-02	2.269356e-01	2.773064e+00	5.889436e-01	2.442111e+00	3.396155e+01	3.722475e+00	6.987734e+02	0.000000e+00	1	3.411560e-03
1.575406e+02	9.128079e+01	1.000000e+30	1.675133e+02	1.000000e+30	7.846271e-02	2.329701e+03	6.702993e+02	4.620044e+01	5.379956e+01	1.997269e+01	2.731321e-02	1.000000e+30	1.154347e-02	2.188347e-01	2.781165e+00	5.897642e-01	2.239518e+00	3.273121e+01	3.551814e+00	1.907754e+02	0.000000e+00	1	3.388971e-03
1.537444e+02	1.392139e+02	1.000000e+30	1.637206e+02	1.000000e+30	5.470717e-02	2.322434e+03	6.775664e+02	4.835166e+01	5.164834e+01	1.997621e+01	2.378752e-02	1.000000e+30	1.146926e-02	2.227162e-01	2.777284e+00	5.890167e-01	2.260345e+00	3.216528e+01	3.499148e+00	1.250985e+02	0.000000e+00	1	3.376791e-03
1.793930e+02	3.059852e+01	1.000000e+30	1.892539e+02	1.000000e+30	4.098224e-02	2.241132e+03	7.588680e+02	2.841062e+01	7.158938e+01	1.986092e+01	1.390845e-01	1.000000e+30	1.073147e-02	2.343915e-01	2.765608e+00	5.898026e-01	2.431182e+00	3.292499e+01	3.703465e+00	5.695843e+02	0.000000e+00	1	3.364833e-03
1.576435e+02	9.128046e+01	1.000000e+30	1.675444e+02	1.000000e+30	7.846271e-02	2.330047e+03	6.699531e+02	4.621498e+01	5.378502e+01	1.990092e+01	9.908005e-02	1.000000e+30	1.154702e-02	2.186532e-01	2.781347e+00	5.897642e-01	2.239518e+00	3.275258e+01	3.551814e+00	1.907754e+02	0.000000e+00	1	3.364163e-03
1.810649e+02	2.923641e+01	1.000000e+30	1.907253e+02	1.000000e+30	3.719099e-03	2.227933e+03	7.720671e+02	2.687649e+01	7.312351e+01	1.966048e+01	3.395235e-01	1.000000e+30	1.062025e-02	2.361217e-01	2.763878e+00	5.898745e-01	2.488350e+00	3.288946e+01	3.655602e+00	5.961880e+02	0.000000e+00	1	3.364075e-03
1.591026e+02	8.046428e+01	1.000000e+30	1.690758e+02	1.000000e+30	7.005940e-02	2.348032e+03	6.519679e+02	4.600539e+01	5.399461e+01	1.997327e+01	2.672744e-02	1.000000e+30	1.173200e-02	2.106940e-01	2.789306e+00	5.869791e-01	2.243116e+00	3.348519e+01	3.517245e+00	2.163794e+02	0.000000e+00	1	3.357091e-03
1.909396e+02	2.254260e+01	1.000000e+30	2.007863e+02	1.000000e+30	1.493992e-02	2.236374e+03	7.636265e+02	2.063102e+01	7.936898e+01	1.984670e+01	1.533050e-01	1.000000e+30	1.069999e-02	2.286104e-01	2.771390e+00	5.816528e-01	2.527870e+00	3.408802e+01	3.713029e+00	7.731582e+02	0.000000e+00	1	3.307869e-03
1.561904e+02	1.028846e+02	1.000000e+30	1.661834e+02	1.000000e+30	6.334206e-02	2.343306e+03	6.566944e+02	4.756784e+01	5.243216e+01	1.999302e+01	6.979900e-03	1.000000e+30	1.168122e-02	2.141406e-01	2.785859e+00	5.895498e-01	2.237163e+00	3.300643e+01	3.496956e+00	1.692353e+02	0.000000e+00	1	3.252658e-03
1.936743e+02	2.163232e+01	1.000000e+30	2.032845e+02	1.000000e+30	8.153544e-03	2.208413e+03	7.915868e+02	1.825605e+01	8.174395e+01	1.961020e+01	3.897974e-01	1.000000e+30	1.046586e-02	2.342969e-01	2.765703e+00	5.761565e-01	2.587927e+00	3.378419e+01	3.747300e+00	8.058829e+02	0.000000e+00	1	3.228140e-03
1.596080e+02	7.588789e+01	1.000000e+30	1.695716e+02	1.000000e+30	4.980264e-02	2.344949e+03	6.550508e+02	4.539224e+01	5.460776e+01	1.996356e+01	3.644003e-02	1.000000e+30	1.170111e-02	2.111313e-01	2.788869e+00	5.893280e-01	2.261597e+00	3.348558e+01	3.485597e+00	2.294352e+02	0.000000e+00	1	3.189753e-03
1.941909e+02	2.114105e+01	1.000000e+30	2.041038e+02	1.000000e+30	5.320788e-03	2.197392e+03	8.026079e+02	1.709404e+01	8.290596e+01	1.991293e+01	8.707167e-02	1.000000e+30	1.037499e-02	2.373257e-01	2.762674e+00	5.804395e-01	2.586147e+00	3.356810e+01	3.756163e+00	8.246856e+02	0.000000e+00	1	3.166904e-03
1.899430e+02	2.329535e+01	1.000000e+30	1.998059e+02	1.000000e+30	2.367301e-02	2.195728e+03	8.042721e+02	1.986118e+01	8.013882e+01	1.986288e+01	1.371179e-01	1.000000e+30	1.035697e-02	2.408945e-01	2.759106e+00	5.865835e-01	2.531763e+00	3.303562e+01	3.773469e+00	7.484340e+02	0.000000e+00	1	3.163632e-03
1.767132e+02	3.372536e+01	1.000000e+30	1.861885e+02	1.000000e+30	1.698234e-02	2.258821e+03	7.411789e+02	3.112182e+01	6.887818e+01	1.947535e+01	5.246525e-01	1.000000e+30	1.088736e-02	2.296126e-01	2.770387e+00	5.881511e-01	2.438931e+00	3.313947e+01	3.623161e+00	5.166941e+02	0.000000e+00	1	3.161344e-03
1.602899e+02	7.195435e+01	1.000000e+30	1.702195e+02	1.000000e+30	4.286122e-02	2.338461e+03	6.615393e+02	4.465647e+01	5.534353e+01	1.992960e+01	7.039951e-02	1.000000e+30	1.163542e-02	2.129721e-01	2.787028e+00	5.898627e-01	2.276180e+00	3.338592e+01	3.485281e+00	2.419939e+02	0.000000e+00	1	3.157596e-03
1.895670e+02	2.339718e+01	1.000000e+30	1.995620e+02	1.000000e+30	1.988610e-02	2.193007e+03	8.069929e+02	1.986850e+01	8.013150e+01	1.999495e+01	5.046023e-03	1.000000e+30	1.033467e-02	2.417299e-01	2.758270e+00	5.873211e-01	2.534379e+00	3.294722e+01	3.767468e+00	7.451936e+02	0.000000e+00	1	3.139068e-03
1.865545e+02	2.493832e+01	1.000000e+30	1.963294e+02	1.000000e+30	4.304741e-02	2.254799e+03	7.452009e+02	2.416085e+01	7.583915e+01	1.977483e+01	2.251653e-01	1.000000e+30	1.085671e-02	2.269356e-01	2.773064e+00	5.889436e-01	2.442111e+00	3.396155e+01	3.722475e+00	6.987734e+02	0.000000e+00	1	3.093002e-03
1.861881e+02	2.536755e+01	1.000000e+30	1.961656e+02	1.000000e+30	8.999629e-03	2.200973e+03	7.990268e+02	2.236033e+01	7.763967e+01	1.997749e+01	2.250602e-02	1.000000e+30	1.039785e-02	2.409444e-01	2.759056e+00	5.878981e-01	2.527596e+00	3.281252e+01	3.721820e+00	6.872684e+02	0.000000e+00	1	3.093002e-03
1.623202e+02	6.392350e+01	1.000000e+30	1.722577e+02	1.000000e+30	5.610433e-02	2.353996e+03	6.460040e+02	4.416539e+01	5.583461e+01	1.993752e+01	6.248254e-02	1.000000e+30	1.179672e-02	2.061878e-01	2.793812e+00	5.870280e-01	2.261618e+00	3.407413e+01	3.497215e+00	2.723517e+02	0.000000e+00	1	3.092171e-03
1.642702e+02	5.638317e+01	1.000000e+30	1.742262e+02	1.000000e+30	5.060625e-02	2.344791e+03	6.552094e+02	4.242625e+01	5.757375e+01	1.995597e+01	4.402939e-02	1.000000e+30	1.170288e-02	2.084637e-01	2.791536e+00	5.874268e-01	2.282205e+00	3.402468e+01	3.510017e+00	3.088036e+02	0.000000e+00	1	3.088387e-03
1.998690e+02	1.897181e+01	1.000000e+30	2.093401e+02	1.000000e+30	3.075159e-02	2.186173e+03	8.138272e+02	1.310159e+01	8.689841e+01	1.947110e+01	5.289047e-01	1.000000e+30	1.028548e-02	2.393025e-01	2.760697e+00	5.886270e-01	2.554417e+00	3.373079e+01	3.840958e+00	9.190635e+02	0.000000e+00	1	3.047724e-03
2.002320e+02	1.870841e+01	1.000000e+30	2.098954e+02	1.000000e+30	5.218272e-02	2.202385e+03	7.976151e+02	1.329371e+01	8.670629e+01	1.966346e+01	3.365410e-01	1.000000e+30	1.041655e-02	2.355576e-01	2.764442e+00	5.883994e-01	2.520122e+00	3.405760e+01	3.864366e+00	9.318794e+02	0.000000e+00	1	3.047724e-03
1.491690e+02	4.191925e+02	1.000000e+30	1.591654e+02	1.000000e+30	1.154181e-01	2.347360e+03	6.526402e+02	5.249193e+01	4.750807e+01	1.999636e+01	3.635205e-03	1.000000e+30	1.171570e-02	2.184378e-01	2.781562e+00	5.898672e-01	2.156862e+00	3.217145e+01	3.552090e+00	4.153485e+01	0.000000e+00	1	3.032026e-03
1.975340e+02	1.964188e+01	1.000000e+30	2.074191e+02	1.000000e+30	2.577268e-02	2.186452e+03	8.135481e+02	1.428136e+01	8.571864e+01	1.988507e+01	1.149282e-01	1.000000e+30	1.028642e-02	2.401416e-01	2.759858e+00	5.889259e-01	2.551636e+00	3.353090e+01	3.820939e+00	8.877093e+02	0.000000e+00	1	2.980258e-03
2.031119e+02	1.757078e+01	1.000000e+30	2.130362e+02	1.000000e+30	9.637034e-03	2.179731e+03	8.202687e+02	1.010076e+01	8.989924e+01	1.992426e+01	7.574492e-02	1.000000e+30	1.023682e-02	2.389737e-01	2.761026e+00	5.896057e-01	2.588944e+00	3.393917e+01	3.821223e+00	9.923951e+02	0.000000e+00	1	2.952686e-03
1.615469e+02	6.850829e+01	1.000000e+30	1.714468e+02	1.000000e+30	1.071353e-01	2.351827e+03	6.481735e+02	4.474973e+01	5.525027e+01	1.989992e+01	1.000845e-01	1.000000e+30	1.177137e-02	2.092425e-01	2.790757e+00	5.885394e-01	2.205732e+00	3.377272e+01	3.591343e+00	2.541316e+02	0.000000e+00	1	2.950196e-03
1.593569e+02	7.780230e+01	1.000000e+30	1.693412e+02	1.000000e+30	6.900731e-02	2.322771e+03	6.772292e+02	4.468169e+01	5.531831e+01	1.998425e+01	1.575178e-02	1.000000e+30	1.147598e-02	2.199721e-01	2.780028e+00	5.899055e-01	2.261579e+00	3.276704e+01	3.552975e+00	2.238407e+02	0.000000e+00	1	2.950088e-03
1.606217e+02	7.028008e+01	1.000000e+30	1.705740e+02	1.000000e+30	4.404204e-02	2.338845e+03	6.611550e+02	4.445743e+01	5.554257e+01	1.995224e+01	4.776477e-02	1.000000e+30	1.163959e-02	2.126323e-01	2.787368e+00	5.893146e-01	2.277361e+00	3.343611e+01	3.488688e+00	2.477578e+02	0.000000e+00	1	2.934388e-03
1.899430e+02	2.329535e+01	1.000000e+30	1.998059e+02	1.000000e+30	2.367301e-02	2.195728e+03	8.042721e+02	1.986118e+01	8.013882e+01	1.986288e+01	1.371179e-01	1.000000e+30	1.035697e-02	2.408945e-01	2.759106e+00	5.865835e-01	2.531763e+00	3.303562e+01	3.773469e+00	7.484340e+02	0.000000e+00	1	2.908486e-03
1.793930e+02	3.059852e+01	1.000000e+30	1.892539e+02	1.000000e+30	4.098224e-02	2.241132e+03	7.588680e+02	2.841062e+01	7.158938e+01	1.986092e+01	1.390845e-01	1.000000e+30	1.073147e-02	2.343915e-01	2.765608e+00	5.898026e-01	2.431182e+00	3.292499e+01	3.703465e+00	5.695843e+02	0.000000e+00	1	2.858649e-03
1.874869e+02	2.428021e+01	1.000000e+30	1.974642e+02	1.000000e+30	4.945629e-02	2.254719e+03	7.452812e+02	2.345105e+01	7.654895e+01	1.997731e+01	2.269445e-02	1.000000e+30	1.085662e-02	2.265004e-01	2.773500e+00	5.867558e-01	2.445639e+00	3.405364e+01	3.739472e+00	7.177135e+02	0.000000e+00	1	2.847877e-03
1.497049e+02	3.215311e+02	1.000000e+30	1.596963e+02	1.000000e+30	6.718807e-02	2.334354e+03	6.656455e+02	5.148865e+01	4.851135e+01	1.999144e+01	8.558053e-03	1.000000e+30	1.158515e-02	2.212660e-01	2.778734e+00	5.890945e-01	2.221459e+00	3.199222e+01	3.485146e+00	5.415775e+01	0.000000e+00	1	2.836459e-03
1.645772e+02	5.611788e+01	1.000000e+30	1.745646e+02	1.000000e+30	1.136597e-01	2.335967e+03	6.640327e+02	4.199888e+01	5.800112e+01	1.998739e+01	1.260676e-02	1.000000e+30	1.161028e-02	2.137380e-01	2.786262e+00	5.891953e-01	2.223821e+00	3.361931e+01	3.641451e+00	3.102925e+02	0.000000e+00	1	2.827410e-03
1.546472e+02	1.243177e+02	1.000000e+30	1.646163e+02	1.000000e+30	6.600425e-02	2.343046e+03	6.569536e+02	4.864566e+01	5.135434e+01	1.996908e+01	3.092375e-02	1.000000e+30	1.167752e-02	2.150627e-01	2.784937e+00	5.880916e-01	2.233994e+00	3.282485e+01	3.495144e+00	1.400587e+02	0.000000e+00	1	2.816066e-03
1.515974e+02	2.012412e+02	1.000000e+30	1.615527e+02	1.000000e+30	6.631037e-02	2.331733e+03	6.682674e+02	5.017320e+01	4.982680e+01	1.995530e+01	4.470107e-02	1.000000e+30	1.156012e-02	2.210746e-01	2.778925e+00	5.891977e-01	2.231236e+00	3.214123e+01	3.496837e+00	8.653219e+01	0.000000e+00	1	2.807744e-03
2.034188e+02	1.743635e+01	1.000000e+30	2.133500e+02	1.000000e+30	1.129406e-02	2.185793e+03	8.142070e+02	1.006875e+01	8.993125e+01	1.993115e+01	6.885358e-02	1.000000e+30	1.028532e-02	2.373736e-01	2.762626e+00	5.898212e-01	2.582360e+00	3.408767e+01	3.818645e+00	9.999970e+02	0.000000e+00	1	2.789926e-03
1.710364e+02	4.102751e+01	1.000000e+30	1.810157e+02	1.000000e+30	1.086583e-01	2.308636e+03	6.913642e+02	3.660853e+01	6.339147e+01	1.997936e+01	2.064394e-02	1.000000e+30	1.134392e-02	2.197289e-01	2.780271e+00	5.894496e-01	2.275713e+00	3.356833e+01	3.702092e+00	4.245359e+02	0.000000e+00	1	2.765562e-03
1.504958e+02	2.430836e+02	1.000000e+30	1.604747e+02	1.000000e+30	1.558139e-02	2.377937e+03	6.220633e+02	5.264359e+01	4.735641e+01	1.997884e+01	2.115708e-02	1.000000e+30	1.204486e-02	2.022431e-01	2.797757e+00	5.894449e-01	2.231912e+00	3.353980e+01	3.324270e+00	7.160210e+01	0.000000e+00	1	2.719145e-03
1.733896e+02	3.789764e+01	1.000000e+30	1.828561e+02	1.000000e+30	4.722907e-02	2.312385e+03	6.876154e+02	3.546536e+01	6.453464e+01	1.946651e+01	5.334862e-01	1.000000e+30	1.138456e-02	2.152327e-01	2.784767e+00	5.886353e-01	2.343990e+00	3.408680e+01	3.593250e+00	4.595783e+02	0.000000e+00	1	2.711693e-03
1.642702e+02	5.638317e+01	1.000000e+30	1.742262e+02	1.000000e+30	5.060625e-02	2.344791e+03	6.552094e+02	4.242625e+01	5.757375e+01	1.995597e+01	4.402939e-02	1.000000e+30	1.170288e-02	2.084637e-01	2.791536e+00	5.874268e-01	2.282205e+00	3.402468e+01	3.510017e+00	3.088036e+02	0.000000e+00	1	2.696912e-03
1.497049e+02	3.215311e+02	1.000000e+30	1.596963e+02	1.000000e+30	6.718807e-02	2.334354e+03	6.656455e+02	5.148865e+01	4.851135e+01	1.999144e+01	8.558053e-03	1.000000e+30	1.158515e-02	2.212660e-01	2.778734e+00	5.890945e-01	2.221459e+00	3.199222e+01	3.485146e+00	5.415775e+01	0.000000e+00	1	2.678444e-03
1.775898e+02	3.223380e+01	1.000000e+30	1.872407e+02	1.000000e+30	2.188971e-02	2.287245e+03	7.127548e+02	3.141183e+01	6.858817e+01	1.965097e+01	3.490297e-01	1.000000e+30	1.114822e-02	2.205458e-01	2.779454e+00	5.881472e-01	2.410314e+00	3.392517e+01	3.599058e+00	5.404606e+02	0.000000e+00	1	2.674130e-03
1.733896e+02	3.789764e+01	1.000000e+30	1.828561e+02	1.000000e+30	4.722907e-02	2.312385e+03	6.876154e+02	3.546536e+01	6.453464e+01	1.946651e+01	5.334862e-01	1.000000e+30	1.138456e-02	2.152327e-01	2.784767e+00	5.886353e-01	2.343990e+00	3.408680e+01	3.593250e+00	4.595783e+02	0.000000e+00	1	2.596645e-03
1.755605e+02	3.466838e+01	1.000000e+30	1.850944e+02	1.000000e+30	8.346106e-03	2.272847e+03	7.271534e+02	3.222961e+01	6.777039e+01	1.953385e+01	4.661481e-01	1.000000e+30	1.101384e-02	2.258113e-01	2.774189e+00	5.898263e-01	2.426637e+00	3.337092e+01	3.582468e+00	5.025750e+02	0.000000e+00	1	2.585226e-03
1.581434e+02	9.001329e+01	1.000000e+30	1.680340e+02	1.000000e+30	1.188822e-01	2.313515e+03	6.864851e+02	4.542509e+01	5.457491e+01	1.989052e+01	1.094831e-01	1.000000e+30	1.138193e-02	2.253793e-01	2.774621e+00	5.895876e-01	2.218677e+00	3.226218e+01	3.652311e+00	1.934934e+02	0.000000e+00	1	2.559277e-03
1.739918e+02	3.627752e+01	1.000000e+30	1.839168e+02	1.000000e+30	1.935163e-02	2.261068e+03	7.389325e+02	3.256813e+01	6.743187e+01	1.992494e+01	7.505964e-02	1.000000e+30	1.090539e-02	2.305160e-01	2.769484e+00	5.894659e-01	2.421189e+00	3.289687e+01	3.611931e+00	4.803353e+02	0.000000e+00	1	2.558755e-03
1.499621e+02	3.091021e+02	1.000000e+30	1.598908e+02	1.000000e+30	6.631037e-02	2.325963e+03	6.740369e+02	5.106014e+01	4.893986e+01	1.992865e+01	7.135422e-02	1.000000e+30	1.150103e-02	2.240868e-01	2.775913e+00	5.891977e-01	2.231236e+00	3.179452e+01	3.496837e+00	5.634022e+01	0.000000e+00	1	2.547020e-03
1.486748e+02	4.397855e+02	1.000000e+30	1.586633e+02	1.000000e+30	1.184149e-02	2.384614e+03	6.153856e+02	5.411381e+01	4.588619e+01	1.998858e+01	1.141950e-02	1.000000e+30	1.211670e-02	2.003952e-01	2.799605e+00	5.893689e-01	2.222557e+00	3.355133e+01	3.297159e+00	3.957391e+01	0.000000e+00	1	2.517720e-03
1.690203e+02	4.594985e+01	1.000000e+30	1.788851e+02	1.000000e+30	1.635167e-01	2.298939e+03	7.010612e+02	3.789611e+01	6.210389e+01	1.986478e+01	1.352229e-01	1.000000e+30	1.124708e-02	2.256379e-01	2.774362e+00	5.896080e-01	2.227403e+00	3.296500e+01	3.805188e+00	3.790949e+02	0.000000e+00	1	2.489120e-03
1.739918e+02	3.627752e+01	1.000000e+30	1.839168e+02	1.000000e+30	1.935163e-02	2.261068e+03	7.389325e+02	3.256813e+01	6.743187e+01	1.992494e+01	7.505964e-02	1.000000e+30	1.090539e-02	2.305160e-01	2.769484e+00	5.894659e-01	2.421189e+00	3.289687e+01	3.611931e+00	4.803353e+02	0.000000e+00	1	2.466548e-03
2.002320e+02	1.870841e+01	1.000000e+30	2.098954e+02	1.000000e+30	5.218272e-02	2.202385e+03	7.976151e+02	1.329371e+01	8.670629e+01	1.966346e+01	3.365410e-01	1.000000e+30	1.041655e-02	2.355576e-01	2.764442e+00	5.883994e-01	2.520122e+00	3.405760e+01	3.864366e+00	9.318794e+02	0.000000e+00	1	2.416327e-03
1.703252e+02	4.268170e+01	1.000000e+30	1.802161e+02	1.000000e+30	1.131902e-01	2.311848e+03	6.881521e+02	3.735594e+01	6.264406e+01	1.989091e+01	1.090877e-01	1.000000e+30	1.137465e-02	2.190221e-01	2.780978e+00	5.881494e-01	2.270059e+00	3.357859e+01	3.702920e+00	4.080696e+02	0.000000e+00	1	2.414374e-03
1.941909e+02	2.114105e+01	1.000000e+30	2.041038e+02	1.000000e+30	5.320788e-03	2.197392e+03	8.026079e+02	1.709404e+01	8.290596e+01	1.991293e+01	8.707167e-02	1.000000e+30	1.037499e-02	2.373257e-01	2.762674e+00	5.804395e-01	2.586147e+00	3.356810e+01	3.756163e+00	8.246856e+02	0.000000e+00	1	2.409348e-03
2.005188e+02	1.841940e+01	1.000000e+30	2.105107e+02	1.000000e+30	5.040263e-02	2.200269e+03	7.997306e+02	1.265843e+01	8.734157e+01	1.999186e+01	8.140857e-03	1.000000e+30	1.039925e-02	2.360617e-01	2.763938e+00	5.896778e-01	2.520122e+00	3.403245e+01	3.864366e+00	9.465179e+02	0.000000e+00	1	2.392442e-03
1.592867e+02	7.856791e+01	1.000000e+30	1.692330e+02	1.000000e+30	6.918689e-02	2.322757e+03	6.772428e+02	4.476253e+01	5.523747e+01	1.994625e+01	5.375246e-02	1.000000e+30	1.147578e-02	2.200270e-01	2.779973e+00	5.899578e-01	2.261012e+00	3.275792e+01	3.552975e+00	2.216595e+02	0.000000e+00	1	2.391477e-03
1.707648e+02	4.226849e+01	1.000000e+30	1.804449e+02	1.000000e+30	1.093851e-01	2.308678e+03	6.913218e+02	3.707591e+01	6.292409e+01	1.968007e+01	3.199330e-01	1.000000e+30	1.134411e-02	2.198823e-01	2.780118e+00	5.894908e-01	2.273981e+00	3.353821e+01	3.702092e+00	4.120716e+02	0.000000e+00	1	2.387776e-03
1.696078e+02	4.524425e+01	1.000000e+30	1.792760e+02	1.000000e+30	1.632492e-01	2.310372e+03	6.896277e+02	3.815153e+01	6.184847e+01	1.966824e+01	3.317591e-01	1.000000e+30	1.135774e-02	2.214782e-01	2.778522e+00	5.891903e-01	2.219880e+00	3.333444e+01	3.791580e+00	3.849640e+02	0.000000e+00	1	2.363014e-03
1.823722e+02	2.779669e+01	1.000000e+30	1.921594e+02	1.000000e+30	7.508024e-03	2.245682e+03	7.543180e+02	2.646461e+01	7.353539e+01	1.978721e+01	2.127895e-01	1.000000e+30	1.077480e-02	2.305424e-01	2.769458e+00	5.896361e-01	2.473793e+00	3.341465e+01	3.646927e+00	6.269693e+02	0.000000e+00	1	2.312311e-03
1.655114e+02	5.216516e+01	1.000000e+30	1.754637e+02	1.000000e+30	4.612341e-02	2.321508e+03	6.784924e+02	4.052974e+01	5.947026e+01	1.995236e+01	4.764365e-02	1.000000e+30	1.146879e-02	2.162672e-01	2.783733e+00	5.895553e-01	2.307934e+00	3.347949e+01	3.541227e+00	3.338521e+02	0.000000e+00	1	2.299235e-03
1.978085e+02	1.953683e+01	1.000000e+30	2.077931e+02	1.000000e+30	2.976903e-02	2.177848e+03	8.221521e+02	1.374209e+01	8.625791e+01	1.998459e+01	1.541115e-02	1.000000e+30	1.021766e-02	2.423821e-01	2.757618e+00	5.895398e-01	2.552757e+00	3.336529e+01	3.839548e+00	8.925444e+02	0.000000e+00	1	2.294894e-03
