# This file contains runtime information


 Initialization done, now performing first generation
 gen = 1
 gen = 2
 gen = 3
 gen = 4
 gen = 5
 gen = 6
 gen = 7
 gen = 8
 gen = 9
 gen = 10
 gen = 11
 gen = 12
 gen = 13
 gen = 14
 gen = 15
 gen = 16
 gen = 17
 gen = 18
 gen = 19
 gen = 20
 gen = 21
 gen = 22
 gen = 23
 gen = 24
 gen = 25
 gen = 26
 gen = 27
 gen = 28
 gen = 29
 gen = 30
 gen = 31
 gen = 32
 gen = 33
 gen = 34
 gen = 35
 gen = 36
 gen = 37
 gen = 38
 gen = 39
 gen = 40
 gen = 41
 gen = 42
 gen = 43
 gen = 44
 gen = 45
 gen = 46
 gen = 47
 gen = 48
 gen = 49
 gen = 50
 gen = 51
 gen = 52
 gen = 53
 gen = 54
 gen = 55
 gen = 56
 gen = 57
 gen = 58
 gen = 59
 gen = 60
 gen = 61
 gen = 62
 gen = 63
 gen = 64
 gen = 65
 gen = 66
 gen = 67
 gen = 68
 gen = 69
 gen = 70
 gen = 71
 gen = 72
 gen = 73
 gen = 74
 gen = 75
 gen = 76
 gen = 77
 gen = 78
 gen = 79
 gen = 80
 gen = 81
 gen = 82
 gen = 83
 gen = 84
 gen = 85
 gen = 86
 gen = 87
 gen = 88
 gen = 89
 gen = 90
 gen = 91
 gen = 92
 gen = 93
 gen = 94
 gen = 95
 gen = 96
 gen = 97
 gen = 98
 gen = 99
 gen = 100
 gen = 101
 gen = 102
 gen = 103
 gen = 104
 gen = 105
 gen = 106
 gen = 107
 gen = 108
 gen = 109
 gen = 110
 gen = 111
 gen = 112
 gen = 113
 gen = 114
 gen = 115
 gen = 116
 gen = 117
 gen = 118
 gen = 119
 gen = 120
 gen = 121
 gen = 122
 gen = 123
 gen = 124
 gen = 125
 gen = 126
 gen = 127
 gen = 128
 gen = 129
 gen = 130
 gen = 131
 gen = 132
 gen = 133
 gen = 134
 gen = 135
 gen = 136
 gen = 137
 gen = 138
 gen = 139
 gen = 140
 gen = 141
 gen = 142
 gen = 143
 gen = 144
 gen = 145
 gen = 146
 gen = 147
 gen = 148
 gen = 149
 gen = 150
 gen = 151
 gen = 152
 gen = 153
 gen = 154
 gen = 155
 gen = 156
 gen = 157
 gen = 158
 gen = 159
 gen = 160
 gen = 161
 gen = 162
 gen = 163
 gen = 164
 gen = 165
 gen = 166
 gen = 167
 gen = 168
 gen = 169
 gen = 170
 gen = 171
 gen = 172
 gen = 173
 gen = 174
 gen = 175
 gen = 176
 gen = 177
 gen = 178
 gen = 179
 gen = 180
 gen = 181
 gen = 182
 gen = 183
 gen = 184
 gen = 185
 gen = 186
 gen = 187
 gen = 188
 gen = 189
 gen = 190
 gen = 191
 gen = 192
 gen = 193
 gen = 194
 gen = 195
 gen = 196
 gen = 197
 gen = 198
 gen = 199
 gen = 200
 gen = 201
 gen = 202
 gen = 203
 gen = 204
 gen = 205
 gen = 206
 gen = 207
 gen = 208
 gen = 209
 gen = 210
 gen = 211
 gen = 212
 gen = 213
 gen = 214
 gen = 215
 gen = 216
 gen = 217
 gen = 218
 gen = 219
 gen = 220
 gen = 221
 gen = 222
 gen = 223
 gen = 224
 gen = 225
 gen = 226
 gen = 227
 gen = 228
 gen = 229
 gen = 230
 gen = 231
 gen = 232
 gen = 233
 gen = 234
 gen = 235
 gen = 236
 gen = 237
 gen = 238
 gen = 239
 gen = 240
 gen = 241
 gen = 242
 gen = 243
 gen = 244
 gen = 245
 gen = 246
 gen = 247
 gen = 248
 gen = 249
 gen = 250
 gen = 251
 gen = 252
 gen = 253
 gen = 254
 gen = 255
 gen = 256
 gen = 257
 gen = 258
 gen = 259
 gen = 260
 gen = 261
 gen = 262
 gen = 263
 gen = 264
 gen = 265
 gen = 266
 gen = 267
 gen = 268
 gen = 269
 gen = 270
 gen = 271
 gen = 272
 gen = 273
 gen = 274
 gen = 275
 gen = 276
 gen = 277
 gen = 278
 gen = 279
 gen = 280
 gen = 281
 gen = 282
 gen = 283
 gen = 284
 gen = 285
 gen = 286
 gen = 287
 gen = 288
 gen = 289
 gen = 290
 gen = 291
 gen = 292
 gen = 293
 gen = 294
 gen = 295
 gen = 296
 gen = 297
 gen = 298
 gen = 299
 gen = 300
 Generations finished
 Routine successfully exited 
