# This file contains information about inputs as read by the program

 Population size = 240
 Number of generations = 300
 Number of objective functions = 2
 Number of constraints = 14
 Number of variables = 5
 Number of real variables = 5
 Lower limit of real variable 1 = 3.100000e-01
 Upper limit of real variable 1 = 5.900000e-01
 Lower limit of real variable 2 = 2.000000e+00
 Upper limit of real variable 2 = 5.000000e+00
 Lower limit of real variable 3 = 2.500000e+01
 Upper limit of real variable 3 = 5.000000e+01
 Lower limit of real variable 4 = 3.000000e+00
 Upper limit of real variable 4 = 1.200000e+01
 Lower limit of real variable 5 = 0.000000e+00
 Upper limit of real variable 5 = 1.000000e+03
 Probability of crossover of real variable = 6.000000e-01
 Probability of mutation of real variable = 2.000000e-01
 Distribution index for crossover = 1.000000e+01
 Distribution index for mutation = 2.000000e+01
 Number of binary variables = 0
 Seed for random number generator = 1.591113e+09
 Number of crossover of real variable = 0
 Number of mutation of real variable = 0